<?xml version="1.0" encoding="utf-8"?><testsuites name="pytest tests"><testsuite name="pytest" errors="0" failures="0" skipped="1" tests="11" time="3.169" timestamp="2026-03-21T12:18:13.924701+00:00" hostname="agent-env-a95fee8e-f567-4ab2-b5d4-d93502c29479"><testcase classname="backend.tests.test_accounting_fixes.TestFix1LiabilityAccountingEntries" name="test_create_liability_creates_accounting_entries" time="0.602" /><testcase classname="backend.tests.test_accounting_fixes.TestFix1LiabilityAccountingEntries" name="test_liability_creates_double_entry_transactions" time="0.125" /><testcase classname="backend.tests.test_accounting_fixes.TestFix2JournalEntryDateField" name="test_journal_entry_has_transaction_date" time="0.494" /><testcase classname="backend.tests.test_accounting_fixes.TestFix3TrialBalanceTransactionDate" name="test_trial_balance_uses_transaction_date" time="0.431" /><testcase classname="backend.tests.test_accounting_fixes.TestFix3TrialBalanceTransactionDate" name="test_trial_balance_different_periods" time="0.193" /><testcase classname="backend.tests.test_accounting_fixes.TestFix4IndianFYQuarter" name="test_quarter_shows_indian_fy_format" time="0.374" /><testcase classname="backend.tests.test_accounting_fixes.TestFix4IndianFYQuarter" name="test_quarter_date_range_correct" time="0.049" /><testcase classname="backend.tests.test_accounting_fixes.TestFix5DailyClosingOpeningBalance" name="test_daily_closing_today" time="0.395" /><testcase classname="backend.tests.test_accounting_fixes.TestFix5DailyClosingOpeningBalance" name="test_daily_closing_historical_date" time="0.181" /><testcase classname="backend.tests.test_accounting_fixes.TestFix5DailyClosingOpeningBalance" name="test_daily_closing_opening_equals_previous_closing" time="0.120" /><testcase classname="backend.tests.test_accounting_fixes.TestAllFixesIntegration" name="test_full_accounting_flow" time="0.128"><skipped type="pytest.skip" message="Login failed: 429 - {&quot;error&quot;:&quot;Rate limit exceeded: 5 per 1 minute&quot;}">/app/backend/tests/test_accounting_fixes.py:434: Login failed: 429 - {"error":"Rate limit exceeded: 5 per 1 minute"}</skipped></testcase></testsuite></testsuites>