<?xml version="1.0" encoding="utf-8"?><testsuites name="pytest tests"><testsuite name="pytest" errors="0" failures="0" skipped="0" tests="9" time="0.624" timestamp="2026-02-11T12:24:43.573446+00:00" hostname="agent-env-7e43ddfe-24d6-40f1-b429-860e6ba71c37"><testcase classname="backend.tests.test_advance_cash_lock_execution_phase.TestAdvanceCashLockExecutionPhase" name="test_01_login_works" time="0.087" /><testcase classname="backend.tests.test_advance_cash_lock_execution_phase.TestAdvanceCashLockExecutionPhase" name="test_02_proj_0a79eb51_lock_status_execution_phase_only" time="0.093" /><testcase classname="backend.tests.test_advance_cash_lock_execution_phase.TestAdvanceCashLockExecutionPhase" name="test_03_proj_0a79eb51_safe_to_use_calculation" time="0.051" /><testcase classname="backend.tests.test_advance_cash_lock_execution_phase.TestAdvanceCashLockExecutionPhase" name="test_04_proj_17942869_not_signed_off_zero_execution_receipts" time="0.051" /><testcase classname="backend.tests.test_advance_cash_lock_execution_phase.TestAdvanceCashLockExecutionPhase" name="test_05_bulk_lock_status_execution_phase_filtering" time="0.061" /><testcase classname="backend.tests.test_advance_cash_lock_execution_phase.TestAdvanceCashLockExecutionPhase" name="test_06_execution_stage_named_receipts_included" time="0.054" /><testcase classname="backend.tests.test_advance_cash_lock_execution_phase.TestAdvanceCashLockExecutionPhase" name="test_07_commitments_from_execution_ledger_only" time="0.052" /><testcase classname="backend.tests.test_advance_cash_lock_execution_phase.TestAdvanceCashLockExecutionPhase" name="test_08_response_structure_complete" time="0.057" /><testcase classname="backend.tests.test_advance_cash_lock_execution_phase.TestAdvanceCashLockExecutionPhase" name="test_09_bulk_response_structure_complete" time="0.056" /></testsuite></testsuites>