<?xml version="1.0" encoding="utf-8"?><testsuites name="pytest tests"><testsuite name="pytest" errors="0" failures="0" skipped="0" tests="40" time="1.123" timestamp="2026-02-03T13:18:07.623008+00:00" hostname="agent-env-a0f1655f-e62e-4daf-ba6e-ef6b1bfed4ef"><testcase classname="backend.tests.test_advanced_filters.TestAdvancedFiltersSetup" name="test_login_success" time="0.099" /><testcase classname="backend.tests.test_advanced_filters.TestLeadsAdvancedFilters" name="test_leads_basic_fetch" time="0.053" /><testcase classname="backend.tests.test_advanced_filters.TestLeadsAdvancedFilters" name="test_leads_time_filter_this_month" time="0.015" /><testcase classname="backend.tests.test_advanced_filters.TestLeadsAdvancedFilters" name="test_leads_time_filter_last_month" time="0.020" /><testcase classname="backend.tests.test_advanced_filters.TestLeadsAdvancedFilters" name="test_leads_time_filter_this_quarter" time="0.017" /><testcase classname="backend.tests.test_advanced_filters.TestLeadsAdvancedFilters" name="test_leads_time_filter_custom_range" time="0.011" /><testcase classname="backend.tests.test_advanced_filters.TestLeadsAdvancedFilters" name="test_leads_sort_by_created_at_desc" time="0.016" /><testcase classname="backend.tests.test_advanced_filters.TestLeadsAdvancedFilters" name="test_leads_sort_by_created_at_asc" time="0.012" /><testcase classname="backend.tests.test_advanced_filters.TestLeadsAdvancedFilters" name="test_leads_sort_by_updated_at" time="0.011" /><testcase classname="backend.tests.test_advanced_filters.TestLeadsAdvancedFilters" name="test_leads_sort_by_budget_desc" time="0.012" /><testcase classname="backend.tests.test_advanced_filters.TestLeadsAdvancedFilters" name="test_leads_sort_by_budget_asc" time="0.021" /><testcase classname="backend.tests.test_advanced_filters.TestProjectsAdvancedFilters" name="test_projects_basic_fetch" time="0.059" /><testcase classname="backend.tests.test_advanced_filters.TestProjectsAdvancedFilters" name="test_projects_time_filter_this_month" time="0.011" /><testcase classname="backend.tests.test_advanced_filters.TestProjectsAdvancedFilters" name="test_projects_time_filter_last_month" time="0.012" /><testcase classname="backend.tests.test_advanced_filters.TestProjectsAdvancedFilters" name="test_projects_time_filter_this_quarter" time="0.013" /><testcase classname="backend.tests.test_advanced_filters.TestProjectsAdvancedFilters" name="test_projects_time_filter_custom_range" time="0.013" /><testcase classname="backend.tests.test_advanced_filters.TestProjectsAdvancedFilters" name="test_projects_hold_status_active" time="0.014" /><testcase classname="backend.tests.test_advanced_filters.TestProjectsAdvancedFilters" name="test_projects_hold_status_hold" time="0.052" /><testcase classname="backend.tests.test_advanced_filters.TestProjectsAdvancedFilters" name="test_projects_hold_status_deactivated" time="0.010" /><testcase classname="backend.tests.test_advanced_filters.TestProjectsAdvancedFilters" name="test_projects_sort_by_created_at_desc" time="0.013" /><testcase classname="backend.tests.test_advanced_filters.TestProjectsAdvancedFilters" name="test_projects_sort_by_updated_at" time="0.015" /><testcase classname="backend.tests.test_advanced_filters.TestProjectsAdvancedFilters" name="test_projects_sort_by_project_value_desc" time="0.014" /><testcase classname="backend.tests.test_advanced_filters.TestProjectsAdvancedFilters" name="test_projects_sort_by_project_value_asc" time="0.013" /><testcase classname="backend.tests.test_advanced_filters.TestPreSalesAdvancedFilters" name="test_presales_basic_fetch" time="0.049" /><testcase classname="backend.tests.test_advanced_filters.TestPreSalesAdvancedFilters" name="test_presales_time_filter_this_month" time="0.010" /><testcase classname="backend.tests.test_advanced_filters.TestPreSalesAdvancedFilters" name="test_presales_time_filter_last_month" time="0.011" /><testcase classname="backend.tests.test_advanced_filters.TestPreSalesAdvancedFilters" name="test_presales_time_filter_this_quarter" time="0.011" /><testcase classname="backend.tests.test_advanced_filters.TestPreSalesAdvancedFilters" name="test_presales_time_filter_custom_range" time="0.014" /><testcase classname="backend.tests.test_advanced_filters.TestPreSalesAdvancedFilters" name="test_presales_sort_by_created_at_desc" time="0.011" /><testcase classname="backend.tests.test_advanced_filters.TestPreSalesAdvancedFilters" name="test_presales_sort_by_created_at_asc" time="0.013" /><testcase classname="backend.tests.test_advanced_filters.TestPreSalesAdvancedFilters" name="test_presales_sort_by_updated_at" time="0.012" /><testcase classname="backend.tests.test_advanced_filters.TestPreSalesAdvancedFilters" name="test_presales_sort_by_budget_desc" time="0.011" /><testcase classname="backend.tests.test_advanced_filters.TestPreSalesAdvancedFilters" name="test_presales_sort_by_budget_asc" time="0.011" /><testcase classname="backend.tests.test_advanced_filters.TestDesignerFilter" name="test_get_designers_list" time="0.092" /><testcase classname="backend.tests.test_advanced_filters.TestDesignerFilter" name="test_leads_designer_filter" time="0.062" /><testcase classname="backend.tests.test_advanced_filters.TestDesignerFilter" name="test_projects_designer_filter" time="0.022" /><testcase classname="backend.tests.test_advanced_filters.TestCombinedFilters" name="test_leads_time_and_sort" time="0.058" /><testcase classname="backend.tests.test_advanced_filters.TestCombinedFilters" name="test_projects_hold_status_and_sort" time="0.010" /><testcase classname="backend.tests.test_advanced_filters.TestCombinedFilters" name="test_projects_time_and_hold_status" time="0.061" /><testcase classname="backend.tests.test_advanced_filters.TestCombinedFilters" name="test_presales_time_and_sort" time="0.017" /></testsuite></testsuites>