<?xml version="1.0" encoding="utf-8"?><testsuites name="pytest tests"><testsuite name="pytest" errors="0" failures="1" skipped="0" tests="9" time="0.863" timestamp="2026-02-11T12:33:10.848913+00:00" hostname="agent-env-7e43ddfe-24d6-40f1-b429-860e6ba71c37"><testcase classname="backend.tests.test_booking_advance_signoff_reclassification.TestBookingAdvanceSignoffReclassification" name="test_01_login_works" time="0.113" /><testcase classname="backend.tests.test_booking_advance_signoff_reclassification.TestBookingAdvanceSignoffReclassification" name="test_02_signed_off_project_includes_all_receipts" time="0.100" /><testcase classname="backend.tests.test_booking_advance_signoff_reclassification.TestBookingAdvanceSignoffReclassification" name="test_03_not_signed_off_project_excludes_booking_advances" time="0.059" /><testcase classname="backend.tests.test_booking_advance_signoff_reclassification.TestBookingAdvanceSignoffReclassification" name="test_04_safe_to_use_calculation_after_signoff" time="0.059" /><testcase classname="backend.tests.test_booking_advance_signoff_reclassification.TestBookingAdvanceSignoffReclassification" name="test_05_bulk_endpoint_follows_same_logic" time="0.092" /><testcase classname="backend.tests.test_booking_advance_signoff_reclassification.TestBookingAdvanceSignoffReclassification" name="test_06_historical_receipts_not_modified" time="0.096"><failure message="AttributeError: 'list' object has no attribute 'get'">backend/tests/test_booking_advance_signoff_reclassification.py:215: in test_06_historical_receipts_not_modified
    receipts = data.get("receipts", [])
               ^^^^^^^^
E   AttributeError: 'list' object has no attribute 'get'</failure></testcase><testcase classname="backend.tests.test_booking_advance_signoff_reclassification.TestBookingAdvanceSignoffReclassification" name="test_07_response_structure_complete" time="0.050" /><testcase classname="backend.tests.test_booking_advance_signoff_reclassification.TestBookingAdvanceSignoffReclassification" name="test_08_bulk_response_structure_complete" time="0.094" /><testcase classname="backend.tests.test_booking_advance_signoff_reclassification.TestBookingAdvanceSignoffReclassification" name="test_09_signoff_determines_inclusion_logic" time="0.111" /></testsuite></testsuites>