<?xml version="1.0" encoding="utf-8"?><testsuites name="pytest tests"><testsuite name="pytest" errors="0" failures="0" skipped="0" tests="9" time="0.679" timestamp="2026-02-11T12:33:37.249416+00:00" hostname="agent-env-7e43ddfe-24d6-40f1-b429-860e6ba71c37"><testcase classname="backend.tests.test_booking_advance_signoff_reclassification.TestBookingAdvanceSignoffReclassification" name="test_01_login_works" time="0.083" /><testcase classname="backend.tests.test_booking_advance_signoff_reclassification.TestBookingAdvanceSignoffReclassification" name="test_02_signed_off_project_includes_all_receipts" time="0.057" /><testcase classname="backend.tests.test_booking_advance_signoff_reclassification.TestBookingAdvanceSignoffReclassification" name="test_03_not_signed_off_project_excludes_booking_advances" time="0.057" /><testcase classname="backend.tests.test_booking_advance_signoff_reclassification.TestBookingAdvanceSignoffReclassification" name="test_04_safe_to_use_calculation_after_signoff" time="0.055" /><testcase classname="backend.tests.test_booking_advance_signoff_reclassification.TestBookingAdvanceSignoffReclassification" name="test_05_bulk_endpoint_follows_same_logic" time="0.054" /><testcase classname="backend.tests.test_booking_advance_signoff_reclassification.TestBookingAdvanceSignoffReclassification" name="test_06_historical_receipts_not_modified" time="0.096" /><testcase classname="backend.tests.test_booking_advance_signoff_reclassification.TestBookingAdvanceSignoffReclassification" name="test_07_response_structure_complete" time="0.094" /><testcase classname="backend.tests.test_booking_advance_signoff_reclassification.TestBookingAdvanceSignoffReclassification" name="test_08_bulk_response_structure_complete" time="0.050" /><testcase classname="backend.tests.test_booking_advance_signoff_reclassification.TestBookingAdvanceSignoffReclassification" name="test_09_signoff_determines_inclusion_logic" time="0.067" /></testsuite></testsuites>