<?xml version="1.0" encoding="utf-8"?><testsuites name="pytest tests"><testsuite name="pytest" errors="0" failures="0" skipped="0" tests="22" time="1.165" timestamp="2026-02-11T19:07:32.142786+00:00" hostname="agent-env-8951eb1b-67d8-4113-b21b-78d78a74ecde"><testcase classname="backend.tests.test_boq_builder.TestBOQGetOrCreate" name="test_get_boq_returns_200" time="0.148" /><testcase classname="backend.tests.test_boq_builder.TestBOQGetOrCreate" name="test_get_boq_has_required_fields" time="0.013" /><testcase classname="backend.tests.test_boq_builder.TestBOQGetOrCreate" name="test_get_boq_has_rooms_array" time="0.053" /><testcase classname="backend.tests.test_boq_builder.TestBOQGetOrCreate" name="test_get_boq_rooms_have_structure" time="0.025" /><testcase classname="backend.tests.test_boq_builder.TestBOQGetOrCreate" name="test_get_boq_creates_default_rooms_for_new_project" time="0.051" /><testcase classname="backend.tests.test_boq_builder.TestBOQGetOrCreate" name="test_get_boq_invalid_project_returns_404" time="0.009" /><testcase classname="backend.tests.test_boq_builder.TestBOQSave" name="test_save_boq_returns_200" time="0.072" /><testcase classname="backend.tests.test_boq_builder.TestBOQSave" name="test_save_boq_auto_calculates_totals" time="0.056" /><testcase classname="backend.tests.test_boq_builder.TestBOQRoomOperations" name="test_add_room_returns_200" time="0.060" /><testcase classname="backend.tests.test_boq_builder.TestBOQRoomOperations" name="test_delete_room_returns_200" time="0.076" /><testcase classname="backend.tests.test_boq_builder.TestBOQRoomOperations" name="test_delete_room_recalculates_grand_total" time="0.180" /><testcase classname="backend.tests.test_boq_builder.TestBOQStatusTransitions" name="test_status_draft_to_under_review" time="0.020" /><testcase classname="backend.tests.test_boq_builder.TestBOQStatusTransitions" name="test_status_under_review_to_draft" time="0.064" /><testcase classname="backend.tests.test_boq_builder.TestBOQStatusTransitions" name="test_invalid_status_returns_400" time="0.050" /><testcase classname="backend.tests.test_boq_builder.TestBOQVersionHistory" name="test_get_versions_returns_200" time="0.013" /><testcase classname="backend.tests.test_boq_builder.TestBOQVersionHistory" name="test_get_versions_has_versions_array" time="0.012" /><testcase classname="backend.tests.test_boq_builder.TestBOQVersionHistory" name="test_get_versions_has_count" time="0.009" /><testcase classname="backend.tests.test_boq_builder.TestBOQSummary" name="test_get_summary_returns_200" time="0.008" /><testcase classname="backend.tests.test_boq_builder.TestBOQSummary" name="test_get_summary_has_required_fields" time="0.051" /><testcase classname="backend.tests.test_boq_builder.TestBOQSummary" name="test_get_summary_has_room_summary" time="0.010" /><testcase classname="backend.tests.test_boq_builder.TestBOQCalculations" name="test_item_total_calculation" time="0.078" /><testcase classname="backend.tests.test_boq_builder.TestBOQCleanup" name="test_cleanup_test_rooms" time="0.019" /></testsuite></testsuites>