<?xml version="1.0" encoding="utf-8"?><testsuites name="pytest tests"><testsuite name="pytest" errors="0" failures="0" skipped="0" tests="13" time="0.672" timestamp="2026-01-11T14:34:29.721246+00:00" hostname="agent-env-7ce52a8e-6d1a-4bbb-ab8d-f1000c5640e1"><testcase classname="tests.test_cashbook_attachments.TestAttachmentAPIs" name="test_upload_pdf_attachment" time="0.143" /><testcase classname="tests.test_cashbook_attachments.TestAttachmentAPIs" name="test_upload_jpg_attachment" time="0.015" /><testcase classname="tests.test_cashbook_attachments.TestAttachmentAPIs" name="test_upload_png_attachment" time="0.015" /><testcase classname="tests.test_cashbook_attachments.TestAttachmentAPIs" name="test_upload_invalid_file_type_rejected" time="0.011" /><testcase classname="tests.test_cashbook_attachments.TestAttachmentAPIs" name="test_list_attachments_for_entity" time="0.028" /><testcase classname="tests.test_cashbook_attachments.TestAttachmentAPIs" name="test_download_attachment" time="0.026" /><testcase classname="tests.test_cashbook_attachments.TestAttachmentAPIs" name="test_delete_attachment" time="0.125" /><testcase classname="tests.test_cashbook_attachments.TestCashBookTransactions" name="test_create_transaction_returns_transaction_id" time="0.040" /><testcase classname="tests.test_cashbook_attachments.TestCashBookTransactions" name="test_get_transactions_includes_docs_column_data" time="0.016" /><testcase classname="tests.test_cashbook_attachments.TestProjectFinanceTransactions" name="test_project_finance_includes_transactions" time="0.035" /><testcase classname="tests.test_cashbook_attachments.TestAttachmentPermissions" name="test_unauthenticated_upload_rejected" time="0.038" /><testcase classname="tests.test_cashbook_attachments.TestAttachmentPermissions" name="test_unauthenticated_list_rejected" time="0.076" /><testcase classname="tests.test_cashbook_attachments.TestAttachmentPermissions" name="test_unauthenticated_download_rejected" time="0.037" /></testsuite></testsuites>