<?xml version="1.0" encoding="utf-8"?><testsuites name="pytest tests"><testsuite name="pytest" errors="0" failures="0" skipped="0" tests="6" time="0.499" timestamp="2026-02-11T12:45:40.673793+00:00" hostname="agent-env-7e43ddfe-24d6-40f1-b429-860e6ba71c37"><testcase classname="backend.tests.test_cash_lock_ui_fix.TestCashLockUIFix" name="test_01_cash_lock_api_returns_outflow_count" time="0.126" /><testcase classname="backend.tests.test_cash_lock_ui_fix.TestCashLockUIFix" name="test_02_cash_lock_api_returns_all_required_fields" time="0.055" /><testcase classname="backend.tests.test_cash_lock_ui_fix.TestCashLockUIFix" name="test_03_cash_lock_ui_renders_when_total_received_positive" time="0.053" /><testcase classname="backend.tests.test_cash_lock_ui_fix.TestCashLockUIFix" name="test_04_signoff_locked_project_has_receipts" time="0.055" /><testcase classname="backend.tests.test_cash_lock_ui_fix.TestCashLockUIFix" name="test_05_backward_compatibility_aliases_match" time="0.056" /><testcase classname="backend.tests.test_cash_lock_ui_fix.TestCashLockUIFix" name="test_06_safe_to_use_calculation" time="0.093" /></testsuite></testsuites>