<?xml version="1.0" encoding="utf-8"?><testsuites name="pytest tests"><testsuite name="pytest" errors="0" failures="6" skipped="0" tests="20" time="0.692" timestamp="2026-02-10T14:23:48.735722+00:00" hostname="agent-env-7e43ddfe-24d6-40f1-b429-860e6ba71c37"><testcase classname="backend.tests.test_credit_purchase_double_posting_fix.TestCreditPurchaseDoublePostingFix" name="test_01_login_works" time="0.102" /><testcase classname="backend.tests.test_credit_purchase_double_posting_fix.TestCreditPurchaseDoublePostingFix" name="test_02_get_initial_project_finance" time="0.016" /><testcase classname="backend.tests.test_credit_purchase_double_posting_fix.TestCreditPurchaseDoublePostingFix" name="test_03_create_credit_purchase_invoice" time="0.029"><failure message="AssertionError: Failed to create credit purchase: {&quot;detail&quot;:&quot;Invalid category 'Materials'. Must be one of: ['Modular Material', 'Hardware &amp; Accessories', 'Factory / Job Work', 'Installation', 'Transportation / Logistics', 'Non-Modular Furniture', 'Site Expense']&quot;}&#10;assert 400 in [200, 201]&#10; +  where 400 = &lt;Response [400]&gt;.status_code">backend/tests/test_credit_purchase_double_posting_fix.py:124: in test_03_create_credit_purchase_invoice
    assert response.status_code in [200, 201], f"Failed to create credit purchase: {response.text}"
E   AssertionError: Failed to create credit purchase: {"detail":"Invalid category 'Materials'. Must be one of: ['Modular Material', 'Hardware &amp; Accessories', 'Factory / Job Work', 'Installation', 'Transportation / Logistics', 'Non-Modular Furniture', 'Site Expense']"}
E   assert 400 in [200, 201]
E    +  where 400 = &lt;Response [400]&gt;.status_code</failure></testcase><testcase classname="backend.tests.test_credit_purchase_double_posting_fix.TestCreditPurchaseDoublePostingFix" name="test_04_verify_actual_cost_unchanged_after_credit_purchase" time="0.014" /><testcase classname="backend.tests.test_credit_purchase_double_posting_fix.TestCreditPurchaseDoublePostingFix" name="test_05_verify_liability_created_with_correct_amount" time="0.017"><failure message="AttributeError: 'TestCreditPurchaseDoublePostingFix' object has no attribute 'test_amount'">backend/tests/test_credit_purchase_double_posting_fix.py:162: in test_05_verify_liability_created_with_correct_amount
    expected_liability = self.initial_remaining_liability + self.test_amount
                                                            ^^^^^^^^^^^^^^^^
E   AttributeError: 'TestCreditPurchaseDoublePostingFix' object has no attribute 'test_amount'</failure></testcase><testcase classname="backend.tests.test_credit_purchase_double_posting_fix.TestCreditPurchaseDoublePostingFix" name="test_06_verify_liability_record_exists" time="0.014"><failure message="AttributeError: 'TestCreditPurchaseDoublePostingFix' object has no attribute 'test_liability_id'">backend/tests/test_credit_purchase_double_posting_fix.py:184: in test_06_verify_liability_record_exists
    if l.get("liability_id") == self.test_liability_id:
                                ^^^^^^^^^^^^^^^^^^^^^^
E   AttributeError: 'TestCreditPurchaseDoublePostingFix' object has no attribute 'test_liability_id'</failure></testcase><testcase classname="backend.tests.test_credit_purchase_double_posting_fix.TestCreditPurchaseDoublePostingFix" name="test_07_settle_liability_payment" time="0.000"><failure message="AttributeError: 'TestCreditPurchaseDoublePostingFix' object has no attribute 'test_amount'">backend/tests/test_credit_purchase_double_posting_fix.py:198: in test_07_settle_liability_payment
    "amount": self.test_amount,
              ^^^^^^^^^^^^^^^^
E   AttributeError: 'TestCreditPurchaseDoublePostingFix' object has no attribute 'test_amount'</failure></testcase><testcase classname="backend.tests.test_credit_purchase_double_posting_fix.TestCreditPurchaseDoublePostingFix" name="test_08_verify_actual_cost_increased_after_payment" time="0.018"><failure message="AttributeError: 'TestCreditPurchaseDoublePostingFix' object has no attribute 'test_amount'">backend/tests/test_credit_purchase_double_posting_fix.py:226: in test_08_verify_actual_cost_increased_after_payment
    expected_actual_cost = self.initial_actual_cost + self.test_amount
                                                      ^^^^^^^^^^^^^^^^
E   AttributeError: 'TestCreditPurchaseDoublePostingFix' object has no attribute 'test_amount'</failure></testcase><testcase classname="backend.tests.test_credit_purchase_double_posting_fix.TestCreditPurchaseDoublePostingFix" name="test_09_verify_remaining_liability_zero_after_payment" time="0.013" /><testcase classname="backend.tests.test_credit_purchase_double_posting_fix.TestCreditPurchaseDoublePostingFix" name="test_10_verify_liability_status_closed" time="0.012"><failure message="AttributeError: 'TestCreditPurchaseDoublePostingFix' object has no attribute 'test_liability_id'">backend/tests/test_credit_purchase_double_posting_fix.py:263: in test_10_verify_liability_status_closed
    if l.get("liability_id") == self.test_liability_id:
                                ^^^^^^^^^^^^^^^^^^^^^^
E   AttributeError: 'TestCreditPurchaseDoublePostingFix' object has no attribute 'test_liability_id'</failure></testcase><testcase classname="backend.tests.test_credit_purchase_double_posting_fix.TestCashbookExcludesCreditPurchases" name="test_01_daybook_excludes_credit_purchases" time="0.058" /><testcase classname="backend.tests.test_credit_purchase_double_posting_fix.TestCashbookExcludesCreditPurchases" name="test_02_cashbook_transactions_exclude_credit_purchases" time="0.033" /><testcase classname="backend.tests.test_credit_purchase_double_posting_fix.TestProjectFinanceExcludesCreditPurchases" name="test_01_project_finance_transactions_exclude_credit_purchases" time="0.056" /><testcase classname="backend.tests.test_credit_purchase_double_posting_fix.TestRegressionOtherFinanceEndpoints" name="test_01_finance_dashboard_works" time="0.061" /><testcase classname="backend.tests.test_credit_purchase_double_posting_fix.TestRegressionOtherFinanceEndpoints" name="test_02_accounts_list_works" time="0.013" /><testcase classname="backend.tests.test_credit_purchase_double_posting_fix.TestRegressionOtherFinanceEndpoints" name="test_03_liabilities_list_works" time="0.015" /><testcase classname="backend.tests.test_credit_purchase_double_posting_fix.TestRegressionOtherFinanceEndpoints" name="test_04_execution_ledger_works" time="0.014" /><testcase classname="backend.tests.test_credit_purchase_double_posting_fix.TestRegressionOtherFinanceEndpoints" name="test_05_vendor_mappings_works" time="0.013" /><testcase classname="backend.tests.test_credit_purchase_double_posting_fix.TestRegressionOtherFinanceEndpoints" name="test_06_project_finance_list_works" time="0.031" /><testcase classname="backend.tests.test_credit_purchase_double_posting_fix.TestRegressionOtherFinanceEndpoints" name="test_07_founder_dashboard_works" time="0.038" /></testsuite></testsuites>