<?xml version="1.0" encoding="utf-8"?><testsuites name="pytest tests"><testsuite name="pytest" errors="0" failures="14" skipped="0" tests="18" time="0.759" timestamp="2026-02-10T14:22:25.478348+00:00" hostname="agent-env-7e43ddfe-24d6-40f1-b429-860e6ba71c37"><testcase classname="backend.tests.test_credit_purchase_double_posting_fix.TestCreditPurchaseDoublePostingFix" name="test_01_login_works" time="0.133" /><testcase classname="backend.tests.test_credit_purchase_double_posting_fix.TestCreditPurchaseDoublePostingFix" name="test_02_get_initial_project_finance" time="0.013"><failure message="AssertionError: Failed to get project finance: {&quot;detail&quot;:&quot;Not Found&quot;}&#10;assert 404 == 200&#10; +  where 404 = &lt;Response [404]&gt;.status_code">backend/tests/test_credit_purchase_double_posting_fix.py:68: in test_02_get_initial_project_finance
    assert response.status_code == 200, f"Failed to get project finance: {response.text}"
E   AssertionError: Failed to get project finance: {"detail":"Not Found"}
E   assert 404 == 200
E    +  where 404 = &lt;Response [404]&gt;.status_code</failure></testcase><testcase classname="backend.tests.test_credit_purchase_double_posting_fix.TestCreditPurchaseDoublePostingFix" name="test_03_create_credit_purchase_invoice" time="0.051"><failure message="AssertionError: Failed to create credit purchase: {&quot;detail&quot;:[{&quot;type&quot;:&quot;missing&quot;,&quot;loc&quot;:[&quot;body&quot;,&quot;vendor_name&quot;],&quot;msg&quot;:&quot;Field required&quot;,&quot;input&quot;:{&quot;project_id&quot;:&quot;proj_4aaba062&quot;,&quot;vendor_id&quot;:&quot;vendor_aa89579c&quot;,&quot;invoice_no&quot;:&quot;TEST-INV-dc14a67c&quot;,&quot;invoice_date&quot;:&quot;2026-02-10&quot;,&quot;execution_date&quot;:&quot;2026-02-10&quot;,&quot;purchase_type&quot;:&quot;credit&quot;,&quot;items&quot;:[{&quot;description&quot;:&quot;Test Credit Purchase Item dc14a67c&quot;,&quot;category&quot;:&quot;Materials&quot;,&quot;quantity&quot;:1,&quot;unit&quot;:&quot;nos&quot;,&quot;unit_price&quot;:15000,&quot;line_total&quot;:15000}],&quot;subtotal&quot;:15000,&quot;gst_rate&quot;:0,&quot;gst_amount&quot;:0,&quot;grand_total&quot;:15000,&quot;remarks&quot;:&quot;Test credit purchase for double-posting fix verification dc14a67c&quot;},&quot;url&quot;:&quot;https://errors.pydantic.dev/2.12/v/missing&quot;},{&quot;type&quot;:&quot;missing&quot;,&quot;loc&quot;:[&quot;body&quot;,&quot;items&quot;,0,&quot;material_name&quot;],&quot;msg&quot;:&quot;Field required&quot;,&quot;input&quot;:{&quot;description&quot;:&quot;Test Credit Purchase Item dc14a67c&quot;,&quot;category&quot;:&quot;Materials&quot;,&quot;quantity&quot;:1,&quot;unit&quot;:&quot;nos&quot;,&quot;unit_price&quot;:15000,&quot;line_total&quot;:15000},&quot;url&quot;:&quot;https://errors.pydantic.dev/2.12/v/missing&quot;},{&quot;type&quot;:&quot;missing&quot;,&quot;loc&quot;:[&quot;body&quot;,&quot;items&quot;,0,&quot;rate&quot;],&quot;msg&quot;:&quot;Field required&quot;,&quot;input&quot;:{&quot;description&quot;:&quot;Test Credit Purchase Item dc14a67c&quot;,&quot;category&quot;:&quot;Materials&quot;,&quot;quantity&quot;:1,&quot;unit&quot;:&quot;nos&quot;,&quot;unit_price&quot;:15000,&quot;line_total&quot;:15000},&quot;url&quot;:&quot;https://errors.pydantic.dev/2.12/v/missing&quot;}]}&#10;assert 422 in [200, 201]&#10; +  where 422 = &lt;Response [422]&gt;.status_code">backend/tests/test_credit_purchase_double_posting_fix.py:113: in test_03_create_credit_purchase_invoice
    assert response.status_code in [200, 201], f"Failed to create credit purchase: {response.text}"
E   AssertionError: Failed to create credit purchase: {"detail":[{"type":"missing","loc":["body","vendor_name"],"msg":"Field required","input":{"project_id":"proj_4aaba062","vendor_id":"vendor_aa89579c","invoice_no":"TEST-INV-dc14a67c","invoice_date":"2026-02-10","execution_date":"2026-02-10","purchase_type":"credit","items":[{"description":"Test Credit Purchase Item dc14a67c","category":"Materials","quantity":1,"unit":"nos","unit_price":15000,"line_total":15000}],"subtotal":15000,"gst_rate":0,"gst_amount":0,"grand_total":15000,"remarks":"Test credit purchase for double-posting fix verification dc14a67c"},"url":"https://errors.pydantic.dev/2.12/v/missing"},{"type":"missing","loc":["body","items",0,"material_name"],"msg":"Field required","input":{"description":"Test Credit Purchase Item dc14a67c","category":"Materials","quantity":1,"unit":"nos","unit_price":15000,"line_total":15000},"url":"https://errors.pydantic.dev/2.12/v/missing"},{"type":"missing","loc":["body","items",0,"rate"],"msg":"Field required","input":{"description":"Test Credit Purchase Item dc14a67c","category":"Materials","quantity":1,"unit":"nos","unit_price":15000,"line_total":15000},"url":"https://errors.pydantic.dev/2.12/v/missing"}]}
E   assert 422 in [200, 201]
E    +  where 422 = &lt;Response [422]&gt;.status_code</failure></testcase><testcase classname="backend.tests.test_credit_purchase_double_posting_fix.TestCreditPurchaseDoublePostingFix" name="test_04_verify_actual_cost_unchanged_after_credit_purchase" time="0.013"><failure message="AssertionError: Failed to get project finance: {&quot;detail&quot;:&quot;Not Found&quot;}&#10;assert 404 == 200&#10; +  where 404 = &lt;Response [404]&gt;.status_code">backend/tests/test_credit_purchase_double_posting_fix.py:132: in test_04_verify_actual_cost_unchanged_after_credit_purchase
    assert response.status_code == 200, f"Failed to get project finance: {response.text}"
E   AssertionError: Failed to get project finance: {"detail":"Not Found"}
E   assert 404 == 200
E    +  where 404 = &lt;Response [404]&gt;.status_code</failure></testcase><testcase classname="backend.tests.test_credit_purchase_double_posting_fix.TestCreditPurchaseDoublePostingFix" name="test_05_verify_liability_created_with_correct_amount" time="0.051"><failure message="AssertionError: Failed to get project finance: {&quot;detail&quot;:&quot;Not Found&quot;}&#10;assert 404 == 200&#10; +  where 404 = &lt;Response [404]&gt;.status_code">backend/tests/test_credit_purchase_double_posting_fix.py:147: in test_05_verify_liability_created_with_correct_amount
    assert response.status_code == 200, f"Failed to get project finance: {response.text}"
E   AssertionError: Failed to get project finance: {"detail":"Not Found"}
E   assert 404 == 200
E    +  where 404 = &lt;Response [404]&gt;.status_code</failure></testcase><testcase classname="backend.tests.test_credit_purchase_double_posting_fix.TestCreditPurchaseDoublePostingFix" name="test_06_verify_liability_record_exists" time="0.015"><failure message="AttributeError: 'TestCreditPurchaseDoublePostingFix' object has no attribute 'test_liability_id'">backend/tests/test_credit_purchase_double_posting_fix.py:173: in test_06_verify_liability_record_exists
    if l.get("liability_id") == self.test_liability_id:
                                ^^^^^^^^^^^^^^^^^^^^^^
E   AttributeError: 'TestCreditPurchaseDoublePostingFix' object has no attribute 'test_liability_id'</failure></testcase><testcase classname="backend.tests.test_credit_purchase_double_posting_fix.TestCreditPurchaseDoublePostingFix" name="test_07_settle_liability_payment" time="0.000"><failure message="AttributeError: 'TestCreditPurchaseDoublePostingFix' object has no attribute 'test_amount'">backend/tests/test_credit_purchase_double_posting_fix.py:187: in test_07_settle_liability_payment
    "amount": self.test_amount,
              ^^^^^^^^^^^^^^^^
E   AttributeError: 'TestCreditPurchaseDoublePostingFix' object has no attribute 'test_amount'</failure></testcase><testcase classname="backend.tests.test_credit_purchase_double_posting_fix.TestCreditPurchaseDoublePostingFix" name="test_08_verify_actual_cost_increased_after_payment" time="0.013"><failure message="AssertionError: Failed to get project finance: {&quot;detail&quot;:&quot;Not Found&quot;}&#10;assert 404 == 200&#10; +  where 404 = &lt;Response [404]&gt;.status_code">backend/tests/test_credit_purchase_double_posting_fix.py:211: in test_08_verify_actual_cost_increased_after_payment
    assert response.status_code == 200, f"Failed to get project finance: {response.text}"
E   AssertionError: Failed to get project finance: {"detail":"Not Found"}
E   assert 404 == 200
E    +  where 404 = &lt;Response [404]&gt;.status_code</failure></testcase><testcase classname="backend.tests.test_credit_purchase_double_posting_fix.TestCreditPurchaseDoublePostingFix" name="test_09_verify_remaining_liability_zero_after_payment" time="0.051"><failure message="AssertionError: Failed to get project finance: {&quot;detail&quot;:&quot;Not Found&quot;}&#10;assert 404 == 200&#10; +  where 404 = &lt;Response [404]&gt;.status_code">backend/tests/test_credit_purchase_double_posting_fix.py:227: in test_09_verify_remaining_liability_zero_after_payment
    assert response.status_code == 200, f"Failed to get project finance: {response.text}"
E   AssertionError: Failed to get project finance: {"detail":"Not Found"}
E   assert 404 == 200
E    +  where 404 = &lt;Response [404]&gt;.status_code</failure></testcase><testcase classname="backend.tests.test_credit_purchase_double_posting_fix.TestCreditPurchaseDoublePostingFix" name="test_10_verify_liability_status_closed" time="0.015"><failure message="AttributeError: 'TestCreditPurchaseDoublePostingFix' object has no attribute 'test_liability_id'">backend/tests/test_credit_purchase_double_posting_fix.py:252: in test_10_verify_liability_status_closed
    if l.get("liability_id") == self.test_liability_id:
                                ^^^^^^^^^^^^^^^^^^^^^^
E   AttributeError: 'TestCreditPurchaseDoublePostingFix' object has no attribute 'test_liability_id'</failure></testcase><testcase classname="backend.tests.test_credit_purchase_double_posting_fix.TestCashbookExcludesCreditPurchases" name="test_01_daybook_excludes_credit_purchases" time="0.057"><failure message="AssertionError: Failed to get daily summary: {&quot;detail&quot;:&quot;Not Found&quot;}&#10;assert 404 == 200&#10; +  where 404 = &lt;Response [404]&gt;.status_code">backend/tests/test_credit_purchase_double_posting_fix.py:292: in test_01_daybook_excludes_credit_purchases
    assert response.status_code == 200, f"Failed to get daily summary: {response.text}"
E   AssertionError: Failed to get daily summary: {"detail":"Not Found"}
E   assert 404 == 200
E    +  where 404 = &lt;Response [404]&gt;.status_code</failure></testcase><testcase classname="backend.tests.test_credit_purchase_double_posting_fix.TestCashbookExcludesCreditPurchases" name="test_02_cashbook_transactions_exclude_credit_purchases" time="0.051"><failure message="AssertionError: Failed to get cashbook transactions: {&quot;detail&quot;:&quot;Not Found&quot;}&#10;assert 404 == 200&#10; +  where 404 = &lt;Response [404]&gt;.status_code">backend/tests/test_credit_purchase_double_posting_fix.py:305: in test_02_cashbook_transactions_exclude_credit_purchases
    assert response.status_code == 200, f"Failed to get cashbook transactions: {response.text}"
E   AssertionError: Failed to get cashbook transactions: {"detail":"Not Found"}
E   assert 404 == 200
E    +  where 404 = &lt;Response [404]&gt;.status_code</failure></testcase><testcase classname="backend.tests.test_credit_purchase_double_posting_fix.TestProjectFinanceExcludesCreditPurchases" name="test_01_project_finance_transactions_exclude_credit_purchases" time="0.056"><failure message="AssertionError: Failed to get project finance: {&quot;detail&quot;:&quot;Not Found&quot;}&#10;assert 404 == 200&#10; +  where 404 = &lt;Response [404]&gt;.status_code">backend/tests/test_credit_purchase_double_posting_fix.py:348: in test_01_project_finance_transactions_exclude_credit_purchases
    assert response.status_code == 200, f"Failed to get project finance: {response.text}"
E   AssertionError: Failed to get project finance: {"detail":"Not Found"}
E   assert 404 == 200
E    +  where 404 = &lt;Response [404]&gt;.status_code</failure></testcase><testcase classname="backend.tests.test_credit_purchase_double_posting_fix.TestRegressionOtherFinanceEndpoints" name="test_01_finance_dashboard_works" time="0.047"><failure message="AssertionError: Finance dashboard failed: {&quot;detail&quot;:&quot;Not Found&quot;}&#10;assert 404 == 200&#10; +  where 404 = &lt;Response [404]&gt;.status_code">backend/tests/test_credit_purchase_double_posting_fix.py:391: in test_01_finance_dashboard_works
    assert response.status_code == 200, f"Finance dashboard failed: {response.text}"
E   AssertionError: Finance dashboard failed: {"detail":"Not Found"}
E   assert 404 == 200
E    +  where 404 = &lt;Response [404]&gt;.status_code</failure></testcase><testcase classname="backend.tests.test_credit_purchase_double_posting_fix.TestRegressionOtherFinanceEndpoints" name="test_02_accounts_list_works" time="0.010"><failure message="AssertionError: Accounts list failed: {&quot;detail&quot;:&quot;Not Found&quot;}&#10;assert 404 == 200&#10; +  where 404 = &lt;Response [404]&gt;.status_code">backend/tests/test_credit_purchase_double_posting_fix.py:398: in test_02_accounts_list_works
    assert response.status_code == 200, f"Accounts list failed: {response.text}"
E   AssertionError: Accounts list failed: {"detail":"Not Found"}
E   assert 404 == 200
E    +  where 404 = &lt;Response [404]&gt;.status_code</failure></testcase><testcase classname="backend.tests.test_credit_purchase_double_posting_fix.TestRegressionOtherFinanceEndpoints" name="test_03_liabilities_list_works" time="0.011" /><testcase classname="backend.tests.test_credit_purchase_double_posting_fix.TestRegressionOtherFinanceEndpoints" name="test_04_execution_ledger_works" time="0.010" /><testcase classname="backend.tests.test_credit_purchase_double_posting_fix.TestRegressionOtherFinanceEndpoints" name="test_05_vendor_mappings_works" time="0.009" /></testsuite></testsuites>