<?xml version="1.0" encoding="utf-8"?><testsuites name="pytest tests"><testsuite name="pytest" errors="0" failures="5" skipped="0" tests="11" time="2.737" timestamp="2026-02-19T16:45:10.143274+00:00" hostname="agent-env-ca0cfdda-1ef7-4851-8909-e0db1a8eec09"><testcase classname="backend.tests.test_daily_closing_snapshot.TestDailyClosingSnapshotAPI" name="test_daily_snapshot_endpoint_exists" time="0.470" /><testcase classname="backend.tests.test_daily_closing_snapshot.TestDailyClosingSnapshotAPI" name="test_daily_snapshot_returns_correct_structure" time="0.252"><failure message="AssertionError: Missing 'date_display' field&#10;assert 'date_display' in {'accounts': [], 'by_custodian': [], 'by_type': {}, 'date': '2026-02-19', ...}">backend/tests/test_daily_closing_snapshot.py:53: in test_daily_snapshot_returns_correct_structure
    assert "date_display" in data, "Missing 'date_display' field"
E   AssertionError: Missing 'date_display' field
E   assert 'date_display' in {'accounts': [], 'by_custodian': [], 'by_type': {}, 'date': '2026-02-19', ...}</failure></testcase><testcase classname="backend.tests.test_daily_closing_snapshot.TestDailyClosingSnapshotAPI" name="test_daily_snapshot_default_date_is_today" time="0.256"><failure message="KeyError: 'is_today'">backend/tests/test_daily_closing_snapshot.py:83: in test_daily_snapshot_default_date_is_today
    assert data["is_today"] == True, "Expected is_today to be True"
           ^^^^^^^^^^^^^^^^
E   KeyError: 'is_today'</failure></testcase><testcase classname="backend.tests.test_daily_closing_snapshot.TestDailyClosingSnapshotAPI" name="test_daily_snapshot_with_specific_date" time="0.241"><failure message="KeyError: 'is_today'">backend/tests/test_daily_closing_snapshot.py:96: in test_daily_snapshot_with_specific_date
    assert data["is_today"] == False, "Expected is_today to be False for yesterday"
           ^^^^^^^^^^^^^^^^
E   KeyError: 'is_today'</failure></testcase><testcase classname="backend.tests.test_daily_closing_snapshot.TestDailyClosingSnapshotAPI" name="test_daily_snapshot_invalid_date_format" time="0.178" /><testcase classname="backend.tests.test_daily_closing_snapshot.TestDailyClosingSnapshotAPI" name="test_daily_snapshot_summary_totals_calculation" time="0.226"><failure message="KeyError: 'total_upi_wallet'">backend/tests/test_daily_closing_snapshot.py:119: in test_daily_snapshot_summary_totals_calculation
    summary["total_upi_wallet"] +
    ^^^^^^^^^^^^^^^^^^^^^^^^^^^
E   KeyError: 'total_upi_wallet'</failure></testcase><testcase classname="backend.tests.test_daily_closing_snapshot.TestDailyClosingSnapshotAPI" name="test_daily_snapshot_by_type_structure" time="0.198" /><testcase classname="backend.tests.test_daily_closing_snapshot.TestDailyClosingSnapshotPermissions" name="test_unauthenticated_request_returns_401" time="0.204" /><testcase classname="backend.tests.test_daily_closing_snapshot.TestDailyClosingSnapshotPermissions" name="test_founder_role_has_access" time="0.179" /><testcase classname="backend.tests.test_daily_closing_snapshot.TestDailyClosingSnapshotPermissions" name="test_admin_role_has_access" time="0.211" /><testcase classname="backend.tests.test_daily_closing_snapshot.TestDailyClosingSnapshotEmptyState" name="test_empty_accounts_returns_zero_totals" time="0.217"><failure message="KeyError: 'account_count'">backend/tests/test_daily_closing_snapshot.py:240: in test_empty_accounts_returns_zero_totals
    if data["account_count"] == 0:
       ^^^^^^^^^^^^^^^^^^^^^
E   KeyError: 'account_count'</failure></testcase></testsuite></testsuites>