<?xml version="1.0" encoding="utf-8"?><testsuites name="pytest tests"><testsuite name="pytest" errors="0" failures="0" skipped="0" tests="11" time="2.631" timestamp="2026-02-19T16:46:01.289094+00:00" hostname="agent-env-ca0cfdda-1ef7-4851-8909-e0db1a8eec09"><testcase classname="backend.tests.test_daily_closing_snapshot.TestDailyClosingSnapshotAPI" name="test_daily_snapshot_endpoint_exists" time="0.348" /><testcase classname="backend.tests.test_daily_closing_snapshot.TestDailyClosingSnapshotAPI" name="test_daily_snapshot_returns_correct_structure" time="0.233" /><testcase classname="backend.tests.test_daily_closing_snapshot.TestDailyClosingSnapshotAPI" name="test_daily_snapshot_default_date_is_today" time="0.163" /><testcase classname="backend.tests.test_daily_closing_snapshot.TestDailyClosingSnapshotAPI" name="test_daily_snapshot_with_specific_date" time="0.286" /><testcase classname="backend.tests.test_daily_closing_snapshot.TestDailyClosingSnapshotAPI" name="test_daily_snapshot_invalid_date_format" time="0.207" /><testcase classname="backend.tests.test_daily_closing_snapshot.TestDailyClosingSnapshotAPI" name="test_daily_snapshot_summary_totals_calculation" time="0.221" /><testcase classname="backend.tests.test_daily_closing_snapshot.TestDailyClosingSnapshotAPI" name="test_daily_snapshot_by_type_structure" time="0.197" /><testcase classname="backend.tests.test_daily_closing_snapshot.TestDailyClosingSnapshotPermissions" name="test_unauthenticated_request_returns_401" time="0.123" /><testcase classname="backend.tests.test_daily_closing_snapshot.TestDailyClosingSnapshotPermissions" name="test_founder_role_has_access" time="0.314" /><testcase classname="backend.tests.test_daily_closing_snapshot.TestDailyClosingSnapshotPermissions" name="test_admin_role_has_access" time="0.309" /><testcase classname="backend.tests.test_daily_closing_snapshot.TestDailyClosingSnapshotEmptyState" name="test_empty_accounts_returns_zero_totals" time="0.176" /></testsuite></testsuites>