<?xml version="1.0" encoding="utf-8"?><testsuites name="pytest tests"><testsuite name="pytest" errors="0" failures="0" skipped="0" tests="16" time="0.821" timestamp="2026-02-04T18:05:36.092852+00:00" hostname="agent-env-e9a87083-3700-4480-ade9-3de1fa66143d"><testcase classname="backend.tests.test_dashboards.TestSalesDashboardAPI" name="test_sales_dashboard_default_period" time="0.079" /><testcase classname="backend.tests.test_dashboards.TestSalesDashboardAPI" name="test_sales_dashboard_funnel_summary_structure" time="0.042" /><testcase classname="backend.tests.test_dashboards.TestSalesDashboardAPI" name="test_sales_dashboard_conversion_rates" time="0.076" /><testcase classname="backend.tests.test_dashboards.TestSalesDashboardAPI" name="test_sales_dashboard_value_changes" time="0.041" /><testcase classname="backend.tests.test_dashboards.TestSalesDashboardAPI" name="test_sales_dashboard_mtd_period" time="0.041" /><testcase classname="backend.tests.test_dashboards.TestSalesDashboardAPI" name="test_sales_dashboard_qtd_period" time="0.038" /><testcase classname="backend.tests.test_dashboards.TestSalesDashboardAPI" name="test_sales_dashboard_custom_period" time="0.037" /><testcase classname="backend.tests.test_dashboards.TestDesignerDashboardAPI" name="test_designer_dashboard_default_period" time="0.042" /><testcase classname="backend.tests.test_dashboards.TestDesignerDashboardAPI" name="test_designer_dashboard_team_summary" time="0.040" /><testcase classname="backend.tests.test_dashboards.TestDesignerDashboardAPI" name="test_designer_dashboard_designers_array" time="0.055" /><testcase classname="backend.tests.test_dashboards.TestDesignerDashboardAPI" name="test_designer_dashboard_monthly_breakdown" time="0.046" /><testcase classname="backend.tests.test_dashboards.TestDesignerDashboardAPI" name="test_designer_dashboard_mtd_period" time="0.040" /><testcase classname="backend.tests.test_dashboards.TestDesignerDashboardAPI" name="test_designer_dashboard_qtd_period" time="0.040" /><testcase classname="backend.tests.test_dashboards.TestDesignerDashboardAPI" name="test_designer_dashboard_custom_period" time="0.044" /><testcase classname="backend.tests.test_dashboards.TestDashboardAccessControl" name="test_sales_dashboard_requires_auth" time="0.038" /><testcase classname="backend.tests.test_dashboards.TestDashboardAccessControl" name="test_designer_dashboard_requires_auth" time="0.033" /></testsuite></testsuites>