<?xml version="1.0" encoding="utf-8"?><testsuites name="pytest tests"><testsuite name="pytest" errors="0" failures="0" skipped="0" tests="12" time="0.850" timestamp="2026-02-10T12:47:00.342909+00:00" hostname="agent-env-8b4b4e27-f783-4a4d-b930-1f044ac5762c"><testcase classname="backend.tests.test_datetime_timezone_fix.TestDatetimeTimezoneFix" name="test_01_login_works" time="0.111" /><testcase classname="backend.tests.test_datetime_timezone_fix.TestDatetimeTimezoneFix" name="test_02_create_design_submission" time="0.048" /><testcase classname="backend.tests.test_datetime_timezone_fix.TestDatetimeTimezoneFix" name="test_03_submission_appears_in_review_queue" time="0.057" /><testcase classname="backend.tests.test_datetime_timezone_fix.TestDatetimeTimezoneFix" name="test_04_approve_submission" time="0.039" /><testcase classname="backend.tests.test_datetime_timezone_fix.TestDatetimeTimezoneFix" name="test_05_verify_approved_status" time="0.040" /><testcase classname="backend.tests.test_datetime_timezone_fix.TestDatetimeTimezoneFix" name="test_06_queue_shows_zero_pending_after_approval" time="0.052" /><testcase classname="backend.tests.test_datetime_timezone_fix.TestDatetimeEdgeCases" name="test_review_queue_handles_various_deadline_formats" time="0.091" /><testcase classname="backend.tests.test_datetime_timezone_fix.TestDatetimeEdgeCases" name="test_pending_approvals_endpoint" time="0.037" /><testcase classname="backend.tests.test_datetime_timezone_fix.TestFullDesignApprovalFlowFresh" name="test_01_find_available_project" time="0.117" /><testcase classname="backend.tests.test_datetime_timezone_fix.TestFullDesignApprovalFlowFresh" name="test_02_create_fresh_submission" time="0.052" /><testcase classname="backend.tests.test_datetime_timezone_fix.TestFullDesignApprovalFlowFresh" name="test_03_verify_in_queue" time="0.095" /><testcase classname="backend.tests.test_datetime_timezone_fix.TestFullDesignApprovalFlowFresh" name="test_04_approve_and_verify" time="0.045" /></testsuite></testsuites>