<?xml version="1.0" encoding="utf-8"?><testsuites name="pytest tests"><testsuite name="pytest" errors="0" failures="0" skipped="0" tests="8" time="0.555" timestamp="2026-02-03T12:54:45.049808+00:00" hostname="agent-env-a0f1655f-e62e-4daf-ba6e-ef6b1bfed4ef"><testcase classname="backend.tests.test_daybook_detailed_view.TestDaybookDetailedView" name="test_get_daily_transactions_success" time="0.072" /><testcase classname="backend.tests.test_daybook_detailed_view.TestDaybookDetailedView" name="test_transaction_fields_enriched" time="0.056" /><testcase classname="backend.tests.test_daybook_detailed_view.TestDaybookDetailedView" name="test_summary_calculations_correct" time="0.059" /><testcase classname="backend.tests.test_daybook_detailed_view.TestDaybookDetailedView" name="test_invalid_date_format" time="0.060" /><testcase classname="backend.tests.test_daybook_detailed_view.TestDaybookDetailedView" name="test_date_with_no_transactions" time="0.056" /><testcase classname="backend.tests.test_daybook_detailed_view.TestDaybookDetailedView" name="test_project_vendor_enrichment" time="0.053" /><testcase classname="backend.tests.test_daybook_detailed_view.TestDaybookDetailedView" name="test_daily_closing_main_endpoint" time="0.054" /><testcase classname="backend.tests.test_daybook_detailed_view.TestDaybookHistory" name="test_get_closing_history" time="0.092" /></testsuite></testsuites>