<?xml version="1.0" encoding="utf-8"?><testsuites name="pytest tests"><testsuite name="pytest" errors="0" failures="0" skipped="3" tests="18" time="1.011" timestamp="2026-02-09T15:43:25.381157+00:00" hostname="agent-env-8b4b4e27-f783-4a4d-b930-1f044ac5762c"><testcase classname="backend.tests.test_design_approval_routing.TestDesignApprovalRouting" name="test_01_login_works" time="0.143" /><testcase classname="backend.tests.test_design_approval_routing.TestDesignApprovalRouting" name="test_02_design_manager_role_has_design_permissions" time="0.045" /><testcase classname="backend.tests.test_design_approval_routing.TestDesignApprovalRouting" name="test_03_resync_permissions_endpoint_exists" time="0.045" /><testcase classname="backend.tests.test_design_approval_routing.TestDesignApprovalRouting" name="test_04_verify_design_manager_user_permissions" time="0.091" /><testcase classname="backend.tests.test_design_approval_routing.TestDesignApprovalRouting" name="test_05_review_queue_endpoint_works" time="0.050" /><testcase classname="backend.tests.test_design_approval_routing.TestDesignApprovalRouting" name="test_06_get_test_project" time="0.043" /><testcase classname="backend.tests.test_design_approval_routing.TestDesignApprovalRouting" name="test_07_create_design_submission" time="0.039" /><testcase classname="backend.tests.test_design_approval_routing.TestDesignApprovalRouting" name="test_08_verify_submission_in_database" time="0.046" /><testcase classname="backend.tests.test_design_approval_routing.TestDesignApprovalRouting" name="test_09_verify_pending_in_review_queue" time="0.053" /><testcase classname="backend.tests.test_design_approval_routing.TestDesignApprovalRouting" name="test_10_approve_design_submission" time="0.051"><skipped type="pytest.skip" message="No pending submission available">/app/backend/tests/test_design_approval_routing.py:321: No pending submission available</skipped></testcase><testcase classname="backend.tests.test_design_approval_routing.TestDesignApprovalRouting" name="test_11_verify_approved_status" time="0.000"><skipped type="pytest.skip" message="No submission to verify">/app/backend/tests/test_design_approval_routing.py:350: No submission to verify</skipped></testcase><testcase classname="backend.tests.test_design_approval_routing.TestDesignApprovalRouting" name="test_12_test_rejection_requires_notes" time="0.039"><skipped type="pytest.skip" message="Could not create test submission">/app/backend/tests/test_design_approval_routing.py:389: Could not create test submission</skipped></testcase><testcase classname="backend.tests.test_design_approval_routing.TestDesignApprovalRouting" name="test_13_pending_approvals_endpoint" time="0.041" /><testcase classname="backend.tests.test_design_approval_routing.TestDesignApprovalRouting" name="test_14_verify_existing_approved_submission" time="0.040" /><testcase classname="backend.tests.test_design_approval_routing.TestDesignApprovalRouting" name="test_15_permission_check_for_review" time="0.050" /><testcase classname="backend.tests.test_design_approval_routing.TestResyncPermissionsEndpoint" name="test_resync_returns_success" time="0.080" /><testcase classname="backend.tests.test_design_approval_routing.TestResyncPermissionsEndpoint" name="test_resync_returns_fixed_users_list" time="0.039" /><testcase classname="backend.tests.test_design_approval_routing.TestResyncPermissionsEndpoint" name="test_resync_requires_auth" time="0.043" /></testsuite></testsuites>