<?xml version="1.0" encoding="utf-8"?><testsuites name="pytest tests"><testsuite name="pytest" errors="0" failures="0" skipped="0" tests="19" time="0.958" timestamp="2026-02-04T18:32:15.824950+00:00" hostname="agent-env-e9a87083-3700-4480-ade9-3de1fa66143d"><testcase classname="tests.test_designer_assignments.TestDesignerAssignmentSetup" name="test_session_created" time="0.078" /><testcase classname="tests.test_designer_assignments.TestGetDesignerAssignments" name="test_get_assignments_returns_200" time="0.043" /><testcase classname="tests.test_designer_assignments.TestGetDesignerAssignments" name="test_get_assignments_structure" time="0.043" /><testcase classname="tests.test_designer_assignments.TestGetDesignerAssignments" name="test_assignment_record_structure" time="0.043" /><testcase classname="tests.test_designer_assignments.TestGetDesignerAssignments" name="test_get_assignments_nonexistent_project" time="0.038" /><testcase classname="tests.test_designer_assignments.TestGetDesignerAssignments" name="test_get_assignments_requires_auth" time="0.039" /><testcase classname="tests.test_designer_assignments.TestGetDesignerAssignmentOptions" name="test_get_options_returns_200" time="0.037" /><testcase classname="tests.test_designer_assignments.TestGetDesignerAssignmentOptions" name="test_options_contains_roles" time="0.038" /><testcase classname="tests.test_designer_assignments.TestGetDesignerAssignmentOptions" name="test_options_contains_reasons" time="0.033" /><testcase classname="tests.test_designer_assignments.TestCreateDesignerAssignment" name="test_create_assignment_requires_auth" time="0.037" /><testcase classname="tests.test_designer_assignments.TestCreateDesignerAssignment" name="test_create_assignment_invalid_role" time="0.040" /><testcase classname="tests.test_designer_assignments.TestCreateDesignerAssignment" name="test_create_assignment_invalid_reason" time="0.081" /><testcase classname="tests.test_designer_assignments.TestCreateDesignerAssignment" name="test_create_assignment_nonexistent_designer" time="0.042" /><testcase classname="tests.test_designer_assignments.TestEndDesignerAssignment" name="test_end_assignment_requires_auth" time="0.080" /><testcase classname="tests.test_designer_assignments.TestEndDesignerAssignment" name="test_end_assignment_nonexistent" time="0.050" /><testcase classname="tests.test_designer_assignments.TestDesignerAssignmentIntegration" name="test_full_assignment_workflow" time="0.041" /><testcase classname="tests.test_designer_assignments.TestDesignerAssignmentIntegration" name="test_assignment_attribution_fields" time="0.042" /><testcase classname="tests.test_designer_assignments.TestDesignerPerformanceDashboardAttribution" name="test_designer_dashboard_accessible" time="0.039" /><testcase classname="tests.test_designer_assignments.TestDesignerPerformanceDashboardAttribution" name="test_designer_dashboard_structure" time="0.045" /></testsuite></testsuites>