<?xml version="1.0" encoding="utf-8"?><testsuites name="pytest tests"><testsuite name="pytest" errors="0" failures="2" skipped="3" tests="18" time="1.232" timestamp="2026-02-09T15:42:47.663715+00:00" hostname="agent-env-8b4b4e27-f783-4a4d-b930-1f044ac5762c"><testcase classname="backend.tests.test_design_approval_routing.TestDesignApprovalRouting" name="test_01_login_works" time="0.185" /><testcase classname="backend.tests.test_design_approval_routing.TestDesignApprovalRouting" name="test_02_design_manager_role_has_design_permissions" time="0.054"><failure message="AttributeError: 'str' object has no attribute 'get'">backend/tests/test_design_approval_routing.py:83: in test_02_design_manager_role_has_design_permissions
    if role.get("id") == "DesignManager":
       ^^^^^^^^
E   AttributeError: 'str' object has no attribute 'get'</failure></testcase><testcase classname="backend.tests.test_design_approval_routing.TestDesignApprovalRouting" name="test_03_resync_permissions_endpoint_exists" time="0.043" /><testcase classname="backend.tests.test_design_approval_routing.TestDesignApprovalRouting" name="test_04_verify_design_manager_user_permissions" time="0.094" /><testcase classname="backend.tests.test_design_approval_routing.TestDesignApprovalRouting" name="test_05_review_queue_endpoint_works" time="0.051" /><testcase classname="backend.tests.test_design_approval_routing.TestDesignApprovalRouting" name="test_06_get_test_project" time="0.046" /><testcase classname="backend.tests.test_design_approval_routing.TestDesignApprovalRouting" name="test_07_create_design_submission" time="0.041" /><testcase classname="backend.tests.test_design_approval_routing.TestDesignApprovalRouting" name="test_08_verify_submission_in_database" time="0.043"><failure message="KeyError: 0">backend/tests/test_design_approval_routing.py:264: in test_08_verify_submission_in_database
    latest = submissions[0]
             ^^^^^^^^^^^^^^
E   KeyError: 0</failure></testcase><testcase classname="backend.tests.test_design_approval_routing.TestDesignApprovalRouting" name="test_09_verify_pending_in_review_queue" time="0.059" /><testcase classname="backend.tests.test_design_approval_routing.TestDesignApprovalRouting" name="test_10_approve_design_submission" time="0.092"><skipped type="pytest.skip" message="No pending submission available">/app/backend/tests/test_design_approval_routing.py:313: No pending submission available</skipped></testcase><testcase classname="backend.tests.test_design_approval_routing.TestDesignApprovalRouting" name="test_11_verify_approved_status" time="0.000"><skipped type="pytest.skip" message="No submission to verify">/app/backend/tests/test_design_approval_routing.py:342: No submission to verify</skipped></testcase><testcase classname="backend.tests.test_design_approval_routing.TestDesignApprovalRouting" name="test_12_test_rejection_requires_notes" time="0.037"><skipped type="pytest.skip" message="Could not create test submission">/app/backend/tests/test_design_approval_routing.py:381: Could not create test submission</skipped></testcase><testcase classname="backend.tests.test_design_approval_routing.TestDesignApprovalRouting" name="test_13_pending_approvals_endpoint" time="0.048" /><testcase classname="backend.tests.test_design_approval_routing.TestDesignApprovalRouting" name="test_14_verify_existing_approved_submission" time="0.041" /><testcase classname="backend.tests.test_design_approval_routing.TestDesignApprovalRouting" name="test_15_permission_check_for_review" time="0.091" /><testcase classname="backend.tests.test_design_approval_routing.TestResyncPermissionsEndpoint" name="test_resync_returns_success" time="0.125" /><testcase classname="backend.tests.test_design_approval_routing.TestResyncPermissionsEndpoint" name="test_resync_returns_fixed_users_list" time="0.040" /><testcase classname="backend.tests.test_design_approval_routing.TestResyncPermissionsEndpoint" name="test_resync_requires_auth" time="0.039" /></testsuite></testsuites>