<?xml version="1.0" encoding="utf-8"?><testsuites name="pytest tests"><testsuite name="pytest" errors="0" failures="0" skipped="0" tests="19" time="1.234" timestamp="2026-02-05T20:03:28.479664+00:00" hostname="agent-env-736fb7c3-7d22-467f-9b0d-66b86f665d1d"><testcase classname="backend.tests.test_design_approval_gate.TestDesignApprovalGateAPIs" name="test_get_gated_milestones_returns_3_milestones" time="0.117" /><testcase classname="backend.tests.test_design_approval_gate.TestDesignApprovalGateAPIs" name="test_get_gated_milestones_has_statuses" time="0.076" /><testcase classname="backend.tests.test_design_approval_gate.TestDesignApprovalGateAPIs" name="test_get_checklist_design_meeting_2" time="0.039" /><testcase classname="backend.tests.test_design_approval_gate.TestDesignApprovalGateAPIs" name="test_get_checklist_design_meeting_3_final" time="0.038" /><testcase classname="backend.tests.test_design_approval_gate.TestDesignApprovalGateAPIs" name="test_get_checklist_pre_production_signoff" time="0.044" /><testcase classname="backend.tests.test_design_approval_gate.TestDesignApprovalGateAPIs" name="test_get_checklist_invalid_milestone_returns_400" time="0.042" /><testcase classname="backend.tests.test_design_approval_gate.TestDesignApprovalGateAPIs" name="test_get_project_design_approval_status" time="0.050" /><testcase classname="backend.tests.test_design_approval_gate.TestDesignApprovalGateAPIs" name="test_project_has_approved_submission_for_design_meeting_2" time="0.046" /><testcase classname="backend.tests.test_design_approval_gate.TestDesignApprovalGateAPIs" name="test_get_project_design_submissions" time="0.045" /><testcase classname="backend.tests.test_design_approval_gate.TestDesignApprovalGateAPIs" name="test_create_design_submission_for_design_meeting_3" time="0.079" /><testcase classname="backend.tests.test_design_approval_gate.TestDesignApprovalGateAPIs" name="test_sequential_submission_control_blocks_duplicate_pending" time="0.077" /><testcase classname="backend.tests.test_design_approval_gate.TestDesignApprovalGateAPIs" name="test_get_pending_approvals_queue" time="0.034" /><testcase classname="backend.tests.test_design_approval_gate.TestDesignApprovalGateAPIs" name="test_reject_submission_with_review_notes" time="0.078" /><testcase classname="backend.tests.test_design_approval_gate.TestDesignApprovalGateAPIs" name="test_reject_requires_minimum_review_notes" time="0.077" /><testcase classname="backend.tests.test_design_approval_gate.TestDesignApprovalGateAPIs" name="test_approve_submission" time="0.085" /><testcase classname="backend.tests.test_design_approval_gate.TestDesignApprovalGateAPIs" name="test_milestone_gate_allows_completion_after_approval" time="0.037" /><testcase classname="backend.tests.test_design_approval_gate.TestDesignApprovalGateAPIs" name="test_get_specific_submission_details" time="0.076" /><testcase classname="backend.tests.test_design_approval_gate.TestDesignApprovalGateEdgeCases" name="test_invalid_project_returns_404" time="0.070" /><testcase classname="backend.tests.test_design_approval_gate.TestDesignApprovalGateEdgeCases" name="test_invalid_milestone_key_in_submission_returns_400" time="0.039" /></testsuite></testsuites>