<?xml version="1.0" encoding="utf-8"?><testsuites name="pytest tests"><testsuite name="pytest" errors="0" failures="0" skipped="4" tests="9" time="4.265" timestamp="2026-03-23T19:19:26.503538+00:00" hostname="agent-env-edd82766-97b6-4b5d-8a0a-8d52e7805c8f"><testcase classname="backend.tests.test_double_entry_p0_fix.TestDoubleEntryAccountingP0Fix" name="test_liability_creation_success" time="0.487" /><testcase classname="backend.tests.test_double_entry_p0_fix.TestDoubleEntryAccountingP0Fix" name="test_liability_settlement_creates_double_entry" time="0.560" /><testcase classname="backend.tests.test_double_entry_p0_fix.TestDoubleEntryAccountingP0Fix" name="test_full_settlement_closes_liability" time="0.518" /><testcase classname="backend.tests.test_double_entry_p0_fix.TestDoubleEntryAccountingP0Fix" name="test_idempotency_duplicate_settlement_rejected" time="1.634" /><testcase classname="backend.tests.test_double_entry_p0_fix.TestDoubleEntryAccountingP0Fix" name="test_settlement_amount_exceeds_remaining_rejected" time="0.503" /><testcase classname="backend.tests.test_double_entry_p0_fix.TestDoubleEntryAccountingP0Fix" name="test_settlement_on_closed_liability_rejected" time="0.120"><skipped type="pytest.skip" message="Login failed: 429 - {&quot;error&quot;:&quot;Rate limit exceeded: 5 per 1 minute&quot;}">/app/backend/tests/test_double_entry_p0_fix.py:376: Login failed: 429 - {"error":"Rate limit exceeded: 5 per 1 minute"}</skipped></testcase><testcase classname="backend.tests.test_double_entry_p0_fix.TestDoubleEntryAccountingP0Fix" name="test_invoice_payment_creates_double_entry" time="0.108"><skipped type="pytest.skip" message="Login failed: 429 - {&quot;error&quot;:&quot;Rate limit exceeded: 5 per 1 minute&quot;}">/app/backend/tests/test_double_entry_p0_fix.py:443: Login failed: 429 - {"error":"Rate limit exceeded: 5 per 1 minute"}</skipped></testcase><testcase classname="backend.tests.test_double_entry_p0_fix.TestExistingTestData" name="test_existing_liability_lia_e1297573" time="0.119"><skipped type="pytest.skip" message="Login failed: 429">/app/backend/tests/test_double_entry_p0_fix.py:537: Login failed: 429</skipped></testcase><testcase classname="backend.tests.test_double_entry_p0_fix.TestExistingTestData" name="test_existing_invoice_exec_9ce599df7995" time="0.134"><skipped type="pytest.skip" message="Login failed: 429">/app/backend/tests/test_double_entry_p0_fix.py:562: Login failed: 429</skipped></testcase></testsuite></testsuites>