<?xml version="1.0" encoding="utf-8"?><testsuites name="pytest tests"><testsuite name="pytest" errors="0" failures="0" skipped="4" tests="8" time="5.926" timestamp="2026-03-23T19:10:56.809917+00:00" hostname="agent-env-edd82766-97b6-4b5d-8a0a-8d52e7805c8f"><testcase classname="backend.tests.test_double_entry_accounting_fix.TestDoubleEntryAccountingFix" name="test_liability_creation_creates_two_gl_entries" time="0.969" /><testcase classname="backend.tests.test_double_entry_accounting_fix.TestDoubleEntryAccountingFix" name="test_liability_settlement_creates_two_gl_entries" time="1.334" /><testcase classname="backend.tests.test_double_entry_accounting_fix.TestDoubleEntryAccountingFix" name="test_invoice_payment_creates_two_gl_entries" time="0.498"><skipped type="pytest.skip" message="Invoice payment failed: 405">/app/backend/tests/test_double_entry_accounting_fix.py:337: Invoice payment failed: 405</skipped></testcase><testcase classname="backend.tests.test_double_entry_accounting_fix.TestDoubleEntryAccountingFix" name="test_idempotency_different_timestamp_creates_new_pair" time="1.589" /><testcase classname="backend.tests.test_double_entry_accounting_fix.TestDoubleEntryAccountingFix" name="test_double_entry_pairs_have_matching_source_id" time="1.120" /><testcase classname="backend.tests.test_double_entry_accounting_fix.TestDoubleEntryAccountingFix" name="test_entry_roles_correctly_assigned" time="0.130"><skipped type="pytest.skip" message="Login failed: 429 - {&quot;error&quot;:&quot;Rate limit exceeded: 5 per 1 minute&quot;}">/app/backend/tests/test_double_entry_accounting_fix.py:547: Login failed: 429 - {"error":"Rate limit exceeded: 5 per 1 minute"}</skipped></testcase><testcase classname="backend.tests.test_double_entry_accounting_fix.TestDoubleEntryAccountingFix" name="test_both_entries_have_is_double_entry_flag" time="0.107"><skipped type="pytest.skip" message="Login failed: 429 - {&quot;error&quot;:&quot;Rate limit exceeded: 5 per 1 minute&quot;}">/app/backend/tests/test_double_entry_accounting_fix.py:611: Login failed: 429 - {"error":"Rate limit exceeded: 5 per 1 minute"}</skipped></testcase><testcase classname="backend.tests.test_double_entry_accounting_fix.TestExistingLiabilitySettlement" name="test_existing_liability_status" time="0.106"><skipped type="pytest.skip" message="Login failed: 429">/app/backend/tests/test_double_entry_accounting_fix.py:693: Login failed: 429</skipped></testcase></testsuite></testsuites>