<?xml version="1.0" encoding="utf-8"?><testsuites name="pytest tests"><testsuite name="pytest" errors="0" failures="0" skipped="0" tests="9" time="2.891" timestamp="2026-03-23T19:21:34.735634+00:00" hostname="agent-env-edd82766-97b6-4b5d-8a0a-8d52e7805c8f"><testcase classname="backend.tests.test_double_entry_consolidated.TestDoubleEntryAccountingP0Fix" name="test_01_liability_creation_success" time="0.531" /><testcase classname="backend.tests.test_double_entry_consolidated.TestDoubleEntryAccountingP0Fix" name="test_02_liability_settlement_creates_double_entry" time="0.199" /><testcase classname="backend.tests.test_double_entry_consolidated.TestDoubleEntryAccountingP0Fix" name="test_03_full_settlement_closes_liability" time="0.195" /><testcase classname="backend.tests.test_double_entry_consolidated.TestDoubleEntryAccountingP0Fix" name="test_04_idempotency_different_timestamp_creates_new_pair" time="1.230" /><testcase classname="backend.tests.test_double_entry_consolidated.TestDoubleEntryAccountingP0Fix" name="test_05_settlement_amount_exceeds_remaining_rejected" time="0.159" /><testcase classname="backend.tests.test_double_entry_consolidated.TestDoubleEntryAccountingP0Fix" name="test_06_settlement_on_closed_liability_rejected" time="0.219" /><testcase classname="backend.tests.test_double_entry_consolidated.TestDoubleEntryAccountingP0Fix" name="test_07_invoice_payment_creates_double_entry" time="0.168" /><testcase classname="backend.tests.test_double_entry_consolidated.TestExistingTestData" name="test_08_existing_liability_lia_e1297573" time="0.051" /><testcase classname="backend.tests.test_double_entry_consolidated.TestExistingTestData" name="test_09_existing_invoice_exec_9ce599df7995" time="0.057" /></testsuite></testsuites>