<?xml version="1.0" encoding="utf-8"?><testsuites name="pytest tests"><testsuite name="pytest" errors="0" failures="0" skipped="0" tests="18" time="0.792" timestamp="2026-02-11T16:41:26.403931+00:00" hostname="agent-env-8951eb1b-67d8-4113-b21b-78d78a74ecde"><testcase classname="backend.tests.test_employee_classification.TestClassificationSummaryAPI" name="test_classification_summary_returns_data" time="0.095" /><testcase classname="backend.tests.test_employee_classification.TestClassificationSummaryAPI" name="test_classification_summary_has_all_5_classifications" time="0.013" /><testcase classname="backend.tests.test_employee_classification.TestClassificationSummaryAPI" name="test_classification_summary_has_workflow_guidance" time="0.010" /><testcase classname="backend.tests.test_employee_classification.TestClassificationSummaryAPI" name="test_classification_summary_has_eligibility_flags" time="0.013" /><testcase classname="backend.tests.test_employee_classification.TestEmployeesClassificationsAPI" name="test_employees_classifications_returns_grouped_data" time="0.014" /><testcase classname="backend.tests.test_employee_classification.TestEmployeesClassificationsAPI" name="test_employees_classifications_has_rules" time="0.012" /><testcase classname="backend.tests.test_employee_classification.TestClassificationUpdateAPI" name="test_update_classification_success" time="0.092" /><testcase classname="backend.tests.test_employee_classification.TestClassificationUpdateAPI" name="test_update_classification_invalid_type" time="0.012" /><testcase classname="backend.tests.test_employee_classification.TestClassificationHistoryAPI" name="test_classification_history_returns_data" time="0.010" /><testcase classname="backend.tests.test_employee_classification.TestClassificationHistoryAPI" name="test_classification_history_has_rules" time="0.010" /><testcase classname="backend.tests.test_employee_classification.TestSalaryCyclesFiltering" name="test_salary_cycles_filters_to_salary_eligible" time="0.010" /><testcase classname="backend.tests.test_employee_classification.TestSalaryCyclesFiltering" name="test_salary_cycles_include_all_flag" time="0.011" /><testcase classname="backend.tests.test_employee_classification.TestSalaryPaymentValidation" name="test_salary_payment_rejects_trainee" time="0.083" /><testcase classname="backend.tests.test_employee_classification.TestStipendPaymentValidation" name="test_stipend_payment_rejects_permanent" time="0.032" /><testcase classname="backend.tests.test_employee_classification.TestIncentiveValidation" name="test_incentive_accepts_permanent_employee" time="0.065" /><testcase classname="backend.tests.test_employee_classification.TestIncentiveValidation" name="test_incentive_rejects_freelancer" time="0.124" /><testcase classname="backend.tests.test_employee_classification.TestSalaryProcessingStatutoryRules" name="test_salary_processing_rejects_trainee" time="0.085" /><testcase classname="backend.tests.test_employee_classification.TestCleanup" name="test_cleanup_test_incentives" time="0.010" /></testsuite></testsuites>