<?xml version="1.0" encoding="utf-8"?><testsuites name="pytest tests"><testsuite name="pytest" errors="0" failures="0" skipped="0" tests="20" time="0.898" timestamp="2026-02-11T14:15:08.703212+00:00" hostname="agent-env-7e43ddfe-24d6-40f1-b429-860e6ba71c37"><testcase classname="backend.tests.test_employee_compensation_payout.TestDeductionTypes" name="test_get_deduction_types_returns_all_10_types" time="0.107" /><testcase classname="backend.tests.test_employee_compensation_payout.TestDeductionTypes" name="test_deduction_types_have_ledger_mapping" time="0.053" /><testcase classname="backend.tests.test_employee_compensation_payout.TestDeductionTypes" name="test_statutory_deductions_flagged_correctly" time="0.021" /><testcase classname="backend.tests.test_employee_compensation_payout.TestDeductionTypes" name="test_employee_classifications_returned" time="0.012" /><testcase classname="backend.tests.test_employee_compensation_payout.TestIncentiveTypes" name="test_get_incentive_types" time="0.011" /><testcase classname="backend.tests.test_employee_compensation_payout.TestIncentiveTypes" name="test_incentive_types_have_project_linked_flag" time="0.054" /><testcase classname="backend.tests.test_employee_compensation_payout.TestIncentiveTypes" name="test_commission_types_have_ledger_mapping" time="0.013" /><testcase classname="backend.tests.test_employee_compensation_payout.TestSalaryProcessing" name="test_salary_processing_with_deductions" time="0.028" /><testcase classname="backend.tests.test_employee_compensation_payout.TestSalaryProcessing" name="test_salary_processing_invalid_deduction_type" time="0.053" /><testcase classname="backend.tests.test_employee_compensation_payout.TestSalaryProcessing" name="test_salary_processing_negative_net_payable_rejected" time="0.014" /><testcase classname="backend.tests.test_employee_compensation_payout.TestIncentives" name="test_create_incentive" time="0.071" /><testcase classname="backend.tests.test_employee_compensation_payout.TestIncentives" name="test_approve_incentive" time="0.067" /><testcase classname="backend.tests.test_employee_compensation_payout.TestIncentives" name="test_payout_incentive" time="0.093" /><testcase classname="backend.tests.test_employee_compensation_payout.TestIncentives" name="test_get_incentives" time="0.012" /><testcase classname="backend.tests.test_employee_compensation_payout.TestCommissions" name="test_create_commission" time="0.053" /><testcase classname="backend.tests.test_employee_compensation_payout.TestCommissions" name="test_payout_commission" time="0.067" /><testcase classname="backend.tests.test_employee_compensation_payout.TestCommissions" name="test_get_commissions" time="0.015" /><testcase classname="backend.tests.test_employee_compensation_payout.TestEmployeeEarnings" name="test_get_employee_earnings" time="0.013" /><testcase classname="backend.tests.test_employee_compensation_payout.TestEmployeeEarnings" name="test_employee_earnings_includes_salary_cycles" time="0.024" /><testcase classname="backend.tests.test_employee_compensation_payout.TestEmployeeEarnings" name="test_employee_earnings_includes_incentives" time="0.016" /></testsuite></testsuites>