<?xml version="1.0" encoding="utf-8"?><testsuites name="pytest tests"><testsuite name="pytest" errors="0" failures="0" skipped="0" tests="15" time="1.761" timestamp="2026-01-16T11:58:06.674358+00:00" hostname="agent-env-d268c708-bfa6-4c6a-8b28-64863bcbff7d"><testcase classname="tests.test_execution_ledger.TestExecutionLedgerBackend" name="test_get_categories_returns_7_categories" time="0.107" /><testcase classname="tests.test_execution_ledger.TestExecutionLedgerBackend" name="test_create_execution_entry_success" time="0.123" /><testcase classname="tests.test_execution_ledger.TestExecutionLedgerBackend" name="test_create_entry_invalid_category" time="0.111" /><testcase classname="tests.test_execution_ledger.TestExecutionLedgerBackend" name="test_create_entry_invalid_project" time="0.061" /><testcase classname="tests.test_execution_ledger.TestExecutionLedgerBackend" name="test_get_project_entries_with_summary" time="0.063" /><testcase classname="tests.test_execution_ledger.TestExecutionLedgerBackend" name="test_get_project_entries_with_category_filter" time="0.117" /><testcase classname="tests.test_execution_ledger.TestExecutionLedgerBackend" name="test_get_single_entry" time="0.088" /><testcase classname="tests.test_execution_ledger.TestExecutionLedgerBackend" name="test_get_nonexistent_entry" time="0.066" /><testcase classname="tests.test_execution_ledger.TestExecutionLedgerBackend" name="test_update_execution_entry" time="0.198" /><testcase classname="tests.test_execution_ledger.TestExecutionLedgerBackend" name="test_delete_execution_entry_admin_only" time="0.120" /><testcase classname="tests.test_execution_ledger.TestExecutionLedgerBackend" name="test_export_csv" time="0.085" /><testcase classname="tests.test_execution_ledger.TestExecutionLedgerBackend" name="test_export_excel" time="0.067" /><testcase classname="tests.test_execution_ledger.TestExecutionLedgerBackend" name="test_execution_ledger_does_not_affect_project_finance_summary" time="0.158" /><testcase classname="tests.test_execution_ledger.TestExecutionLedgerBackend" name="test_execution_ledger_does_not_affect_cashbook" time="0.167" /><testcase classname="tests.test_execution_ledger.TestExecutionLedgerBackend" name="test_unauthenticated_access_denied" time="0.095" /></testsuite></testsuites>