<?xml version="1.0" encoding="utf-8"?><testsuites name="pytest tests"><testsuite name="pytest" errors="0" failures="0" skipped="0" tests="19" time="0.987" timestamp="2026-01-28T17:33:44.965930+00:00" hostname="agent-env-de1ab568-0f1d-4400-b617-ada7b6b31088"><testcase classname="backend.tests.test_financial_gates.TestAuthVerification" name="test_admin_auth" time="0.100" /><testcase classname="backend.tests.test_financial_gates.TestAuthVerification" name="test_designer_auth" time="0.035" /><testcase classname="backend.tests.test_financial_gates.TestAuthVerification" name="test_accountant_auth" time="0.038" /><testcase classname="backend.tests.test_financial_gates.TestProjectSetup" name="test_project_exists" time="0.038" /><testcase classname="backend.tests.test_financial_gates.TestProjectSetup" name="test_project_substages" time="0.037" /><testcase classname="backend.tests.test_financial_gates.TestDesignerBlockedByPaymentGate" name="test_designer_blocked_payment_collection_50" time="0.048" /><testcase classname="backend.tests.test_financial_gates.TestDesignerBlockedByPaymentGate" name="test_milestone_payment_status_shows_unconfirmed" time="0.079" /><testcase classname="backend.tests.test_financial_gates.TestAccountantConfirmsPayment" name="test_accountant_can_confirm_payment" time="0.041" /><testcase classname="backend.tests.test_financial_gates.TestAccountantConfirmsPayment" name="test_milestone_payment_status_shows_confirmed" time="0.038" /><testcase classname="backend.tests.test_financial_gates.TestDesignerCanCompleteAfterPaymentConfirmation" name="test_designer_can_complete_after_confirmation" time="0.042" /><testcase classname="backend.tests.test_financial_gates.TestAdminOverride" name="test_reset_for_admin_override_test" time="0.042" /><testcase classname="backend.tests.test_financial_gates.TestAdminOverride" name="test_admin_can_override_payment_gate" time="0.051" /><testcase classname="backend.tests.test_financial_gates.TestAdminOverrideLogging" name="test_setup_for_override_logging" time="0.001" /><testcase classname="backend.tests.test_financial_gates.TestAdminOverrideLogging" name="test_verify_override_comment_structure" time="0.036" /><testcase classname="backend.tests.test_financial_gates.TestInvalidMilestoneConfirmation" name="test_invalid_milestone_id_rejected" time="0.035" /><testcase classname="backend.tests.test_financial_gates.TestInvalidMilestoneConfirmation" name="test_designer_cannot_confirm_payment" time="0.039" /><testcase classname="backend.tests.test_financial_gates.TestFullOrderConfirmation45" name="test_full_order_confirmation_45_status" time="0.038" /><testcase classname="backend.tests.test_financial_gates.TestFullOrderConfirmation45" name="test_accountant_can_confirm_full_order_confirmation" time="0.077" /><testcase classname="backend.tests.test_financial_gates.TestCleanup" name="test_verify_final_state" time="0.098" /></testsuite></testsuites>