<?xml version="1.0" encoding="utf-8"?><testsuites name="pytest tests"><testsuite name="pytest" errors="0" failures="0" skipped="0" tests="13" time="1.059" timestamp="2026-02-11T12:08:50.032183+00:00" hostname="agent-env-7e43ddfe-24d6-40f1-b429-860e6ba71c37"><testcase classname="backend.tests.test_finance_widget_fixes.TestFinanceWidgetFixes" name="test_01_login_works" time="0.145" /><testcase classname="backend.tests.test_finance_widget_fixes.TestFinanceWidgetFixes" name="test_02_project_profit_returns_signoff_value" time="0.054" /><testcase classname="backend.tests.test_finance_widget_fixes.TestFinanceWidgetFixes" name="test_03_project_finance_list_returns_signoff_value" time="0.132" /><testcase classname="backend.tests.test_finance_widget_fixes.TestFinanceWidgetFixes" name="test_04_project_finance_detail_returns_signoff_value" time="0.060" /><testcase classname="backend.tests.test_finance_widget_fixes.TestFinanceWidgetFixes" name="test_05_both_widgets_use_same_signoff_value_baseline" time="0.060" /><testcase classname="backend.tests.test_finance_widget_fixes.TestFinanceWidgetFixes" name="test_06_remaining_liability_from_collection" time="0.093" /><testcase classname="backend.tests.test_finance_widget_fixes.TestFinanceWidgetFixes" name="test_07_remaining_liability_in_list_endpoint" time="0.077" /><testcase classname="backend.tests.test_finance_widget_fixes.TestFinanceWidgetFixes" name="test_08_remaining_liability_never_negative" time="0.081" /><testcase classname="backend.tests.test_finance_widget_fixes.TestFinanceWidgetFixes" name="test_09_profit_calculations_correct" time="0.053" /><testcase classname="backend.tests.test_finance_widget_fixes.TestFinanceWidgetFixes" name="test_10_proj_4aaba062_signoff_value" time="0.058" /><testcase classname="backend.tests.test_finance_widget_fixes.TestFinanceWidgetFixes" name="test_11_actual_cost_excludes_non_cashbook_entries" time="0.063" /><testcase classname="backend.tests.test_finance_widget_fixes.TestFinanceWidgetFixes" name="test_12_profit_response_has_all_required_fields" time="0.060" /><testcase classname="backend.tests.test_finance_widget_fixes.TestFinanceWidgetFixes" name="test_13_liability_includes_open_and_partially_settled" time="0.050" /></testsuite></testsuites>