<?xml version="1.0" encoding="utf-8"?><testsuites name="pytest tests"><testsuite name="pytest" errors="0" failures="0" skipped="0" tests="18" time="1.456" timestamp="2026-02-06T11:00:13.759742+00:00" hostname="agent-env-8b4b4e27-f783-4a4d-b930-1f044ac5762c"><testcase classname="backend.tests.test_finance_p0_p1_fixes.TestFinanceP0P1Fixes" name="test_p0_1_receipt_idempotency_key_returns_existing" time="0.121" /><testcase classname="backend.tests.test_finance_p0_p1_fixes.TestFinanceP0P1Fixes" name="test_p0_1_receipt_duplicate_detection_60_seconds" time="0.069" /><testcase classname="backend.tests.test_finance_p0_p1_fixes.TestFinanceP0P1Fixes" name="test_p0_2_cashbook_excludes_credit_purchases" time="0.071" /><testcase classname="backend.tests.test_finance_p0_p1_fixes.TestFinanceP0P1Fixes" name="test_p0_2_include_non_cashbook_parameter" time="0.112" /><testcase classname="backend.tests.test_finance_p0_p1_fixes.TestFinanceP0P1Fixes" name="test_p0_3_purchase_return_refund_is_inflow" time="0.060" /><testcase classname="backend.tests.test_finance_p0_p1_fixes.TestFinanceP0P1Fixes" name="test_p0_4_refund_initiated_no_cashbook_entry" time="0.065" /><testcase classname="backend.tests.test_finance_p0_p1_fixes.TestFinanceP0P1Fixes" name="test_p0_4_refund_completed_creates_cashbook_entry" time="0.058" /><testcase classname="backend.tests.test_finance_p0_p1_fixes.TestFinanceP0P1Fixes" name="test_p0_4_refund_status_update_to_completed" time="0.115" /><testcase classname="backend.tests.test_finance_p0_p1_fixes.TestFinanceP0P1Fixes" name="test_p1_5_account_duplicate_name_rejected" time="0.061" /><testcase classname="backend.tests.test_finance_p0_p1_fixes.TestFinanceP0P1Fixes" name="test_p1_5_account_duplicate_case_insensitive" time="0.109" /><testcase classname="backend.tests.test_finance_p0_p1_fixes.TestFinanceP0P1Fixes" name="test_p1_6_account_archive_soft_delete" time="0.071" /><testcase classname="backend.tests.test_finance_p0_p1_fixes.TestFinanceP0P1Fixes" name="test_p1_6_account_restore_archived" time="0.082" /><testcase classname="backend.tests.test_finance_p0_p1_fixes.TestFinanceP0P1Fixes" name="test_p1_6_archived_accounts_excluded_by_default" time="0.118" /><testcase classname="backend.tests.test_finance_p0_p1_fixes.TestFinanceP0P1Fixes" name="test_p1_6_include_archived_parameter" time="0.054" /><testcase classname="backend.tests.test_finance_p0_p1_fixes.TestFinanceP0P1Fixes" name="test_p1_7_purchase_return_status_endpoint_exists" time="0.054" /><testcase classname="backend.tests.test_finance_p0_p1_fixes.TestFinanceP0P1Fixes" name="test_p1_7_purchase_return_valid_statuses" time="0.055" /><testcase classname="backend.tests.test_finance_p0_p1_fixes.TestFinanceP0P1Fixes" name="test_p1_7_purchase_return_status_transitions" time="0.044" /><testcase classname="backend.tests.test_finance_p0_p1_fixes.TestInvoiceIdempotency" name="test_invoice_idempotency_key" time="0.047" /></testsuite></testsuites>