<?xml version="1.0" encoding="utf-8"?><testsuites name="pytest tests"><testsuite name="pytest" errors="0" failures="0" skipped="0" tests="10" time="0.434" timestamp="2026-02-10T14:59:15.276357+00:00" hostname="agent-env-7e43ddfe-24d6-40f1-b429-860e6ba71c37"><testcase classname="backend.tests.test_financial_mapping_fix.TestFinancialMappingFix" name="test_01_login_works" time="0.104" /><testcase classname="backend.tests.test_financial_mapping_fix.TestFinancialMappingFix" name="test_02_list_projects_returns_value_lifecycle_fields" time="0.035" /><testcase classname="backend.tests.test_financial_mapping_fix.TestFinancialMappingFix" name="test_03_contract_value_equals_signoff_value" time="0.033" /><testcase classname="backend.tests.test_financial_mapping_fix.TestFinancialMappingFix" name="test_04_get_project_finance_detail_returns_value_lifecycle" time="0.013" /><testcase classname="backend.tests.test_financial_mapping_fix.TestFinancialMappingFix" name="test_05_signoff_value_used_for_profit_calculations" time="0.018" /><testcase classname="backend.tests.test_financial_mapping_fix.TestFinancialMappingFix" name="test_06_test_project_has_correct_signoff_value" time="0.019" /><testcase classname="backend.tests.test_financial_mapping_fix.TestFinancialMappingFix" name="test_07_value_lifecycle_fields_are_distinct" time="0.031" /><testcase classname="backend.tests.test_financial_mapping_fix.TestFinancialMappingFix" name="test_08_detail_contract_value_equals_signoff_value" time="0.013" /><testcase classname="backend.tests.test_financial_mapping_fix.TestFinancialMappingListEndpoint" name="test_01_search_filter_works" time="0.071" /><testcase classname="backend.tests.test_financial_mapping_fix.TestFinancialMappingListEndpoint" name="test_02_all_projects_have_value_lifecycle" time="0.028" /></testsuite></testsuites>