<?xml version="1.0" encoding="utf-8"?><testsuites name="pytest tests"><testsuite name="pytest" errors="0" failures="3" skipped="0" tests="18" time="1.541" timestamp="2026-02-06T10:59:11.326221+00:00" hostname="agent-env-8b4b4e27-f783-4a4d-b930-1f044ac5762c"><testcase classname="backend.tests.test_finance_p0_p1_fixes.TestFinanceP0P1Fixes" name="test_p0_1_receipt_idempotency_key_returns_existing" time="0.128" /><testcase classname="backend.tests.test_finance_p0_p1_fixes.TestFinanceP0P1Fixes" name="test_p0_1_receipt_duplicate_detection_60_seconds" time="0.109" /><testcase classname="backend.tests.test_finance_p0_p1_fixes.TestFinanceP0P1Fixes" name="test_p0_2_cashbook_excludes_credit_purchases" time="0.070" /><testcase classname="backend.tests.test_finance_p0_p1_fixes.TestFinanceP0P1Fixes" name="test_p0_2_include_non_cashbook_parameter" time="0.136" /><testcase classname="backend.tests.test_finance_p0_p1_fixes.TestFinanceP0P1Fixes" name="test_p0_3_purchase_return_refund_is_inflow" time="0.051" /><testcase classname="backend.tests.test_finance_p0_p1_fixes.TestFinanceP0P1Fixes" name="test_p0_4_refund_initiated_no_cashbook_entry" time="0.097" /><testcase classname="backend.tests.test_finance_p0_p1_fixes.TestFinanceP0P1Fixes" name="test_p0_4_refund_completed_creates_cashbook_entry" time="0.055" /><testcase classname="backend.tests.test_finance_p0_p1_fixes.TestFinanceP0P1Fixes" name="test_p0_4_refund_status_update_to_completed" time="0.116"><failure message="AssertionError: Completed refund should have transaction_id after status update&#10;assert None is not None&#10; +  where None = &lt;built-in method get of dict object at 0xf8f5eef71000&gt;('transaction_id')&#10; +    where &lt;built-in method get of dict object at 0xf8f5eef71000&gt; = {'refund': {'account_id': 'acc_d3cd5544', 'amount': 700.0, 'completed_at': '2026-02-06T10:59:12.119191+00:00', 'completed_by': 'test-user-1768140463239', ...}, 'success': True}.get">backend/tests/test_finance_p0_p1_fixes.py:248: in test_p0_4_refund_status_update_to_completed
    assert updated_refund.get("transaction_id") is not None, \
E   AssertionError: Completed refund should have transaction_id after status update
E   assert None is not None
E    +  where None = &lt;built-in method get of dict object at 0xf8f5eef71000&gt;('transaction_id')
E    +    where &lt;built-in method get of dict object at 0xf8f5eef71000&gt; = {'refund': {'account_id': 'acc_d3cd5544', 'amount': 700.0, 'completed_at': '2026-02-06T10:59:12.119191+00:00', 'completed_by': 'test-user-1768140463239', ...}, 'success': True}.get</failure></testcase><testcase classname="backend.tests.test_finance_p0_p1_fixes.TestFinanceP0P1Fixes" name="test_p1_5_account_duplicate_name_rejected" time="0.052"><failure message="AssertionError: First account creation failed: {&quot;detail&quot;:&quot;Account with same bank, branch and type already exists&quot;}&#10;assert 409 in [200, 201]&#10; +  where 409 = &lt;Response [409]&gt;.status_code">backend/tests/test_finance_p0_p1_fixes.py:270: in test_p1_5_account_duplicate_name_rejected
    assert response1.status_code in [200, 201], f"First account creation failed: {response1.text}"
E   AssertionError: First account creation failed: {"detail":"Account with same bank, branch and type already exists"}
E   assert 409 in [200, 201]
E    +  where 409 = &lt;Response [409]&gt;.status_code</failure></testcase><testcase classname="backend.tests.test_finance_p0_p1_fixes.TestFinanceP0P1Fixes" name="test_p1_5_account_duplicate_case_insensitive" time="0.063"><failure message="AssertionError: First account creation failed: {&quot;detail&quot;:&quot;Account with same bank, branch and type already exists&quot;}&#10;assert 409 in [200, 201]&#10; +  where 409 = &lt;Response [409]&gt;.status_code">backend/tests/test_finance_p0_p1_fixes.py:296: in test_p1_5_account_duplicate_case_insensitive
    assert response1.status_code in [200, 201], f"First account creation failed: {response1.text}"
E   AssertionError: First account creation failed: {"detail":"Account with same bank, branch and type already exists"}
E   assert 409 in [200, 201]
E    +  where 409 = &lt;Response [409]&gt;.status_code</failure></testcase><testcase classname="backend.tests.test_finance_p0_p1_fixes.TestFinanceP0P1Fixes" name="test_p1_6_account_archive_soft_delete" time="0.065" /><testcase classname="backend.tests.test_finance_p0_p1_fixes.TestFinanceP0P1Fixes" name="test_p1_6_account_restore_archived" time="0.118" /><testcase classname="backend.tests.test_finance_p0_p1_fixes.TestFinanceP0P1Fixes" name="test_p1_6_archived_accounts_excluded_by_default" time="0.074" /><testcase classname="backend.tests.test_finance_p0_p1_fixes.TestFinanceP0P1Fixes" name="test_p1_6_include_archived_parameter" time="0.048" /><testcase classname="backend.tests.test_finance_p0_p1_fixes.TestFinanceP0P1Fixes" name="test_p1_7_purchase_return_status_endpoint_exists" time="0.052" /><testcase classname="backend.tests.test_finance_p0_p1_fixes.TestFinanceP0P1Fixes" name="test_p1_7_purchase_return_valid_statuses" time="0.092" /><testcase classname="backend.tests.test_finance_p0_p1_fixes.TestFinanceP0P1Fixes" name="test_p1_7_purchase_return_status_transitions" time="0.046" /><testcase classname="backend.tests.test_finance_p0_p1_fixes.TestInvoiceIdempotency" name="test_invoice_idempotency_key" time="0.053" /></testsuite></testsuites>