<?xml version="1.0" encoding="utf-8"?><testsuites name="pytest tests"><testsuite name="pytest" errors="0" failures="0" skipped="0" tests="18" time="1.625" timestamp="2026-03-13T08:34:33.830837+00:00" hostname="agent-env-d7d38182-b5b2-4cfd-9f22-6599d2e84c04"><testcase classname="backend.tests.test_founder_dashboard.TestFounderDashboardAPI" name="test_dashboard_endpoint_returns_200" time="0.469" /><testcase classname="backend.tests.test_founder_dashboard.TestFounderDashboardAPI" name="test_dashboard_has_all_sections" time="0.059" /><testcase classname="backend.tests.test_founder_dashboard.TestFounderDashboardAPI" name="test_summary_section_structure" time="0.061" /><testcase classname="backend.tests.test_founder_dashboard.TestFounderDashboardAPI" name="test_cash_position_section" time="0.057" /><testcase classname="backend.tests.test_founder_dashboard.TestFounderDashboardAPI" name="test_receivable_pipeline_section" time="0.057" /><testcase classname="backend.tests.test_founder_dashboard.TestFounderDashboardAPI" name="test_upcoming_payments_section" time="0.058" /><testcase classname="backend.tests.test_founder_dashboard.TestFounderDashboardAPI" name="test_todays_activity_section" time="0.058" /><testcase classname="backend.tests.test_founder_dashboard.TestFounderDashboardAPI" name="test_ongoing_projects_section" time="0.059" /><testcase classname="backend.tests.test_founder_dashboard.TestFounderDashboardAPI" name="test_profitability_section" time="0.057" /><testcase classname="backend.tests.test_founder_dashboard.TestFounderDashboardAPI" name="test_pending_approvals_section" time="0.059" /><testcase classname="backend.tests.test_founder_dashboard.TestFounderDashboardAPI" name="test_sales_pipeline_section" time="0.065" /><testcase classname="backend.tests.test_founder_dashboard.TestFounderDashboardPermissions" name="test_unauthenticated_access_denied" time="0.108" /><testcase classname="backend.tests.test_founder_dashboard.TestSupportingEndpoints" name="test_safe_spend_endpoint" time="0.066" /><testcase classname="backend.tests.test_founder_dashboard.TestSupportingEndpoints" name="test_alerts_endpoint" time="0.075" /><testcase classname="backend.tests.test_founder_dashboard.TestSupportingEndpoints" name="test_expense_stats_endpoint" time="0.054" /><testcase classname="backend.tests.test_founder_dashboard.TestSupportingEndpoints" name="test_safe_use_summary_endpoint" time="0.060" /><testcase classname="backend.tests.test_founder_dashboard.TestSupportingEndpoints" name="test_liabilities_summary_endpoint" time="0.059" /><testcase classname="backend.tests.test_founder_dashboard.TestSupportingEndpoints" name="test_revenue_reality_check_endpoint" time="0.053" /></testsuite></testsuites>