<?xml version="1.0" encoding="utf-8"?><testsuites name="pytest tests"><testsuite name="pytest" errors="0" failures="4" skipped="4" tests="9" time="0.558" timestamp="2026-02-09T15:44:37.477813+00:00" hostname="agent-env-8b4b4e27-f783-4a4d-b930-1f044ac5762c"><testcase classname="backend.tests.test_full_approval_flow.TestFullDesignApprovalFlow" name="test_01_create_fresh_submission" time="0.160"><failure message="AssertionError: Failed to create submission: {&quot;detail&quot;:[{&quot;type&quot;:&quot;missing&quot;,&quot;loc&quot;:[&quot;body&quot;,&quot;checklist&quot;],&quot;msg&quot;:&quot;Field required&quot;,&quot;input&quot;:{&quot;milestone_key&quot;:&quot;design_meeting_2&quot;,&quot;checklist_items&quot;:[{&quot;item_id&quot;:&quot;floor_plan_finalized&quot;,&quot;completed&quot;:true,&quot;notes&quot;:&quot;Floor plan complete&quot;},{&quot;item_id&quot;:&quot;3d_renders_ready&quot;,&quot;completed&quot;:true,&quot;notes&quot;:&quot;3D renders ready&quot;},{&quot;item_id&quot;:&quot;material_palette_selected&quot;,&quot;completed&quot;:true,&quot;notes&quot;:&quot;Materials selected&quot;},{&quot;item_id&quot;:&quot;budget_aligned&quot;,&quot;completed&quot;:true,&quot;notes&quot;:&quot;Budget aligned&quot;},{&quot;item_id&quot;:&quot;scope_coverage_complete&quot;,&quot;completed&quot;:true,&quot;notes&quot;:&quot;All areas covered&quot;},{&quot;item_id&quot;:&quot;client_requirements_addressed&quot;,&quot;completed&quot;:true,&quot;notes&quot;:&quot;Requirements addressed&quot;}],&quot;files&quot;:[{&quot;filename&quot;:&quot;test_design.pdf&quot;,&quot;url&quot;:&quot;https://example.com/test.pdf&quot;}],&quot;notes&quot;:&quot;Full flow test submission - 2026-02-09T15:44:37.646994&quot;},&quot;url&quot;:&quot;https://errors.pydantic.dev/2.12/v/missing&quot;},{&quot;type&quot;:&quot;missing&quot;,&quot;loc&quot;:[&quot;body&quot;,&quot;design_notes&quot;],&quot;msg&quot;:&quot;Field required&quot;,&quot;input&quot;:{&quot;milestone_key&quot;:&quot;design_meeting_2&quot;,&quot;checklist_items&quot;:[{&quot;item_id&quot;:&quot;floor_plan_finalized&quot;,&quot;completed&quot;:true,&quot;notes&quot;:&quot;Floor plan complete&quot;},{&quot;item_id&quot;:&quot;3d_renders_ready&quot;,&quot;completed&quot;:true,&quot;notes&quot;:&quot;3D renders ready&quot;},{&quot;item_id&quot;:&quot;material_palette_selected&quot;,&quot;completed&quot;:true,&quot;notes&quot;:&quot;Materials selected&quot;},{&quot;item_id&quot;:&quot;budget_aligned&quot;,&quot;completed&quot;:true,&quot;notes&quot;:&quot;Budget aligned&quot;},{&quot;item_id&quot;:&quot;scope_coverage_complete&quot;,&quot;completed&quot;:true,&quot;notes&quot;:&quot;All areas covered&quot;},{&quot;item_id&quot;:&quot;client_requirements_addressed&quot;,&quot;completed&quot;:true,&quot;notes&quot;:&quot;Requirements addressed&quot;}],&quot;files&quot;:[{&quot;filename&quot;:&quot;test_design.pdf&quot;,&quot;url&quot;:&quot;https://example.com/test.pdf&quot;}],&quot;notes&quot;:&quot;Full flow test submission - 2026-02-09T15:44:37.646994&quot;},&quot;url&quot;:&quot;https://errors.pydantic.dev/2.12/v/missing&quot;}]}&#10;assert 422 == 201&#10; +  where 422 = &lt;Response [422]&gt;.status_code">backend/tests/test_full_approval_flow.py:65: in test_01_create_fresh_submission
    assert response.status_code == 201, f"Failed to create submission: {response.text}"
E   AssertionError: Failed to create submission: {"detail":[{"type":"missing","loc":["body","checklist"],"msg":"Field required","input":{"milestone_key":"design_meeting_2","checklist_items":[{"item_id":"floor_plan_finalized","completed":true,"notes":"Floor plan complete"},{"item_id":"3d_renders_ready","completed":true,"notes":"3D renders ready"},{"item_id":"material_palette_selected","completed":true,"notes":"Materials selected"},{"item_id":"budget_aligned","completed":true,"notes":"Budget aligned"},{"item_id":"scope_coverage_complete","completed":true,"notes":"All areas covered"},{"item_id":"client_requirements_addressed","completed":true,"notes":"Requirements addressed"}],"files":[{"filename":"test_design.pdf","url":"https://example.com/test.pdf"}],"notes":"Full flow test submission - 2026-02-09T15:44:37.646994"},"url":"https://errors.pydantic.dev/2.12/v/missing"},{"type":"missing","loc":["body","design_notes"],"msg":"Field required","input":{"milestone_key":"design_meeting_2","checklist_items":[{"item_id":"floor_plan_finalized","completed":true,"notes":"Floor plan complete"},{"item_id":"3d_renders_ready","completed":true,"notes":"3D renders ready"},{"item_id":"material_palette_selected","completed":true,"notes":"Materials selected"},{"item_id":"budget_aligned","completed":true,"notes":"Budget aligned"},{"item_id":"scope_coverage_complete","completed":true,"notes":"All areas covered"},{"item_id":"client_requirements_addressed","completed":true,"notes":"Requirements addressed"}],"files":[{"filename":"test_design.pdf","url":"https://example.com/test.pdf"}],"notes":"Full flow test submission - 2026-02-09T15:44:37.646994"},"url":"https://errors.pydantic.dev/2.12/v/missing"}]}
E   assert 422 == 201
E    +  where 422 = &lt;Response [422]&gt;.status_code</failure></testcase><testcase classname="backend.tests.test_full_approval_flow.TestFullDesignApprovalFlow" name="test_02_verify_submission_in_review_queue" time="0.057"><failure message="AssertionError: Submission None not found in review queue&#10;assert False">backend/tests/test_full_approval_flow.py:100: in test_02_verify_submission_in_review_queue
    assert found, f"Submission {TestFullDesignApprovalFlow.test_submission_id} not found in review queue"
E   AssertionError: Submission None not found in review queue
E   assert False</failure></testcase><testcase classname="backend.tests.test_full_approval_flow.TestFullDesignApprovalFlow" name="test_03_approve_submission" time="0.044"><failure message="AssertionError: Failed to approve submission: {&quot;detail&quot;:&quot;Submission not found&quot;}&#10;assert 404 == 200&#10; +  where 404 = &lt;Response [404]&gt;.status_code">backend/tests/test_full_approval_flow.py:115: in test_03_approve_submission
    assert response.status_code == 200, f"Failed to approve submission: {response.text}"
E   AssertionError: Failed to approve submission: {"detail":"Submission not found"}
E   assert 404 == 200
E    +  where 404 = &lt;Response [404]&gt;.status_code</failure></testcase><testcase classname="backend.tests.test_full_approval_flow.TestFullDesignApprovalFlow" name="test_04_verify_approved_status" time="0.047"><failure message="AssertionError: Failed to get submission: {&quot;detail&quot;:&quot;Submission not found&quot;}&#10;assert 404 == 200&#10; +  where 404 = &lt;Response [404]&gt;.status_code">backend/tests/test_full_approval_flow.py:131: in test_04_verify_approved_status
    assert response.status_code == 200, f"Failed to get submission: {response.text}"
E   AssertionError: Failed to get submission: {"detail":"Submission not found"}
E   assert 404 == 200
E    +  where 404 = &lt;Response [404]&gt;.status_code</failure></testcase><testcase classname="backend.tests.test_full_approval_flow.TestFullDesignApprovalFlow" name="test_05_submission_no_longer_in_pending_queue" time="0.060" /><testcase classname="backend.tests.test_full_approval_flow.TestDesignRejectionFlow" name="test_01_create_submission_for_rejection" time="0.090"><skipped type="pytest.skip" message="Could not create submission: {&quot;detail&quot;:[{&quot;type&quot;:&quot;missing&quot;,&quot;loc&quot;:[&quot;body&quot;,&quot;files&quot;],&quot;msg&quot;:&quot;Field required&quot;,&quot;input&quot;:{&quot;milestone_key&quot;:&quot;design_meeting_2&quot;,&quot;checklist_items&quot;:[{&quot;item_id&quot;:&quot;floor_plan_finalized&quot;,&quot;completed&quot;:true,&quot;notes&quot;:&quot;Test&quot;},{&quot;item_id&quot;:&quot;3d_renders_ready&quot;,&quot;completed&quot;:true,&quot;notes&quot;:&quot;Test&quot;}],&quot;notes&quot;:&quot;Rejection test submission - 2026-02-09T15:44:37.986629&quot;},&quot;url&quot;:&quot;https://errors.pydantic.dev/2.12/v/missing&quot;},{&quot;type&quot;:&quot;missing&quot;,&quot;loc&quot;:[&quot;body&quot;,&quot;checklist&quot;],&quot;msg&quot;:&quot;Field required&quot;,&quot;input&quot;:{&quot;milestone_key&quot;:&quot;design_meeting_2&quot;,&quot;checklist_items&quot;:[{&quot;item_id&quot;:&quot;floor_plan_finalized&quot;,&quot;completed&quot;:true,&quot;notes&quot;:&quot;Test&quot;},{&quot;item_id&quot;:&quot;3d_renders_ready&quot;,&quot;completed&quot;:true,&quot;notes&quot;:&quot;Test&quot;}],&quot;notes&quot;:&quot;Rejection test submission - 2026-02-09T15:44:37.986629&quot;},&quot;url&quot;:&quot;https://errors.pydantic.dev/2.12/v/missing&quot;},{&quot;type&quot;:&quot;missing&quot;,&quot;loc&quot;:[&quot;body&quot;,&quot;design_notes&quot;],&quot;msg&quot;:&quot;Field required&quot;,&quot;input&quot;:{&quot;milestone_key&quot;:&quot;design_meeting_2&quot;,&quot;checklist_items&quot;:[{&quot;item_id&quot;:&quot;floor_plan_finalized&quot;,&quot;completed&quot;:true,&quot;notes&quot;:&quot;Test&quot;},{&quot;item_id&quot;:&quot;3d_renders_ready&quot;,&quot;completed&quot;:true,&quot;notes&quot;:&quot;Test&quot;}],&quot;notes&quot;:&quot;Rejection test submission - 2026-02-09T15:44:37.986629&quot;},&quot;url&quot;:&quot;https://errors.pydantic.dev/2.12/v/missing&quot;}]}">/app/backend/tests/test_full_approval_flow.py:208: Could not create submission: {"detail":[{"type":"missing","loc":["body","files"],"msg":"Field required","input":{"milestone_key":"design_meeting_2","checklist_items":[{"item_id":"floor_plan_finalized","completed":true,"notes":"Test"},{"item_id":"3d_renders_ready","completed":true,"notes":"Test"}],"notes":"Rejection test submission - 2026-02-09T15:44:37.986629"},"url":"https://errors.pydantic.dev/2.12/v/missing"},{"type":"missing","loc":["body","checklist"],"msg":"Field required","input":{"milestone_key":"design_meeting_2","checklist_items":[{"item_id":"floor_plan_finalized","completed":true,"notes":"Test"},{"item_id":"3d_renders_ready","completed":true,"notes":"Test"}],"notes":"Rejection test submission - 2026-02-09T15:44:37.986629"},"url":"https://errors.pydantic.dev/2.12/v/missing"},{"type":"missing","loc":["body","design_notes"],"msg":"Field required","input":{"milestone_key":"design_meeting_2","checklist_items":[{"item_id":"floor_plan_finalized","completed":true,"notes":"Test"},{"item_id":"3d_renders_ready","completed":true,"notes":"Test"}],"notes":"Rejection test submission - 2026-02-09T15:44:37.986629"},"url":"https://errors.pydantic.dev/2.12/v/missing"}]}</skipped></testcase><testcase classname="backend.tests.test_full_approval_flow.TestDesignRejectionFlow" name="test_02_rejection_requires_detailed_notes" time="0.000"><skipped type="pytest.skip" message="No submission to test">/app/backend/tests/test_full_approval_flow.py:217: No submission to test</skipped></testcase><testcase classname="backend.tests.test_full_approval_flow.TestDesignRejectionFlow" name="test_03_reject_with_proper_notes" time="0.000"><skipped type="pytest.skip" message="No submission to test">/app/backend/tests/test_full_approval_flow.py:237: No submission to test</skipped></testcase><testcase classname="backend.tests.test_full_approval_flow.TestDesignRejectionFlow" name="test_04_verify_rejected_status" time="0.000"><skipped type="pytest.skip" message="No submission to test">/app/backend/tests/test_full_approval_flow.py:262: No submission to test</skipped></testcase></testsuite></testsuites>