<?xml version="1.0" encoding="utf-8"?><testsuites name="pytest tests"><testsuite name="pytest" errors="0" failures="4" skipped="4" tests="9" time="0.501" timestamp="2026-02-09T15:45:33.253461+00:00" hostname="agent-env-8b4b4e27-f783-4a4d-b930-1f044ac5762c"><testcase classname="backend.tests.test_full_approval_flow.TestFullDesignApprovalFlow" name="test_01_create_fresh_submission" time="0.122"><failure message="AssertionError: Failed to create submission: {&quot;detail&quot;:&quot;A submission is already pending review for this milestone. Wait for review or withdraw the existing submission.&quot;}&#10;assert 400 in [200, 201]&#10; +  where 400 = &lt;Response [400]&gt;.status_code">backend/tests/test_full_approval_flow.py:66: in test_01_create_fresh_submission
    assert response.status_code in [200, 201], f"Failed to create submission: {response.text}"
E   AssertionError: Failed to create submission: {"detail":"A submission is already pending review for this milestone. Wait for review or withdraw the existing submission."}
E   assert 400 in [200, 201]
E    +  where 400 = &lt;Response [400]&gt;.status_code</failure></testcase><testcase classname="backend.tests.test_full_approval_flow.TestFullDesignApprovalFlow" name="test_02_verify_submission_in_review_queue" time="0.055"><failure message="AssertionError: Submission None not found in review queue&#10;assert False">backend/tests/test_full_approval_flow.py:103: in test_02_verify_submission_in_review_queue
    assert found, f"Submission {TestFullDesignApprovalFlow.test_submission_id} not found in review queue"
E   AssertionError: Submission None not found in review queue
E   assert False</failure></testcase><testcase classname="backend.tests.test_full_approval_flow.TestFullDesignApprovalFlow" name="test_03_approve_submission" time="0.046"><failure message="AssertionError: Failed to approve submission: {&quot;detail&quot;:&quot;Submission not found&quot;}&#10;assert 404 == 200&#10; +  where 404 = &lt;Response [404]&gt;.status_code">backend/tests/test_full_approval_flow.py:118: in test_03_approve_submission
    assert response.status_code == 200, f"Failed to approve submission: {response.text}"
E   AssertionError: Failed to approve submission: {"detail":"Submission not found"}
E   assert 404 == 200
E    +  where 404 = &lt;Response [404]&gt;.status_code</failure></testcase><testcase classname="backend.tests.test_full_approval_flow.TestFullDesignApprovalFlow" name="test_04_verify_approved_status" time="0.047"><failure message="AssertionError: Failed to get submission: {&quot;detail&quot;:&quot;Submission not found&quot;}&#10;assert 404 == 200&#10; +  where 404 = &lt;Response [404]&gt;.status_code">backend/tests/test_full_approval_flow.py:134: in test_04_verify_approved_status
    assert response.status_code == 200, f"Failed to get submission: {response.text}"
E   AssertionError: Failed to get submission: {"detail":"Submission not found"}
E   assert 404 == 200
E    +  where 404 = &lt;Response [404]&gt;.status_code</failure></testcase><testcase classname="backend.tests.test_full_approval_flow.TestFullDesignApprovalFlow" name="test_05_submission_no_longer_in_pending_queue" time="0.054" /><testcase classname="backend.tests.test_full_approval_flow.TestDesignRejectionFlow" name="test_01_create_submission_for_rejection" time="0.080"><skipped type="pytest.skip" message="Could not create submission: {&quot;detail&quot;:&quot;A submission is already pending review for this milestone. Wait for review or withdraw the existing submission.&quot;}">/app/backend/tests/test_full_approval_flow.py:214: Could not create submission: {"detail":"A submission is already pending review for this milestone. Wait for review or withdraw the existing submission."}</skipped></testcase><testcase classname="backend.tests.test_full_approval_flow.TestDesignRejectionFlow" name="test_02_rejection_requires_detailed_notes" time="0.000"><skipped type="pytest.skip" message="No submission to test">/app/backend/tests/test_full_approval_flow.py:224: No submission to test</skipped></testcase><testcase classname="backend.tests.test_full_approval_flow.TestDesignRejectionFlow" name="test_03_reject_with_proper_notes" time="0.000"><skipped type="pytest.skip" message="No submission to test">/app/backend/tests/test_full_approval_flow.py:244: No submission to test</skipped></testcase><testcase classname="backend.tests.test_full_approval_flow.TestDesignRejectionFlow" name="test_04_verify_rejected_status" time="0.000"><skipped type="pytest.skip" message="No submission to test">/app/backend/tests/test_full_approval_flow.py:269: No submission to test</skipped></testcase></testsuite></testsuites>