<?xml version="1.0" encoding="utf-8"?><testsuites name="pytest tests"><testsuite name="pytest" errors="0" failures="1" skipped="0" tests="25" time="2.476" timestamp="2026-02-20T10:16:22.976303+00:00" hostname="agent-env-ca0cfdda-1ef7-4851-8909-e0db1a8eec09"><testcase classname="backend.tests.test_general_ledger.TestGeneralLedgerAuth" name="test_general_ledger_requires_auth" time="0.122" /><testcase classname="backend.tests.test_general_ledger.TestGeneralLedgerAuth" name="test_accounts_endpoint_requires_auth" time="0.051" /><testcase classname="backend.tests.test_general_ledger.TestGeneralLedgerAuth" name="test_export_endpoint_requires_auth" time="0.084" /><testcase classname="backend.tests.test_general_ledger.TestGeneralLedgerAccounts" name="test_get_accounts_returns_200" time="0.221" /><testcase classname="backend.tests.test_general_ledger.TestGeneralLedgerAccounts" name="test_accounts_response_structure" time="0.057" /><testcase classname="backend.tests.test_general_ledger.TestGeneralLedgerAccounts" name="test_accounts_have_required_fields" time="0.086" /><testcase classname="backend.tests.test_general_ledger.TestGeneralLedgerAccounts" name="test_categories_have_required_fields" time="0.091" /><testcase classname="backend.tests.test_general_ledger.TestGeneralLedgerMain" name="test_account_id_required" time="0.154"><failure message="AssertionError: Expected 400 for missing account_id, got 422&#10;assert 422 == 400&#10; +  where 422 = &lt;Response [422]&gt;.status_code">backend/tests/test_general_ledger.py:147: in test_account_id_required
    assert response.status_code == 400, f"Expected 400 for missing account_id, got {response.status_code}"
E   AssertionError: Expected 400 for missing account_id, got 422
E   assert 422 == 400
E    +  where 422 = &lt;Response [422]&gt;.status_code</failure></testcase><testcase classname="backend.tests.test_general_ledger.TestGeneralLedgerMain" name="test_ledger_returns_200_with_valid_account" time="0.124" /><testcase classname="backend.tests.test_general_ledger.TestGeneralLedgerMain" name="test_ledger_response_structure" time="0.062" /><testcase classname="backend.tests.test_general_ledger.TestGeneralLedgerMain" name="test_summary_has_required_fields" time="0.062" /><testcase classname="backend.tests.test_general_ledger.TestGeneralLedgerMain" name="test_closing_balance_formula" time="0.066" /><testcase classname="backend.tests.test_general_ledger.TestGeneralLedgerMain" name="test_entries_have_required_fields" time="0.059" /><testcase classname="backend.tests.test_general_ledger.TestGeneralLedgerMain" name="test_period_filter_month" time="0.060" /><testcase classname="backend.tests.test_general_ledger.TestGeneralLedgerMain" name="test_period_filter_quarter" time="0.067" /><testcase classname="backend.tests.test_general_ledger.TestGeneralLedgerMain" name="test_period_filter_fy" time="0.065" /><testcase classname="backend.tests.test_general_ledger.TestGeneralLedgerMain" name="test_period_filter_custom" time="0.057" /><testcase classname="backend.tests.test_general_ledger.TestGeneralLedgerMain" name="test_invalid_account_returns_404" time="0.050" /><testcase classname="backend.tests.test_general_ledger.TestGeneralLedgerExport" name="test_export_returns_200" time="0.268" /><testcase classname="backend.tests.test_general_ledger.TestGeneralLedgerExport" name="test_export_response_structure" time="0.058" /><testcase classname="backend.tests.test_general_ledger.TestGeneralLedgerExport" name="test_export_rows_structure" time="0.062" /><testcase classname="backend.tests.test_general_ledger.TestGeneralLedgerExport" name="test_export_with_period_filter" time="0.061" /><testcase classname="backend.tests.test_general_ledger.TestGeneralLedgerExport" name="test_export_invalid_account_returns_404" time="0.062" /><testcase classname="backend.tests.test_general_ledger.TestGeneralLedgerRunningBalance" name="test_running_balance_calculation" time="0.247" /><testcase classname="backend.tests.test_general_ledger.TestGeneralLedgerRunningBalance" name="test_last_running_balance_equals_closing" time="0.062" /></testsuite></testsuites>