<?xml version="1.0" encoding="utf-8"?><testsuites name="pytest tests"><testsuite name="pytest" errors="0" failures="0" skipped="0" tests="11" time="0.823" timestamp="2026-03-05T19:06:12.989182+00:00" hostname="agent-env-fdb04f4e-8734-4f82-8504-18a6a9f28897"><testcase classname="backend.tests.test_general_ledger_accounts.TestGeneralLedgerAccounts" name="test_endpoint_returns_200" time="0.553" /><testcase classname="backend.tests.test_general_ledger_accounts.TestGeneralLedgerAccounts" name="test_response_structure" time="0.072" /><testcase classname="backend.tests.test_general_ledger_accounts.TestGeneralLedgerAccounts" name="test_customers_not_empty" time="0.000" /><testcase classname="backend.tests.test_general_ledger_accounts.TestGeneralLedgerAccounts" name="test_vendors_not_empty" time="0.000" /><testcase classname="backend.tests.test_general_ledger_accounts.TestGeneralLedgerAccounts" name="test_employees_not_empty" time="0.000" /><testcase classname="backend.tests.test_general_ledger_accounts.TestGeneralLedgerAccounts" name="test_projects_not_empty" time="0.000" /><testcase classname="backend.tests.test_general_ledger_accounts.TestGeneralLedgerAccounts" name="test_expected_counts" time="0.000" /><testcase classname="backend.tests.test_general_ledger_accounts.TestGeneralLedgerAccounts" name="test_accounts_have_valid_structure" time="0.000" /><testcase classname="backend.tests.test_general_ledger_accounts.TestGeneralLedgerAccounts" name="test_control_accounts_exist" time="0.000" /><testcase classname="backend.tests.test_general_ledger_accounts.TestGeneralLedgerFiltering" name="test_filter_by_customer" time="0.065" /><testcase classname="backend.tests.test_general_ledger_accounts.TestGeneralLedgerFiltering" name="test_filter_by_vendor" time="0.064" /></testsuite></testsuites>