<?xml version="1.0" encoding="utf-8"?><testsuites name="pytest tests"><testsuite name="pytest" errors="0" failures="0" skipped="22" tests="25" time="0.842" timestamp="2026-02-20T10:15:39.661489+00:00" hostname="agent-env-ca0cfdda-1ef7-4851-8909-e0db1a8eec09"><testcase classname="backend.tests.test_general_ledger.TestGeneralLedgerAuth" name="test_general_ledger_requires_auth" time="0.144" /><testcase classname="backend.tests.test_general_ledger.TestGeneralLedgerAuth" name="test_accounts_endpoint_requires_auth" time="0.051" /><testcase classname="backend.tests.test_general_ledger.TestGeneralLedgerAuth" name="test_export_endpoint_requires_auth" time="0.046" /><testcase classname="backend.tests.test_general_ledger.TestGeneralLedgerAccounts" name="test_get_accounts_returns_200" time="0.137"><skipped type="pytest.skip" message="Login failed: 404">/app/backend/tests/test_general_ledger.py:77: Login failed: 404</skipped></testcase><testcase classname="backend.tests.test_general_ledger.TestGeneralLedgerAccounts" name="test_accounts_response_structure" time="0.000"><skipped type="pytest.skip" message="Login failed: 404">/app/backend/tests/test_general_ledger.py:82: Login failed: 404</skipped></testcase><testcase classname="backend.tests.test_general_ledger.TestGeneralLedgerAccounts" name="test_accounts_have_required_fields" time="0.000"><skipped type="pytest.skip" message="Login failed: 404">/app/backend/tests/test_general_ledger.py:93: Login failed: 404</skipped></testcase><testcase classname="backend.tests.test_general_ledger.TestGeneralLedgerAccounts" name="test_categories_have_required_fields" time="0.000"><skipped type="pytest.skip" message="Login failed: 404">/app/backend/tests/test_general_ledger.py:106: Login failed: 404</skipped></testcase><testcase classname="backend.tests.test_general_ledger.TestGeneralLedgerMain" name="test_account_id_required" time="0.113"><skipped type="pytest.skip" message="Login failed: 404">/app/backend/tests/test_general_ledger.py:144: Login failed: 404</skipped></testcase><testcase classname="backend.tests.test_general_ledger.TestGeneralLedgerMain" name="test_ledger_returns_200_with_valid_account" time="0.000"><skipped type="pytest.skip" message="Login failed: 404">/app/backend/tests/test_general_ledger.py:149: Login failed: 404</skipped></testcase><testcase classname="backend.tests.test_general_ledger.TestGeneralLedgerMain" name="test_ledger_response_structure" time="0.000"><skipped type="pytest.skip" message="Login failed: 404">/app/backend/tests/test_general_ledger.py:154: Login failed: 404</skipped></testcase><testcase classname="backend.tests.test_general_ledger.TestGeneralLedgerMain" name="test_summary_has_required_fields" time="0.000"><skipped type="pytest.skip" message="Login failed: 404">/app/backend/tests/test_general_ledger.py:174: Login failed: 404</skipped></testcase><testcase classname="backend.tests.test_general_ledger.TestGeneralLedgerMain" name="test_closing_balance_formula" time="0.000"><skipped type="pytest.skip" message="Login failed: 404">/app/backend/tests/test_general_ledger.py:188: Login failed: 404</skipped></testcase><testcase classname="backend.tests.test_general_ledger.TestGeneralLedgerMain" name="test_entries_have_required_fields" time="0.000"><skipped type="pytest.skip" message="Login failed: 404">/app/backend/tests/test_general_ledger.py:202: Login failed: 404</skipped></testcase><testcase classname="backend.tests.test_general_ledger.TestGeneralLedgerMain" name="test_period_filter_month" time="0.000"><skipped type="pytest.skip" message="Login failed: 404">/app/backend/tests/test_general_ledger.py:218: Login failed: 404</skipped></testcase><testcase classname="backend.tests.test_general_ledger.TestGeneralLedgerMain" name="test_period_filter_quarter" time="0.000"><skipped type="pytest.skip" message="Login failed: 404">/app/backend/tests/test_general_ledger.py:226: Login failed: 404</skipped></testcase><testcase classname="backend.tests.test_general_ledger.TestGeneralLedgerMain" name="test_period_filter_fy" time="0.000"><skipped type="pytest.skip" message="Login failed: 404">/app/backend/tests/test_general_ledger.py:234: Login failed: 404</skipped></testcase><testcase classname="backend.tests.test_general_ledger.TestGeneralLedgerMain" name="test_period_filter_custom" time="0.000"><skipped type="pytest.skip" message="Login failed: 404">/app/backend/tests/test_general_ledger.py:242: Login failed: 404</skipped></testcase><testcase classname="backend.tests.test_general_ledger.TestGeneralLedgerMain" name="test_invalid_account_returns_404" time="0.000"><skipped type="pytest.skip" message="Login failed: 404">/app/backend/tests/test_general_ledger.py:254: Login failed: 404</skipped></testcase><testcase classname="backend.tests.test_general_ledger.TestGeneralLedgerExport" name="test_export_returns_200" time="0.140"><skipped type="pytest.skip" message="Login failed: 404">/app/backend/tests/test_general_ledger.py:286: Login failed: 404</skipped></testcase><testcase classname="backend.tests.test_general_ledger.TestGeneralLedgerExport" name="test_export_response_structure" time="0.000"><skipped type="pytest.skip" message="Login failed: 404">/app/backend/tests/test_general_ledger.py:291: Login failed: 404</skipped></testcase><testcase classname="backend.tests.test_general_ledger.TestGeneralLedgerExport" name="test_export_rows_structure" time="0.000"><skipped type="pytest.skip" message="Login failed: 404">/app/backend/tests/test_general_ledger.py:304: Login failed: 404</skipped></testcase><testcase classname="backend.tests.test_general_ledger.TestGeneralLedgerExport" name="test_export_with_period_filter" time="0.000"><skipped type="pytest.skip" message="Login failed: 404">/app/backend/tests/test_general_ledger.py:320: Login failed: 404</skipped></testcase><testcase classname="backend.tests.test_general_ledger.TestGeneralLedgerExport" name="test_export_invalid_account_returns_404" time="0.000"><skipped type="pytest.skip" message="Login failed: 404">/app/backend/tests/test_general_ledger.py:328: Login failed: 404</skipped></testcase><testcase classname="backend.tests.test_general_ledger.TestGeneralLedgerRunningBalance" name="test_running_balance_calculation" time="0.120"><skipped type="pytest.skip" message="Login failed: 404">/app/backend/tests/test_general_ledger.py:360: Login failed: 404</skipped></testcase><testcase classname="backend.tests.test_general_ledger.TestGeneralLedgerRunningBalance" name="test_last_running_balance_equals_closing" time="0.000"><skipped type="pytest.skip" message="Login failed: 404">/app/backend/tests/test_general_ledger.py:380: Login failed: 404</skipped></testcase></testsuite></testsuites>