<?xml version="1.0" encoding="utf-8"?><testsuites name="pytest tests"><testsuite name="pytest" errors="0" failures="8" skipped="0" tests="13" time="0.456" timestamp="2026-02-03T11:42:15.902283+00:00" hostname="agent-env-a0f1655f-e62e-4daf-ba6e-ef6b1bfed4ef"><testcase classname="backend.tests.test_gst_purchase_invoices.TestAuthVerification" name="test_auth_me" time="0.083" /><testcase classname="backend.tests.test_gst_purchase_invoices.TestPurchaseInvoiceGSTCreate" name="test_create_invoice_with_gst" time="0.028"><failure message="AssertionError: assert 'execution_id' in {'entry': {'amount_remaining': 15340.0, 'created_at': '2026-02-03T11:42:16.077920+00:00', 'created_by': 'test-user-1768140463239', 'created_by_name': 'Thaha Pakayil', ...}, 'success': True}">backend/tests/test_gst_purchase_invoices.py:91: in test_create_invoice_with_gst
    assert "execution_id" in data
E   AssertionError: assert 'execution_id' in {'entry': {'amount_remaining': 15340.0, 'created_at': '2026-02-03T11:42:16.077920+00:00', 'created_by': 'test-user-1768140463239', 'created_by_name': 'Thaha Pakayil', ...}, 'success': True}</failure></testcase><testcase classname="backend.tests.test_gst_purchase_invoices.TestPurchaseInvoiceGSTCreate" name="test_get_invoice_with_gst" time="0.000"><failure message="AssertionError: No entry ID from create test&#10;assert None">backend/tests/test_gst_purchase_invoices.py:112: in test_get_invoice_with_gst
    assert entry_id, "No entry ID from create test"
E   AssertionError: No entry ID from create test
E   assert None</failure></testcase><testcase classname="backend.tests.test_gst_purchase_invoices.TestPurchaseInvoiceGSTUpdate" name="test_update_invoice_gst_fields" time="0.000"><failure message="AssertionError: No entry ID from create test&#10;assert None">backend/tests/test_gst_purchase_invoices.py:140: in test_update_invoice_gst_fields
    assert entry_id, "No entry ID from create test"
E   AssertionError: No entry ID from create test
E   assert None</failure></testcase><testcase classname="backend.tests.test_gst_purchase_invoices.TestPurchaseInvoiceWithoutGST" name="test_create_invoice_without_gst" time="0.054"><failure message="AssertionError: assert 'execution_id' in {'entry': {'amount_remaining': 5000.0, 'created_at': '2026-02-03T11:42:16.126573+00:00', 'created_by': 'test-user-1768140463239', 'created_by_name': 'Thaha Pakayil', ...}, 'success': True}">backend/tests/test_gst_purchase_invoices.py:209: in test_create_invoice_without_gst
    assert "execution_id" in data
E   AssertionError: assert 'execution_id' in {'entry': {'amount_remaining': 5000.0, 'created_at': '2026-02-03T11:42:16.126573+00:00', 'created_by': 'test-user-1768140463239', 'created_by_name': 'Thaha Pakayil', ...}, 'success': True}</failure></testcase><testcase classname="backend.tests.test_gst_purchase_invoices.TestPurchaseInvoiceWithoutGST" name="test_get_invoice_without_gst" time="0.001"><failure message="AssertionError: No entry ID from create test&#10;assert None">backend/tests/test_gst_purchase_invoices.py:222: in test_get_invoice_without_gst
    assert entry_id, "No entry ID from create test"
E   AssertionError: No entry ID from create test
E   assert None</failure></testcase><testcase classname="backend.tests.test_gst_purchase_invoices.TestProjectGSTSettings" name="test_get_project_settings" time="0.019" /><testcase classname="backend.tests.test_gst_purchase_invoices.TestProjectGSTSettings" name="test_enable_gst_toggle" time="0.015" /><testcase classname="backend.tests.test_gst_purchase_invoices.TestProjectGSTSettings" name="test_verify_gst_settings_persisted" time="0.014"><failure message="AssertionError: Expected gst_applicable True, got None&#10;assert None == True&#10; +  where None = &lt;built-in method get of dict object at 0xf86c7fa17ac0&gt;('gst_applicable')&#10; +    where &lt;built-in method get of dict object at 0xf86c7fa17ac0&gt; = {'booked_value': 0, 'budget': None, 'client_address': None, 'client_email': None, ...}.get">backend/tests/test_gst_purchase_invoices.py:273: in test_verify_gst_settings_persisted
    assert data.get("gst_applicable") == True, f"Expected gst_applicable True, got {data.get('gst_applicable')}"
E   AssertionError: Expected gst_applicable True, got None
E   assert None == True
E    +  where None = &lt;built-in method get of dict object at 0xf86c7fa17ac0&gt;('gst_applicable')
E    +    where &lt;built-in method get of dict object at 0xf86c7fa17ac0&gt; = {'booked_value': 0, 'budget': None, 'client_address': None, 'client_email': None, ...}.get</failure></testcase><testcase classname="backend.tests.test_gst_purchase_invoices.TestProjectGSTSettings" name="test_invalid_gst_number_format" time="0.014" /><testcase classname="backend.tests.test_gst_purchase_invoices.TestProjectGSTSettings" name="test_disable_gst_toggle" time="0.032"><failure message="AssertionError: Expected gst_applicable False, got None&#10;assert None == False&#10; +  where None = &lt;built-in method get of dict object at 0xf86c7fa2a040&gt;('gst_applicable')&#10; +    where &lt;built-in method get of dict object at 0xf86c7fa2a040&gt; = {'booked_value': 0, 'budget': None, 'client_address': None, 'client_email': None, ...}.get">backend/tests/test_gst_purchase_invoices.py:305: in test_disable_gst_toggle
    assert data.get("gst_applicable") == False, f"Expected gst_applicable False, got {data.get('gst_applicable')}"
E   AssertionError: Expected gst_applicable False, got None
E   assert None == False
E    +  where None = &lt;built-in method get of dict object at 0xf86c7fa2a040&gt;('gst_applicable')
E    +    where &lt;built-in method get of dict object at 0xf86c7fa2a040&gt; = {'booked_value': 0, 'budget': None, 'client_address': None, 'client_email': None, ...}.get</failure></testcase><testcase classname="backend.tests.test_gst_purchase_invoices.TestPurchaseInvoiceGSTWithDiscount" name="test_create_invoice_with_gst_and_discount" time="0.018"><failure message="KeyError: 'execution_id'">backend/tests/test_gst_purchase_invoices.py:346: in test_create_invoice_with_gst_and_discount
    TestPurchaseInvoiceGSTWithDiscount.created_entry_id = data["execution_id"]
                                                          ^^^^^^^^^^^^^^^^^^^^
E   KeyError: 'execution_id'</failure></testcase><testcase classname="backend.tests.test_gst_purchase_invoices.TestCleanup" name="test_cleanup_test_entries" time="0.050" /></testsuite></testsuites>