<?xml version="1.0" encoding="utf-8"?><testsuites name="pytest tests"><testsuite name="pytest" errors="0" failures="0" skipped="0" tests="13" time="0.487" timestamp="2026-02-03T11:44:23.706608+00:00" hostname="agent-env-a0f1655f-e62e-4daf-ba6e-ef6b1bfed4ef"><testcase classname="backend.tests.test_gst_purchase_invoices.TestAuthVerification" name="test_auth_me" time="0.103" /><testcase classname="backend.tests.test_gst_purchase_invoices.TestPurchaseInvoiceGSTCreate" name="test_create_invoice_with_gst" time="0.016" /><testcase classname="backend.tests.test_gst_purchase_invoices.TestPurchaseInvoiceGSTCreate" name="test_get_invoice_with_gst" time="0.014" /><testcase classname="backend.tests.test_gst_purchase_invoices.TestPurchaseInvoiceGSTUpdate" name="test_update_invoice_gst_fields" time="0.018" /><testcase classname="backend.tests.test_gst_purchase_invoices.TestPurchaseInvoiceWithoutGST" name="test_create_invoice_without_gst" time="0.011" /><testcase classname="backend.tests.test_gst_purchase_invoices.TestPurchaseInvoiceWithoutGST" name="test_get_invoice_without_gst" time="0.014" /><testcase classname="backend.tests.test_gst_purchase_invoices.TestProjectGSTSettings" name="test_get_project_settings" time="0.014" /><testcase classname="backend.tests.test_gst_purchase_invoices.TestProjectGSTSettings" name="test_enable_gst_toggle" time="0.015" /><testcase classname="backend.tests.test_gst_purchase_invoices.TestProjectGSTSettings" name="test_verify_gst_settings_persisted" time="0.010" /><testcase classname="backend.tests.test_gst_purchase_invoices.TestProjectGSTSettings" name="test_invalid_gst_number_format" time="0.052" /><testcase classname="backend.tests.test_gst_purchase_invoices.TestProjectGSTSettings" name="test_disable_gst_toggle" time="0.024" /><testcase classname="backend.tests.test_gst_purchase_invoices.TestPurchaseInvoiceGSTWithDiscount" name="test_create_invoice_with_gst_and_discount" time="0.011" /><testcase classname="backend.tests.test_gst_purchase_invoices.TestCleanup" name="test_cleanup_test_entries" time="0.100" /></testsuite></testsuites>