<?xml version="1.0" encoding="utf-8"?><testsuites name="pytest tests"><testsuite name="pytest" errors="0" failures="0" skipped="0" tests="16" time="0.716" timestamp="2026-01-28T12:07:58.252610+00:00" hostname="agent-env-944b8edb-482a-49bb-a19e-686d2af2c3bd"><testcase classname="backend.tests.test_invoice_payment.TestInvoicePaymentRecording" name="test_01_login_and_get_session" time="0.068" /><testcase classname="backend.tests.test_invoice_payment.TestInvoicePaymentRecording" name="test_02_get_projects" time="0.046" /><testcase classname="backend.tests.test_invoice_payment.TestInvoicePaymentRecording" name="test_03_get_accounts" time="0.037" /><testcase classname="backend.tests.test_invoice_payment.TestInvoicePaymentRecording" name="test_04_create_credit_invoice_entry" time="0.040" /><testcase classname="backend.tests.test_invoice_payment.TestInvoicePaymentRecording" name="test_05_verify_pay_button_visible_for_unpaid" time="0.038" /><testcase classname="backend.tests.test_invoice_payment.TestInvoicePaymentRecording" name="test_06_record_partial_payment" time="0.047" /><testcase classname="backend.tests.test_invoice_payment.TestInvoicePaymentRecording" name="test_07_verify_cashbook_entry_created" time="0.041" /><testcase classname="backend.tests.test_invoice_payment.TestInvoicePaymentRecording" name="test_08_verify_liability_created_for_credit_purchase" time="0.036" /><testcase classname="backend.tests.test_invoice_payment.TestInvoicePaymentRecording" name="test_09_verify_invoice_payment_status_partial" time="0.036" /><testcase classname="backend.tests.test_invoice_payment.TestInvoicePaymentRecording" name="test_10_record_second_payment_to_fully_pay" time="0.040" /><testcase classname="backend.tests.test_invoice_payment.TestInvoicePaymentRecording" name="test_11_verify_invoice_fully_paid" time="0.038" /><testcase classname="backend.tests.test_invoice_payment.TestInvoicePaymentRecording" name="test_12_verify_liability_closed" time="0.037" /><testcase classname="backend.tests.test_invoice_payment.TestInvoicePaymentRecording" name="test_13_cannot_overpay_invoice" time="0.035" /><testcase classname="backend.tests.test_invoice_payment.TestInvoicePaymentRecording" name="test_14_delete_blocked_for_invoice_with_payments" time="0.039" /><testcase classname="backend.tests.test_invoice_payment.TestInvoicePaymentRecording" name="test_15_payment_status_filter" time="0.044" /><testcase classname="backend.tests.test_invoice_payment.TestInvoicePaymentRecording" name="test_16_cleanup_test_data" time="0.001" /></testsuite></testsuites>