<?xml version="1.0" encoding="utf-8"?><testsuites name="pytest tests"><testsuite name="pytest" errors="0" failures="0" skipped="0" tests="24" time="2.919" timestamp="2026-02-20T09:27:18.279330+00:00" hostname="agent-env-ca0cfdda-1ef7-4851-8909-e0db1a8eec09"><testcase classname="backend.tests.test_journal_entry.TestJournalEntryAuth" name="test_unauthenticated_access_returns_401" time="0.224" /><testcase classname="backend.tests.test_journal_entry.TestJournalEntryAuth" name="test_founder_can_access_journal_entries" time="0.198" /><testcase classname="backend.tests.test_journal_entry.TestJournalEntryAuth" name="test_admin_can_access_journal_entries" time="0.161" /><testcase classname="backend.tests.test_journal_entry.TestJournalEntryList" name="test_list_returns_correct_structure" time="0.186" /><testcase classname="backend.tests.test_journal_entry.TestJournalEntryList" name="test_pagination_works" time="0.062" /><testcase classname="backend.tests.test_journal_entry.TestJournalEntryList" name="test_status_filter_posted" time="0.058" /><testcase classname="backend.tests.test_journal_entry.TestJournalEntryList" name="test_status_filter_reversed" time="0.060" /><testcase classname="backend.tests.test_journal_entry.TestJournalEntryList" name="test_date_range_filter" time="0.064" /><testcase classname="backend.tests.test_journal_entry.TestJournalEntryList" name="test_search_filter" time="0.055" /><testcase classname="backend.tests.test_journal_entry.TestJournalEntryCreate" name="test_create_requires_date" time="0.403" /><testcase classname="backend.tests.test_journal_entry.TestJournalEntryCreate" name="test_create_requires_narration" time="0.052" /><testcase classname="backend.tests.test_journal_entry.TestJournalEntryCreate" name="test_create_requires_minimum_2_lines" time="0.052" /><testcase classname="backend.tests.test_journal_entry.TestJournalEntryCreate" name="test_create_requires_balanced_debit_credit" time="0.053" /><testcase classname="backend.tests.test_journal_entry.TestJournalEntryCreate" name="test_create_requires_at_least_one_debit_and_credit" time="0.051" /><testcase classname="backend.tests.test_journal_entry.TestJournalEntryCreate" name="test_create_valid_journal_entry" time="0.101" /><testcase classname="backend.tests.test_journal_entry.TestJournalEntryReversal" name="test_reverse_nonexistent_je_returns_404" time="0.213" /><testcase classname="backend.tests.test_journal_entry.TestJournalEntryReversal" name="test_reverse_requires_reason" time="0.156" /><testcase classname="backend.tests.test_journal_entry.TestJournalEntryReversal" name="test_reverse_valid_je" time="0.061" /><testcase classname="backend.tests.test_journal_entry.TestJournalEntryReversal" name="test_cannot_reverse_already_reversed_je" time="0.048" /><testcase classname="backend.tests.test_journal_entry.TestJournalEntryExport" name="test_export_returns_correct_structure" time="0.175" /><testcase classname="backend.tests.test_journal_entry.TestJournalEntryExport" name="test_export_with_date_filter" time="0.057" /><testcase classname="backend.tests.test_journal_entry.TestJournalEntryExport" name="test_export_with_status_filter" time="0.058" /><testcase classname="backend.tests.test_journal_entry.TestJournalEntryGetSingle" name="test_get_nonexistent_je_returns_404" time="0.152" /><testcase classname="backend.tests.test_journal_entry.TestJournalEntryGetSingle" name="test_get_existing_je" time="0.115" /></testsuite></testsuites>