<?xml version="1.0" encoding="utf-8"?><testsuites name="pytest tests"><testsuite name="pytest" errors="0" failures="0" skipped="1" tests="10" time="4.036" timestamp="2026-02-03T20:22:16.215404+00:00" hostname="agent-env-d1a4d7a7-b7db-4b3b-8f77-ce74d753fa52"><testcase classname="backend.tests.test_lead_timeline_milestone.TestLeadTimelineMilestoneFlow" name="test_new_lead_starts_at_lead_allocated_stage" time="0.336" /><testcase classname="backend.tests.test_lead_timeline_milestone.TestLeadTimelineMilestoneFlow" name="test_lead_allocated_milestone_is_auto_completed" time="0.283" /><testcase classname="backend.tests.test_lead_timeline_milestone.TestLeadTimelineMilestoneFlow" name="test_bc_call_done_milestone_is_pending_not_auto_completed" time="0.468" /><testcase classname="backend.tests.test_lead_timeline_milestone.TestLeadTimelineMilestoneFlow" name="test_first_boq_sent_has_correct_tat" time="0.507" /><testcase classname="backend.tests.test_lead_timeline_milestone.TestLeadTimelineMilestoneFlow" name="test_stage_progression_lead_allocated_to_bc_call_done" time="0.285" /><testcase classname="backend.tests.test_lead_timeline_milestone.TestLeadTimelineMilestoneFlow" name="test_stage_progression_bc_call_done_to_boq_shared" time="0.415" /><testcase classname="backend.tests.test_lead_timeline_milestone.TestLeadTimelineMilestoneFlow" name="test_timeline_shows_correct_expected_dates" time="0.321" /><testcase classname="backend.tests.test_lead_timeline_milestone.TestLeadTimelineMilestoneFlow" name="test_lead_stages_array_includes_lead_allocated" time="0.624" /><testcase classname="backend.tests.test_lead_timeline_milestone.TestLeadTimelineMilestoneFlow" name="test_existing_lead_verification" time="0.553" /><testcase classname="backend.tests.test_lead_timeline_milestone.TestPreSalesToLeadConversion" name="test_presales_to_lead_conversion_starts_at_lead_allocated" time="0.172"><skipped type="pytest.skip" message="Pre-sales creation not available: {&quot;detail&quot;:&quot;Method Not Allowed&quot;}">/app/backend/tests/test_lead_timeline_milestone.py:431: Pre-sales creation not available: {"detail":"Method Not Allowed"}</skipped></testcase></testsuite></testsuites>