<?xml version="1.0" encoding="utf-8"?><testsuites name="pytest tests"><testsuite name="pytest" errors="0" failures="0" skipped="0" tests="11" time="1.213" timestamp="2026-02-03T14:30:20.640674+00:00" hostname="agent-env-932897e7-23f8-4f4c-bf05-5206771bf9b7"><testcase classname="backend.tests.test_leads_hold_status_filter.TestLeadsHoldStatusFilter" name="test_leads_without_hold_status_filter" time="0.134" /><testcase classname="backend.tests.test_leads_hold_status_filter.TestLeadsHoldStatusFilter" name="test_leads_with_hold_status_all" time="0.066" /><testcase classname="backend.tests.test_leads_hold_status_filter.TestLeadsHoldStatusFilter" name="test_leads_with_hold_status_active" time="0.073" /><testcase classname="backend.tests.test_leads_hold_status_filter.TestLeadsHoldStatusFilter" name="test_leads_with_hold_status_hold" time="0.108" /><testcase classname="backend.tests.test_leads_hold_status_filter.TestLeadsHoldStatusFilter" name="test_leads_with_hold_status_deactivated" time="0.096" /><testcase classname="backend.tests.test_leads_hold_status_filter.TestLeadsHoldStatusFilter" name="test_hold_status_filter_counts_match" time="0.170" /><testcase classname="backend.tests.test_leads_hold_status_filter.TestLeadsHoldStatusFilter" name="test_hold_status_combined_with_other_filters" time="0.059" /><testcase classname="backend.tests.test_leads_hold_status_filter.TestLeadsHoldStatusFilter" name="test_hold_status_combined_with_sort" time="0.067" /><testcase classname="backend.tests.test_leads_hold_status_filter.TestLeadHoldStatusUpdate" name="test_put_lead_on_hold" time="0.082" /><testcase classname="backend.tests.test_leads_hold_status_filter.TestLeadHoldStatusUpdate" name="test_activate_lead_from_hold" time="0.151" /><testcase classname="backend.tests.test_leads_hold_status_filter.TestLeadHoldStatusUpdate" name="test_deactivate_lead" time="0.139" /></testsuite></testsuites>