<?xml version="1.0" encoding="utf-8"?><testsuites name="pytest tests"><testsuite name="pytest" errors="13" failures="1" skipped="0" tests="15" time="0.372" timestamp="2026-02-09T14:21:03.318115+00:00" hostname="agent-env-8b4b4e27-f783-4a4d-b930-1f044ac5762c"><testcase classname="backend.tests.test_lead_conversion.TestLeadConversion" name="test_01_login_works" time="0.086"><error message="failed on setup with &quot;AssertionError: No token in response: {'success': True, 'message': 'Login successful', 'user': {'user_id': 'test-user-1768140463239', 'email': 'thaha.pakayil@gmail.com', 'name': 'Thaha Pakayil', 'role': 'Admin', 'picture': 'https://ui-avatars.com/api/?name=Thaha+Pakayil&amp;background=2563eb&amp;color=fff', 'permissions_count': 169}}&#10;assert None&quot;">backend/tests/test_lead_conversion.py:41: in auth_token
    assert token, f"No token in response: {data}"
E   AssertionError: No token in response: {'success': True, 'message': 'Login successful', 'user': {'user_id': 'test-user-1768140463239', 'email': 'thaha.pakayil@gmail.com', 'name': 'Thaha Pakayil', 'role': 'Admin', 'picture': 'https://ui-avatars.com/api/?name=Thaha+Pakayil&amp;background=2563eb&amp;color=fff', 'permissions_count': 169}}
E   assert None</error></testcase><testcase classname="backend.tests.test_lead_conversion.TestLeadConversion" name="test_02_create_lead_for_conversion" time="0.000"><error message="failed on setup with &quot;AssertionError: No token in response: {'success': True, 'message': 'Login successful', 'user': {'user_id': 'test-user-1768140463239', 'email': 'thaha.pakayil@gmail.com', 'name': 'Thaha Pakayil', 'role': 'Admin', 'picture': 'https://ui-avatars.com/api/?name=Thaha+Pakayil&amp;background=2563eb&amp;color=fff', 'permissions_count': 169}}&#10;assert None&quot;">backend/tests/test_lead_conversion.py:41: in auth_token
    assert token, f"No token in response: {data}"
E   AssertionError: No token in response: {'success': True, 'message': 'Login successful', 'user': {'user_id': 'test-user-1768140463239', 'email': 'thaha.pakayil@gmail.com', 'name': 'Thaha Pakayil', 'role': 'Admin', 'picture': 'https://ui-avatars.com/api/?name=Thaha+Pakayil&amp;background=2563eb&amp;color=fff', 'permissions_count': 169}}
E   assert None</error></testcase><testcase classname="backend.tests.test_lead_conversion.TestLeadConversion" name="test_03_conversion_requires_booking_completed_stage" time="0.000"><error message="failed on setup with &quot;AssertionError: No token in response: {'success': True, 'message': 'Login successful', 'user': {'user_id': 'test-user-1768140463239', 'email': 'thaha.pakayil@gmail.com', 'name': 'Thaha Pakayil', 'role': 'Admin', 'picture': 'https://ui-avatars.com/api/?name=Thaha+Pakayil&amp;background=2563eb&amp;color=fff', 'permissions_count': 169}}&#10;assert None&quot;">backend/tests/test_lead_conversion.py:41: in auth_token
    assert token, f"No token in response: {data}"
E   AssertionError: No token in response: {'success': True, 'message': 'Login successful', 'user': {'user_id': 'test-user-1768140463239', 'email': 'thaha.pakayil@gmail.com', 'name': 'Thaha Pakayil', 'role': 'Admin', 'picture': 'https://ui-avatars.com/api/?name=Thaha+Pakayil&amp;background=2563eb&amp;color=fff', 'permissions_count': 169}}
E   assert None</error></testcase><testcase classname="backend.tests.test_lead_conversion.TestLeadConversion" name="test_04_progress_lead_to_booking_completed" time="0.000"><error message="failed on setup with &quot;AssertionError: No token in response: {'success': True, 'message': 'Login successful', 'user': {'user_id': 'test-user-1768140463239', 'email': 'thaha.pakayil@gmail.com', 'name': 'Thaha Pakayil', 'role': 'Admin', 'picture': 'https://ui-avatars.com/api/?name=Thaha+Pakayil&amp;background=2563eb&amp;color=fff', 'permissions_count': 169}}&#10;assert None&quot;">backend/tests/test_lead_conversion.py:41: in auth_token
    assert token, f"No token in response: {data}"
E   AssertionError: No token in response: {'success': True, 'message': 'Login successful', 'user': {'user_id': 'test-user-1768140463239', 'email': 'thaha.pakayil@gmail.com', 'name': 'Thaha Pakayil', 'role': 'Admin', 'picture': 'https://ui-avatars.com/api/?name=Thaha+Pakayil&amp;background=2563eb&amp;color=fff', 'permissions_count': 169}}
E   assert None</error></testcase><testcase classname="backend.tests.test_lead_conversion.TestLeadConversion" name="test_05_conversion_requires_payment_confirmation" time="0.000"><error message="failed on setup with &quot;AssertionError: No token in response: {'success': True, 'message': 'Login successful', 'user': {'user_id': 'test-user-1768140463239', 'email': 'thaha.pakayil@gmail.com', 'name': 'Thaha Pakayil', 'role': 'Admin', 'picture': 'https://ui-avatars.com/api/?name=Thaha+Pakayil&amp;background=2563eb&amp;color=fff', 'permissions_count': 169}}&#10;assert None&quot;">backend/tests/test_lead_conversion.py:41: in auth_token
    assert token, f"No token in response: {data}"
E   AssertionError: No token in response: {'success': True, 'message': 'Login successful', 'user': {'user_id': 'test-user-1768140463239', 'email': 'thaha.pakayil@gmail.com', 'name': 'Thaha Pakayil', 'role': 'Admin', 'picture': 'https://ui-avatars.com/api/?name=Thaha+Pakayil&amp;background=2563eb&amp;color=fff', 'permissions_count': 169}}
E   assert None</error></testcase><testcase classname="backend.tests.test_lead_conversion.TestLeadConversion" name="test_06_confirm_booking_payment" time="0.000"><error message="failed on setup with &quot;AssertionError: No token in response: {'success': True, 'message': 'Login successful', 'user': {'user_id': 'test-user-1768140463239', 'email': 'thaha.pakayil@gmail.com', 'name': 'Thaha Pakayil', 'role': 'Admin', 'picture': 'https://ui-avatars.com/api/?name=Thaha+Pakayil&amp;background=2563eb&amp;color=fff', 'permissions_count': 169}}&#10;assert None&quot;">backend/tests/test_lead_conversion.py:41: in auth_token
    assert token, f"No token in response: {data}"
E   AssertionError: No token in response: {'success': True, 'message': 'Login successful', 'user': {'user_id': 'test-user-1768140463239', 'email': 'thaha.pakayil@gmail.com', 'name': 'Thaha Pakayil', 'role': 'Admin', 'picture': 'https://ui-avatars.com/api/?name=Thaha+Pakayil&amp;background=2563eb&amp;color=fff', 'permissions_count': 169}}
E   assert None</error></testcase><testcase classname="backend.tests.test_lead_conversion.TestLeadConversion" name="test_07_convert_lead_to_project_success" time="0.000"><error message="failed on setup with &quot;AssertionError: No token in response: {'success': True, 'message': 'Login successful', 'user': {'user_id': 'test-user-1768140463239', 'email': 'thaha.pakayil@gmail.com', 'name': 'Thaha Pakayil', 'role': 'Admin', 'picture': 'https://ui-avatars.com/api/?name=Thaha+Pakayil&amp;background=2563eb&amp;color=fff', 'permissions_count': 169}}&#10;assert None&quot;">backend/tests/test_lead_conversion.py:41: in auth_token
    assert token, f"No token in response: {data}"
E   AssertionError: No token in response: {'success': True, 'message': 'Login successful', 'user': {'user_id': 'test-user-1768140463239', 'email': 'thaha.pakayil@gmail.com', 'name': 'Thaha Pakayil', 'role': 'Admin', 'picture': 'https://ui-avatars.com/api/?name=Thaha+Pakayil&amp;background=2563eb&amp;color=fff', 'permissions_count': 169}}
E   assert None</error></testcase><testcase classname="backend.tests.test_lead_conversion.TestLeadConversion" name="test_08_verify_project_created_in_database" time="0.000"><error message="failed on setup with &quot;AssertionError: No token in response: {'success': True, 'message': 'Login successful', 'user': {'user_id': 'test-user-1768140463239', 'email': 'thaha.pakayil@gmail.com', 'name': 'Thaha Pakayil', 'role': 'Admin', 'picture': 'https://ui-avatars.com/api/?name=Thaha+Pakayil&amp;background=2563eb&amp;color=fff', 'permissions_count': 169}}&#10;assert None&quot;">backend/tests/test_lead_conversion.py:41: in auth_token
    assert token, f"No token in response: {data}"
E   AssertionError: No token in response: {'success': True, 'message': 'Login successful', 'user': {'user_id': 'test-user-1768140463239', 'email': 'thaha.pakayil@gmail.com', 'name': 'Thaha Pakayil', 'role': 'Admin', 'picture': 'https://ui-avatars.com/api/?name=Thaha+Pakayil&amp;background=2563eb&amp;color=fff', 'permissions_count': 169}}
E   assert None</error></testcase><testcase classname="backend.tests.test_lead_conversion.TestLeadConversion" name="test_09_verify_lead_marked_as_converted" time="0.000"><error message="failed on setup with &quot;AssertionError: No token in response: {'success': True, 'message': 'Login successful', 'user': {'user_id': 'test-user-1768140463239', 'email': 'thaha.pakayil@gmail.com', 'name': 'Thaha Pakayil', 'role': 'Admin', 'picture': 'https://ui-avatars.com/api/?name=Thaha+Pakayil&amp;background=2563eb&amp;color=fff', 'permissions_count': 169}}&#10;assert None&quot;">backend/tests/test_lead_conversion.py:41: in auth_token
    assert token, f"No token in response: {data}"
E   AssertionError: No token in response: {'success': True, 'message': 'Login successful', 'user': {'user_id': 'test-user-1768140463239', 'email': 'thaha.pakayil@gmail.com', 'name': 'Thaha Pakayil', 'role': 'Admin', 'picture': 'https://ui-avatars.com/api/?name=Thaha+Pakayil&amp;background=2563eb&amp;color=fff', 'permissions_count': 169}}
E   assert None</error></testcase><testcase classname="backend.tests.test_lead_conversion.TestLeadConversion" name="test_10_verify_project_timeline_generated" time="0.000"><error message="failed on setup with &quot;AssertionError: No token in response: {'success': True, 'message': 'Login successful', 'user': {'user_id': 'test-user-1768140463239', 'email': 'thaha.pakayil@gmail.com', 'name': 'Thaha Pakayil', 'role': 'Admin', 'picture': 'https://ui-avatars.com/api/?name=Thaha+Pakayil&amp;background=2563eb&amp;color=fff', 'permissions_count': 169}}&#10;assert None&quot;">backend/tests/test_lead_conversion.py:41: in auth_token
    assert token, f"No token in response: {data}"
E   AssertionError: No token in response: {'success': True, 'message': 'Login successful', 'user': {'user_id': 'test-user-1768140463239', 'email': 'thaha.pakayil@gmail.com', 'name': 'Thaha Pakayil', 'role': 'Admin', 'picture': 'https://ui-avatars.com/api/?name=Thaha+Pakayil&amp;background=2563eb&amp;color=fff', 'permissions_count': 169}}
E   assert None</error></testcase><testcase classname="backend.tests.test_lead_conversion.TestLeadConversion" name="test_11_verify_project_milestones_seeded" time="0.000"><error message="failed on setup with &quot;AssertionError: No token in response: {'success': True, 'message': 'Login successful', 'user': {'user_id': 'test-user-1768140463239', 'email': 'thaha.pakayil@gmail.com', 'name': 'Thaha Pakayil', 'role': 'Admin', 'picture': 'https://ui-avatars.com/api/?name=Thaha+Pakayil&amp;background=2563eb&amp;color=fff', 'permissions_count': 169}}&#10;assert None&quot;">backend/tests/test_lead_conversion.py:41: in auth_token
    assert token, f"No token in response: {data}"
E   AssertionError: No token in response: {'success': True, 'message': 'Login successful', 'user': {'user_id': 'test-user-1768140463239', 'email': 'thaha.pakayil@gmail.com', 'name': 'Thaha Pakayil', 'role': 'Admin', 'picture': 'https://ui-avatars.com/api/?name=Thaha+Pakayil&amp;background=2563eb&amp;color=fff', 'permissions_count': 169}}
E   assert None</error></testcase><testcase classname="backend.tests.test_lead_conversion.TestLeadConversion" name="test_12_verify_cannot_convert_already_converted_lead" time="0.000"><error message="failed on setup with &quot;AssertionError: No token in response: {'success': True, 'message': 'Login successful', 'user': {'user_id': 'test-user-1768140463239', 'email': 'thaha.pakayil@gmail.com', 'name': 'Thaha Pakayil', 'role': 'Admin', 'picture': 'https://ui-avatars.com/api/?name=Thaha+Pakayil&amp;background=2563eb&amp;color=fff', 'permissions_count': 169}}&#10;assert None&quot;">backend/tests/test_lead_conversion.py:41: in auth_token
    assert token, f"No token in response: {data}"
E   AssertionError: No token in response: {'success': True, 'message': 'Login successful', 'user': {'user_id': 'test-user-1768140463239', 'email': 'thaha.pakayil@gmail.com', 'name': 'Thaha Pakayil', 'role': 'Admin', 'picture': 'https://ui-avatars.com/api/?name=Thaha+Pakayil&amp;background=2563eb&amp;color=fff', 'permissions_count': 169}}
E   assert None</error></testcase><testcase classname="backend.tests.test_lead_conversion.TestLeadConversion" name="test_13_verify_timeline_intelligence_endpoint_renamed" time="0.000"><error message="failed on setup with &quot;AssertionError: No token in response: {'success': True, 'message': 'Login successful', 'user': {'user_id': 'test-user-1768140463239', 'email': 'thaha.pakayil@gmail.com', 'name': 'Thaha Pakayil', 'role': 'Admin', 'picture': 'https://ui-avatars.com/api/?name=Thaha+Pakayil&amp;background=2563eb&amp;color=fff', 'permissions_count': 169}}&#10;assert None&quot;">backend/tests/test_lead_conversion.py:41: in auth_token
    assert token, f"No token in response: {data}"
E   AssertionError: No token in response: {'success': True, 'message': 'Login successful', 'user': {'user_id': 'test-user-1768140463239', 'email': 'thaha.pakayil@gmail.com', 'name': 'Thaha Pakayil', 'role': 'Admin', 'picture': 'https://ui-avatars.com/api/?name=Thaha+Pakayil&amp;background=2563eb&amp;color=fff', 'permissions_count': 169}}
E   assert None</error></testcase><testcase classname="backend.tests.test_lead_conversion.TestLeadConversionEdgeCases" name="test_convert_nonexistent_lead" time="0.088"><failure message="AssertionError: Expected 404, got 401&#10;assert 401 == 404&#10; +  where 401 = &lt;Response [401]&gt;.status_code">backend/tests/test_lead_conversion.py:490: in test_convert_nonexistent_lead
    assert response.status_code == 404, f"Expected 404, got {response.status_code}"
E   AssertionError: Expected 404, got 401
E   assert 401 == 404
E    +  where 401 = &lt;Response [401]&gt;.status_code</failure></testcase><testcase classname="backend.tests.test_lead_conversion.TestLeadConversionEdgeCases" name="test_convert_without_auth" time="0.041" /></testsuite></testsuites>