<?xml version="1.0" encoding="utf-8"?><testsuites name="pytest tests"><testsuite name="pytest" errors="0" failures="0" skipped="0" tests="17" time="0.833" timestamp="2026-02-09T14:23:43.244339+00:00" hostname="agent-env-8b4b4e27-f783-4a4d-b930-1f044ac5762c"><testcase classname="backend.tests.test_lead_conversion.TestLeadConversion" name="test_01_login_works" time="0.116" /><testcase classname="backend.tests.test_lead_conversion.TestLeadConversion" name="test_02_create_lead_for_conversion" time="0.015" /><testcase classname="backend.tests.test_lead_conversion.TestLeadConversion" name="test_03_conversion_requires_booking_completed_stage" time="0.016" /><testcase classname="backend.tests.test_lead_conversion.TestLeadConversion" name="test_04_progress_lead_through_stages" time="0.171" /><testcase classname="backend.tests.test_lead_conversion.TestLeadConversion" name="test_05_confirm_booking_payment" time="0.076" /><testcase classname="backend.tests.test_lead_conversion.TestLeadConversion" name="test_06_progress_to_booking_completed" time="0.028" /><testcase classname="backend.tests.test_lead_conversion.TestLeadConversion" name="test_07_convert_lead_to_project_success" time="0.058" /><testcase classname="backend.tests.test_lead_conversion.TestLeadConversion" name="test_08_verify_project_created_in_database" time="0.012" /><testcase classname="backend.tests.test_lead_conversion.TestLeadConversion" name="test_09_verify_lead_marked_as_converted" time="0.012" /><testcase classname="backend.tests.test_lead_conversion.TestLeadConversion" name="test_10_verify_project_timeline_generated" time="0.013" /><testcase classname="backend.tests.test_lead_conversion.TestLeadConversion" name="test_11_verify_project_milestones_seeded" time="0.011" /><testcase classname="backend.tests.test_lead_conversion.TestLeadConversion" name="test_12_verify_cannot_convert_already_converted_lead" time="0.051" /><testcase classname="backend.tests.test_lead_conversion.TestLeadConversion" name="test_13_verify_timeline_intelligence_endpoint_renamed" time="0.013" /><testcase classname="backend.tests.test_lead_conversion.TestLeadConversionEdgeCases" name="test_convert_nonexistent_lead" time="0.056" /><testcase classname="backend.tests.test_lead_conversion.TestLeadConversionEdgeCases" name="test_convert_without_auth" time="0.045" /><testcase classname="backend.tests.test_lead_conversion.TestExistingConvertedLead" name="test_verify_existing_converted_lead" time="0.047" /><testcase classname="backend.tests.test_lead_conversion.TestExistingConvertedLead" name="test_verify_existing_project_has_timeline" time="0.014" /></testsuite></testsuites>