<?xml version="1.0" encoding="utf-8"?><testsuites name="pytest tests"><testsuite name="pytest" errors="15" failures="0" skipped="0" tests="20" time="4.341" timestamp="2026-03-05T19:32:21.858990+00:00" hostname="agent-env-fdb04f4e-8734-4f82-8504-18a6a9f28897"><testcase classname="backend.tests.test_ledger_integrity.TestLedgerIntegrity" name="test_general_ledger_accounts_endpoint_returns_200" time="0.615" /><testcase classname="backend.tests.test_ledger_integrity.TestLedgerIntegrity" name="test_party_filters_structure" time="0.405" /><testcase classname="backend.tests.test_ledger_integrity.TestLedgerIntegrity" name="test_customers_from_master_data" time="0.486" /><testcase classname="backend.tests.test_ledger_integrity.TestLedgerIntegrity" name="test_vendors_from_master_data" time="0.425" /><testcase classname="backend.tests.test_ledger_integrity.TestLedgerIntegrity" name="test_employees_from_master_data" time="0.396" /><testcase classname="backend.tests.test_ledger_integrity.TestLedgerIntegrity" name="test_general_ledger_filter_by_party_type_customer" time="0.136"><error message="failed on setup with &quot;AssertionError: Login failed: {&quot;error&quot;:&quot;Rate limit exceeded: 5 per 1 minute&quot;}&#10;assert 429 == 200&#10; +  where 429 = &lt;Response [429]&gt;.status_code&quot;">backend/tests/test_ledger_integrity.py:35: in setup
    assert login_response.status_code == 200, f"Login failed: {login_response.text}"
E   AssertionError: Login failed: {"error":"Rate limit exceeded: 5 per 1 minute"}
E   assert 429 == 200
E    +  where 429 = &lt;Response [429]&gt;.status_code</error></testcase><testcase classname="backend.tests.test_ledger_integrity.TestLedgerIntegrity" name="test_general_ledger_filter_by_party_type_vendor" time="0.110"><error message="failed on setup with &quot;AssertionError: Login failed: {&quot;error&quot;:&quot;Rate limit exceeded: 5 per 1 minute&quot;}&#10;assert 429 == 200&#10; +  where 429 = &lt;Response [429]&gt;.status_code&quot;">backend/tests/test_ledger_integrity.py:35: in setup
    assert login_response.status_code == 200, f"Login failed: {login_response.text}"
E   AssertionError: Login failed: {"error":"Rate limit exceeded: 5 per 1 minute"}
E   assert 429 == 200
E    +  where 429 = &lt;Response [429]&gt;.status_code</error></testcase><testcase classname="backend.tests.test_ledger_integrity.TestLedgerIntegrity" name="test_general_ledger_filter_by_party_type_employee" time="0.112"><error message="failed on setup with &quot;AssertionError: Login failed: {&quot;error&quot;:&quot;Rate limit exceeded: 5 per 1 minute&quot;}&#10;assert 429 == 200&#10; +  where 429 = &lt;Response [429]&gt;.status_code&quot;">backend/tests/test_ledger_integrity.py:35: in setup
    assert login_response.status_code == 200, f"Login failed: {login_response.text}"
E   AssertionError: Login failed: {"error":"Rate limit exceeded: 5 per 1 minute"}
E   assert 429 == 200
E    +  where 429 = &lt;Response [429]&gt;.status_code</error></testcase><testcase classname="backend.tests.test_ledger_integrity.TestLedgerIntegrity" name="test_general_ledger_filter_by_party_id" time="0.118"><error message="failed on setup with &quot;AssertionError: Login failed: {&quot;error&quot;:&quot;Rate limit exceeded: 5 per 1 minute&quot;}&#10;assert 429 == 200&#10; +  where 429 = &lt;Response [429]&gt;.status_code&quot;">backend/tests/test_ledger_integrity.py:35: in setup
    assert login_response.status_code == 200, f"Login failed: {login_response.text}"
E   AssertionError: Login failed: {"error":"Rate limit exceeded: 5 per 1 minute"}
E   assert 429 == 200
E    +  where 429 = &lt;Response [429]&gt;.status_code</error></testcase><testcase classname="backend.tests.test_ledger_integrity.TestLedgerIntegrity" name="test_general_ledger_filter_by_vendor_id" time="0.111"><error message="failed on setup with &quot;AssertionError: Login failed: {&quot;error&quot;:&quot;Rate limit exceeded: 5 per 1 minute&quot;}&#10;assert 429 == 200&#10; +  where 429 = &lt;Response [429]&gt;.status_code&quot;">backend/tests/test_ledger_integrity.py:35: in setup
    assert login_response.status_code == 200, f"Login failed: {login_response.text}"
E   AssertionError: Login failed: {"error":"Rate limit exceeded: 5 per 1 minute"}
E   assert 429 == 200
E    +  where 429 = &lt;Response [429]&gt;.status_code</error></testcase><testcase classname="backend.tests.test_ledger_integrity.TestLedgerIntegrity" name="test_general_ledger_filter_by_employee_id" time="0.148"><error message="failed on setup with &quot;AssertionError: Login failed: {&quot;error&quot;:&quot;Rate limit exceeded: 5 per 1 minute&quot;}&#10;assert 429 == 200&#10; +  where 429 = &lt;Response [429]&gt;.status_code&quot;">backend/tests/test_ledger_integrity.py:35: in setup
    assert login_response.status_code == 200, f"Login failed: {login_response.text}"
E   AssertionError: Login failed: {"error":"Rate limit exceeded: 5 per 1 minute"}
E   assert 429 == 200
E    +  where 429 = &lt;Response [429]&gt;.status_code</error></testcase><testcase classname="backend.tests.test_ledger_integrity.TestLedgerIntegrity" name="test_customer_ids_are_project_ids" time="0.111"><error message="failed on setup with &quot;AssertionError: Login failed: {&quot;error&quot;:&quot;Rate limit exceeded: 5 per 1 minute&quot;}&#10;assert 429 == 200&#10; +  where 429 = &lt;Response [429]&gt;.status_code&quot;">backend/tests/test_ledger_integrity.py:35: in setup
    assert login_response.status_code == 200, f"Login failed: {login_response.text}"
E   AssertionError: Login failed: {"error":"Rate limit exceeded: 5 per 1 minute"}
E   assert 429 == 200
E    +  where 429 = &lt;Response [429]&gt;.status_code</error></testcase><testcase classname="backend.tests.test_ledger_integrity.TestLedgerIntegrity" name="test_vendor_ids_are_from_finance_vendors" time="0.126"><error message="failed on setup with &quot;AssertionError: Login failed: {&quot;error&quot;:&quot;Rate limit exceeded: 5 per 1 minute&quot;}&#10;assert 429 == 200&#10; +  where 429 = &lt;Response [429]&gt;.status_code&quot;">backend/tests/test_ledger_integrity.py:35: in setup
    assert login_response.status_code == 200, f"Login failed: {login_response.text}"
E   AssertionError: Login failed: {"error":"Rate limit exceeded: 5 per 1 minute"}
E   assert 429 == 200
E    +  where 429 = &lt;Response [429]&gt;.status_code</error></testcase><testcase classname="backend.tests.test_ledger_integrity.TestLedgerIntegrity" name="test_employee_ids_are_user_ids" time="0.098"><error message="failed on setup with &quot;AssertionError: Login failed: {&quot;error&quot;:&quot;Rate limit exceeded: 5 per 1 minute&quot;}&#10;assert 429 == 200&#10; +  where 429 = &lt;Response [429]&gt;.status_code&quot;">backend/tests/test_ledger_integrity.py:35: in setup
    assert login_response.status_code == 200, f"Login failed: {login_response.text}"
E   AssertionError: Login failed: {"error":"Rate limit exceeded: 5 per 1 minute"}
E   assert 429 == 200
E    +  where 429 = &lt;Response [429]&gt;.status_code</error></testcase><testcase classname="backend.tests.test_ledger_integrity.TestLedgerIntegrity" name="test_no_duplicate_customers" time="0.114"><error message="failed on setup with &quot;AssertionError: Login failed: {&quot;error&quot;:&quot;Rate limit exceeded: 5 per 1 minute&quot;}&#10;assert 429 == 200&#10; +  where 429 = &lt;Response [429]&gt;.status_code&quot;">backend/tests/test_ledger_integrity.py:35: in setup
    assert login_response.status_code == 200, f"Login failed: {login_response.text}"
E   AssertionError: Login failed: {"error":"Rate limit exceeded: 5 per 1 minute"}
E   assert 429 == 200
E    +  where 429 = &lt;Response [429]&gt;.status_code</error></testcase><testcase classname="backend.tests.test_ledger_integrity.TestLedgerIntegrity" name="test_no_duplicate_vendors" time="0.123"><error message="failed on setup with &quot;AssertionError: Login failed: {&quot;error&quot;:&quot;Rate limit exceeded: 5 per 1 minute&quot;}&#10;assert 429 == 200&#10; +  where 429 = &lt;Response [429]&gt;.status_code&quot;">backend/tests/test_ledger_integrity.py:35: in setup
    assert login_response.status_code == 200, f"Login failed: {login_response.text}"
E   AssertionError: Login failed: {"error":"Rate limit exceeded: 5 per 1 minute"}
E   assert 429 == 200
E    +  where 429 = &lt;Response [429]&gt;.status_code</error></testcase><testcase classname="backend.tests.test_ledger_integrity.TestLedgerIntegrity" name="test_no_duplicate_employees" time="0.135"><error message="failed on setup with &quot;AssertionError: Login failed: {&quot;error&quot;:&quot;Rate limit exceeded: 5 per 1 minute&quot;}&#10;assert 429 == 200&#10; +  where 429 = &lt;Response [429]&gt;.status_code&quot;">backend/tests/test_ledger_integrity.py:35: in setup
    assert login_response.status_code == 200, f"Login failed: {login_response.text}"
E   AssertionError: Login failed: {"error":"Rate limit exceeded: 5 per 1 minute"}
E   assert 429 == 200
E    +  where 429 = &lt;Response [429]&gt;.status_code</error></testcase><testcase classname="backend.tests.test_ledger_integrity.TestMasterDataCounts" name="test_expected_customer_count" time="0.115"><error message="failed on setup with &quot;AssertionError: Login failed: {&quot;error&quot;:&quot;Rate limit exceeded: 5 per 1 minute&quot;}&#10;assert 429 == 200&#10; +  where 429 = &lt;Response [429]&gt;.status_code&quot;">backend/tests/test_ledger_integrity.py:392: in setup
    assert login_response.status_code == 200, f"Login failed: {login_response.text}"
E   AssertionError: Login failed: {"error":"Rate limit exceeded: 5 per 1 minute"}
E   assert 429 == 200
E    +  where 429 = &lt;Response [429]&gt;.status_code</error></testcase><testcase classname="backend.tests.test_ledger_integrity.TestMasterDataCounts" name="test_expected_vendor_count" time="0.154"><error message="failed on setup with &quot;AssertionError: Login failed: {&quot;error&quot;:&quot;Rate limit exceeded: 5 per 1 minute&quot;}&#10;assert 429 == 200&#10; +  where 429 = &lt;Response [429]&gt;.status_code&quot;">backend/tests/test_ledger_integrity.py:392: in setup
    assert login_response.status_code == 200, f"Login failed: {login_response.text}"
E   AssertionError: Login failed: {"error":"Rate limit exceeded: 5 per 1 minute"}
E   assert 429 == 200
E    +  where 429 = &lt;Response [429]&gt;.status_code</error></testcase><testcase classname="backend.tests.test_ledger_integrity.TestMasterDataCounts" name="test_expected_employee_count" time="0.119"><error message="failed on setup with &quot;AssertionError: Login failed: {&quot;error&quot;:&quot;Rate limit exceeded: 5 per 1 minute&quot;}&#10;assert 429 == 200&#10; +  where 429 = &lt;Response [429]&gt;.status_code&quot;">backend/tests/test_ledger_integrity.py:392: in setup
    assert login_response.status_code == 200, f"Login failed: {login_response.text}"
E   AssertionError: Login failed: {"error":"Rate limit exceeded: 5 per 1 minute"}
E   assert 429 == 200
E    +  where 429 = &lt;Response [429]&gt;.status_code</error></testcase></testsuite></testsuites>