<?xml version="1.0" encoding="utf-8"?><testsuites name="pytest tests"><testsuite name="pytest" errors="0" failures="0" skipped="0" tests="20" time="2.201" timestamp="2026-03-05T19:34:31.856565+00:00" hostname="agent-env-fdb04f4e-8734-4f82-8504-18a6a9f28897"><testcase classname="backend.tests.test_ledger_integrity.TestLedgerIntegrity" name="test_general_ledger_accounts_endpoint_returns_200" time="0.567" /><testcase classname="backend.tests.test_ledger_integrity.TestLedgerIntegrity" name="test_party_filters_structure" time="0.062" /><testcase classname="backend.tests.test_ledger_integrity.TestLedgerIntegrity" name="test_customers_from_master_data" time="0.068" /><testcase classname="backend.tests.test_ledger_integrity.TestLedgerIntegrity" name="test_vendors_from_master_data" time="0.067" /><testcase classname="backend.tests.test_ledger_integrity.TestLedgerIntegrity" name="test_employees_from_master_data" time="0.059" /><testcase classname="backend.tests.test_ledger_integrity.TestLedgerIntegrity" name="test_general_ledger_filter_by_party_type_customer" time="0.076" /><testcase classname="backend.tests.test_ledger_integrity.TestLedgerIntegrity" name="test_general_ledger_filter_by_party_type_vendor" time="0.072" /><testcase classname="backend.tests.test_ledger_integrity.TestLedgerIntegrity" name="test_general_ledger_filter_by_party_type_employee" time="0.071" /><testcase classname="backend.tests.test_ledger_integrity.TestLedgerIntegrity" name="test_general_ledger_filter_by_party_id" time="0.142" /><testcase classname="backend.tests.test_ledger_integrity.TestLedgerIntegrity" name="test_general_ledger_filter_by_vendor_id" time="0.186" /><testcase classname="backend.tests.test_ledger_integrity.TestLedgerIntegrity" name="test_general_ledger_filter_by_employee_id" time="0.148" /><testcase classname="backend.tests.test_ledger_integrity.TestLedgerIntegrity" name="test_customer_ids_are_project_ids" time="0.074" /><testcase classname="backend.tests.test_ledger_integrity.TestLedgerIntegrity" name="test_vendor_ids_are_from_finance_vendors" time="0.063" /><testcase classname="backend.tests.test_ledger_integrity.TestLedgerIntegrity" name="test_employee_ids_are_user_ids" time="0.071" /><testcase classname="backend.tests.test_ledger_integrity.TestLedgerIntegrity" name="test_no_duplicate_customers" time="0.069" /><testcase classname="backend.tests.test_ledger_integrity.TestLedgerIntegrity" name="test_no_duplicate_vendors" time="0.062" /><testcase classname="backend.tests.test_ledger_integrity.TestLedgerIntegrity" name="test_no_duplicate_employees" time="0.068" /><testcase classname="backend.tests.test_ledger_integrity.TestMasterDataCounts" name="test_expected_customer_count" time="0.058" /><testcase classname="backend.tests.test_ledger_integrity.TestMasterDataCounts" name="test_expected_vendor_count" time="0.061" /><testcase classname="backend.tests.test_ledger_integrity.TestMasterDataCounts" name="test_expected_employee_count" time="0.067" /></testsuite></testsuites>