<?xml version="1.0" encoding="utf-8"?><testsuites name="pytest tests"><testsuite name="pytest" errors="0" failures="0" skipped="0" tests="15" time="0.863" timestamp="2026-02-06T13:45:32.467390+00:00" hostname="agent-env-8b4b4e27-f783-4a4d-b930-1f044ac5762c"><testcase classname="backend.tests.test_p2_date_profitability_fixes.TestP2ProfitabilityReportPurchaseRefunds" name="test_profitability_report_endpoint_accessible" time="0.117" /><testcase classname="backend.tests.test_p2_date_profitability_fixes.TestP2ProfitabilityReportPurchaseRefunds" name="test_profitability_report_summary_has_purchase_refunds_field" time="0.085" /><testcase classname="backend.tests.test_p2_date_profitability_fixes.TestP2ProfitabilityReportPurchaseRefunds" name="test_profitability_report_summary_has_total_net_cost_field" time="0.073" /><testcase classname="backend.tests.test_p2_date_profitability_fixes.TestP2ProfitabilityReportPurchaseRefunds" name="test_profitability_report_projects_have_purchase_refunds_field" time="0.084" /><testcase classname="backend.tests.test_p2_date_profitability_fixes.TestP2ProfitabilityReportPurchaseRefunds" name="test_profitability_report_projects_have_net_actual_cost_field" time="0.083" /><testcase classname="backend.tests.test_p2_date_profitability_fixes.TestP2ProfitabilityReportPurchaseRefunds" name="test_net_actual_cost_calculation_correct" time="0.101" /><testcase classname="backend.tests.test_p2_date_profitability_fixes.TestP2ProfitabilityReportPurchaseRefunds" name="test_summary_total_net_cost_calculation_correct" time="0.083" /><testcase classname="backend.tests.test_p2_date_profitability_fixes.TestP2ProfitabilityReportPurchaseRefunds" name="test_profitability_report_filters_work" time="0.087" /><testcase classname="backend.tests.test_p2_date_profitability_fixes.TestP2ProfitabilityReportPurchaseRefunds" name="test_profitability_report_sort_by_net_actual_cost" time="0.082" /><testcase classname="backend.tests.test_p2_date_profitability_fixes.TestP2DateUtilityFunctions" name="test_frontend_date_utilities_exist" time="0.000" /><testcase classname="backend.tests.test_p2_date_profitability_fixes.TestP2DateUtilityFunctions" name="test_cashbook_uses_local_date" time="0.001" /><testcase classname="backend.tests.test_p2_date_profitability_fixes.TestP2DateUtilityFunctions" name="test_daily_closing_uses_local_date" time="0.000" /><testcase classname="backend.tests.test_p2_date_profitability_fixes.TestP2DateUtilityFunctions" name="test_local_date_function_implementation" time="0.000" /><testcase classname="backend.tests.test_p2_date_profitability_fixes.TestP2ProjectProfitabilityReportUI" name="test_profitability_report_shows_net_cost_column" time="0.000" /><testcase classname="backend.tests.test_p2_date_profitability_fixes.TestP2ProjectProfitabilityReportUI" name="test_profitability_report_shows_refund_indicator" time="0.000" /></testsuite></testsuites>