<?xml version="1.0" encoding="utf-8"?><testsuites name="pytest tests"><testsuite name="pytest" errors="0" failures="0" skipped="0" tests="16" time="1.702" timestamp="2026-02-20T12:23:53.356836+00:00" hostname="agent-env-35e9f018-ccbe-4d85-89fa-0eabf7195194"><testcase classname="backend.tests.test_party_subledger.TestPartySubledgerAuth" name="test_party_accounts_requires_auth" time="0.251" /><testcase classname="backend.tests.test_party_subledger.TestPartySubledgerAuth" name="test_outstanding_summary_requires_auth" time="0.120" /><testcase classname="backend.tests.test_party_subledger.TestPartySubledgerAuth" name="test_party_detail_requires_auth" time="0.151" /><testcase classname="backend.tests.test_party_subledger.TestPartySubledgerAccounts" name="test_list_all_party_accounts" time="0.177" /><testcase classname="backend.tests.test_party_subledger.TestPartySubledgerAccounts" name="test_filter_by_vendor_type" time="0.060" /><testcase classname="backend.tests.test_party_subledger.TestPartySubledgerAccounts" name="test_filter_by_customer_type" time="0.054" /><testcase classname="backend.tests.test_party_subledger.TestPartySubledgerAccounts" name="test_filter_by_employee_type" time="0.074" /><testcase classname="backend.tests.test_party_subledger.TestPartySubledgerAccounts" name="test_include_control_accounts" time="0.100" /><testcase classname="backend.tests.test_party_subledger.TestPartySubledgerAccounts" name="test_account_structure" time="0.067" /><testcase classname="backend.tests.test_party_subledger.TestPartySubledgerDetail" name="test_get_party_account_detail" time="0.148" /><testcase classname="backend.tests.test_party_subledger.TestPartySubledgerDetail" name="test_get_nonexistent_account_returns_404" time="0.062" /><testcase classname="backend.tests.test_party_subledger.TestOutstandingSummary" name="test_outstanding_summary_structure" time="0.054" /><testcase classname="backend.tests.test_party_subledger.TestGeneralLedgerIntegration" name="test_general_ledger_accounts_includes_parties" time="0.061" /><testcase classname="backend.tests.test_party_subledger.TestGeneralLedgerIntegration" name="test_general_ledger_with_party_account" time="0.113" /><testcase classname="backend.tests.test_party_subledger.TestMigrationEndpoint" name="test_migration_endpoint_exists" time="0.089" /><testcase classname="backend.tests.test_party_subledger.TestTrialBalanceIntegration" name="test_trial_balance_includes_party_accounts" time="0.065" /></testsuite></testsuites>