<?xml version="1.0" encoding="utf-8"?><testsuites name="pytest tests"><testsuite name="pytest" errors="0" failures="0" skipped="0" tests="25" time="5.952" timestamp="2026-03-15T08:36:29.068374+00:00" hostname="agent-env-fa6a8550-9d26-433e-9d5d-9cb14f5626e6"><testcase classname="backend.tests.test_permission_system_audit.TestFounderLogin" name="test_founder_login_returns_200" time="0.364" /><testcase classname="backend.tests.test_permission_system_audit.TestFounderLogin" name="test_founder_login_returns_correct_permission_count" time="0.050" /><testcase classname="backend.tests.test_permission_system_audit.TestFounderLogin" name="test_founder_login_returns_founder_role" time="0.051" /><testcase classname="backend.tests.test_permission_system_audit.TestFounderLogin" name="test_founder_auth_me_returns_is_founder_true" time="0.047" /><testcase classname="backend.tests.test_permission_system_audit.TestAdminLogin" name="test_admin_login_returns_200" time="1.325" /><testcase classname="backend.tests.test_permission_system_audit.TestAdminLogin" name="test_admin_login_returns_correct_permission_count" time="0.056" /><testcase classname="backend.tests.test_permission_system_audit.TestAdminLogin" name="test_admin_login_returns_admin_role" time="0.049" /><testcase classname="backend.tests.test_permission_system_audit.TestFounderPermissionUpdates" name="test_founder_can_view_any_user_permissions" time="0.146" /><testcase classname="backend.tests.test_permission_system_audit.TestFounderPermissionUpdates" name="test_founder_can_update_designer_permissions" time="0.175" /><testcase classname="backend.tests.test_permission_system_audit.TestFounderPermissionUpdates" name="test_founder_can_modify_admin_permissions" time="0.158" /><testcase classname="backend.tests.test_permission_system_audit.TestFounderPermissionUpdates" name="test_founder_can_reset_admin_permissions" time="0.050" /><testcase classname="backend.tests.test_permission_system_audit.TestAdminPermissionRestrictions" name="test_admin_can_update_non_admin_user_permissions" time="0.170" /><testcase classname="backend.tests.test_permission_system_audit.TestAdminPermissionRestrictions" name="test_admin_cannot_remove_founder_permissions" time="0.104" /><testcase classname="backend.tests.test_permission_system_audit.TestAdminPermissionRestrictions" name="test_admin_cannot_modify_another_admin_permissions" time="0.123" /><testcase classname="backend.tests.test_permission_system_audit.TestAdminPermissionRestrictions" name="test_admin_cannot_reset_founder_permissions" time="0.054" /><testcase classname="backend.tests.test_permission_system_audit.TestAdminPermissionRestrictions" name="test_admin_cannot_reset_another_admin_permissions" time="0.052" /><testcase classname="backend.tests.test_permission_system_audit.TestPermissionAutoRepair" name="test_admin_with_reduced_permissions_gets_full_on_login" time="0.056" /><testcase classname="backend.tests.test_permission_system_audit.TestSystemAdminLogin" name="test_system_admin_login_returns_200" time="2.350" /><testcase classname="backend.tests.test_permission_system_audit.TestSystemAdminLogin" name="test_system_admin_has_admin_role" time="0.052" /><testcase classname="backend.tests.test_permission_system_audit.TestPermissionBypassLogic" name="test_founder_can_access_admin_only_endpoints" time="0.060" /><testcase classname="backend.tests.test_permission_system_audit.TestPermissionBypassLogic" name="test_founder_can_access_finance_endpoints" time="0.103" /><testcase classname="backend.tests.test_permission_system_audit.TestPermissionBypassLogic" name="test_founder_can_access_founder_dashboard" time="0.057" /><testcase classname="backend.tests.test_permission_system_audit.TestAdminBypassLogic" name="test_admin_can_access_admin_endpoints" time="0.054" /><testcase classname="backend.tests.test_permission_system_audit.TestAdminBypassLogic" name="test_admin_can_access_finance_endpoints" time="0.108" /><testcase classname="backend.tests.test_permission_system_audit.TestAdminBypassLogic" name="test_admin_can_manage_users" time="0.063" /></testsuite></testsuites>