<?xml version="1.0" encoding="utf-8"?><testsuites name="pytest tests"><testsuite name="pytest" errors="0" failures="3" skipped="0" tests="25" time="5.900" timestamp="2026-03-15T08:35:08.399991+00:00" hostname="agent-env-fa6a8550-9d26-433e-9d5d-9cb14f5626e6"><testcase classname="backend.tests.test_permission_system_audit.TestFounderLogin" name="test_founder_login_returns_200" time="0.381" /><testcase classname="backend.tests.test_permission_system_audit.TestFounderLogin" name="test_founder_login_returns_correct_permission_count" time="0.048" /><testcase classname="backend.tests.test_permission_system_audit.TestFounderLogin" name="test_founder_login_returns_founder_role" time="0.057" /><testcase classname="backend.tests.test_permission_system_audit.TestFounderLogin" name="test_founder_auth_me_returns_is_founder_true" time="0.047" /><testcase classname="backend.tests.test_permission_system_audit.TestAdminLogin" name="test_admin_login_returns_200" time="1.325" /><testcase classname="backend.tests.test_permission_system_audit.TestAdminLogin" name="test_admin_login_returns_correct_permission_count" time="0.054" /><testcase classname="backend.tests.test_permission_system_audit.TestAdminLogin" name="test_admin_login_returns_admin_role" time="0.061" /><testcase classname="backend.tests.test_permission_system_audit.TestFounderPermissionUpdates" name="test_founder_can_view_any_user_permissions" time="0.143" /><testcase classname="backend.tests.test_permission_system_audit.TestFounderPermissionUpdates" name="test_founder_can_update_designer_permissions" time="0.168" /><testcase classname="backend.tests.test_permission_system_audit.TestFounderPermissionUpdates" name="test_founder_can_modify_admin_permissions" time="0.114"><failure message="AssertionError: Founder should be able to modify Admin permissions: {&quot;detail&quot;:&quot;Invalid permissions: ['design.view_queue', 'production.manage', 'projects.create', 'admin.view_settings', 'design.approve', 'design.review', 'vendors.create', 'users.delete', 'projects.delete', 'finance.expense_requests.view', 'finance.edit_project_finance', 'finance.daily_closing.close', 'reports.export', 'production.update', 'inventory.view', 'vendors.edit', 'production.view', 'finance.expense_requests.approve', 'admin.edit_settings', 'admin.roles', 'design.reject', 'users.create', 'finance.salary.process', 'projects.assign', 'design.submissions.view', 'users.manage_permissions', 'calendar.create', 'inventory.manage', 'admin.settings', 'users.edit', 'users.view', 'finance.salary.view', 'finance.receipts.edit', 'vendors.view', 'calendar.view', 'admin.audit_trail', 'design.queue.view', 'reports.view', 'calendar.update', 'finance.trial_balance.view', 'finance.expense_requests.record', 'finance.expense_requests.create']&quot;}&#10;assert 400 == 200&#10; +  where 400 = &lt;Response [400]&gt;.status_code">backend/tests/test_permission_system_audit.py:247: in test_founder_can_modify_admin_permissions
    assert update_response.status_code == 200, \
E   AssertionError: Founder should be able to modify Admin permissions: {"detail":"Invalid permissions: ['design.view_queue', 'production.manage', 'projects.create', 'admin.view_settings', 'design.approve', 'design.review', 'vendors.create', 'users.delete', 'projects.delete', 'finance.expense_requests.view', 'finance.edit_project_finance', 'finance.daily_closing.close', 'reports.export', 'production.update', 'inventory.view', 'vendors.edit', 'production.view', 'finance.expense_requests.approve', 'admin.edit_settings', 'admin.roles', 'design.reject', 'users.create', 'finance.salary.process', 'projects.assign', 'design.submissions.view', 'users.manage_permissions', 'calendar.create', 'inventory.manage', 'admin.settings', 'users.edit', 'users.view', 'finance.salary.view', 'finance.receipts.edit', 'vendors.view', 'calendar.view', 'admin.audit_trail', 'design.queue.view', 'reports.view', 'calendar.update', 'finance.trial_balance.view', 'finance.expense_requests.record', 'finance.expense_requests.create']"}
E   assert 400 == 200
E    +  where 400 = &lt;Response [400]&gt;.status_code</failure></testcase><testcase classname="backend.tests.test_permission_system_audit.TestFounderPermissionUpdates" name="test_founder_can_reset_admin_permissions" time="0.050" /><testcase classname="backend.tests.test_permission_system_audit.TestAdminPermissionRestrictions" name="test_admin_can_update_non_admin_user_permissions" time="0.174" /><testcase classname="backend.tests.test_permission_system_audit.TestAdminPermissionRestrictions" name="test_admin_cannot_remove_founder_permissions" time="0.111" /><testcase classname="backend.tests.test_permission_system_audit.TestAdminPermissionRestrictions" name="test_admin_cannot_modify_another_admin_permissions" time="0.145" /><testcase classname="backend.tests.test_permission_system_audit.TestAdminPermissionRestrictions" name="test_admin_cannot_reset_founder_permissions" time="0.049" /><testcase classname="backend.tests.test_permission_system_audit.TestAdminPermissionRestrictions" name="test_admin_cannot_reset_another_admin_permissions" time="0.058" /><testcase classname="backend.tests.test_permission_system_audit.TestPermissionAutoRepair" name="test_admin_with_reduced_permissions_gets_full_on_login" time="0.049" /><testcase classname="backend.tests.test_permission_system_audit.TestSystemAdminLogin" name="test_system_admin_login_returns_200" time="2.382" /><testcase classname="backend.tests.test_permission_system_audit.TestSystemAdminLogin" name="test_system_admin_has_admin_role" time="0.050" /><testcase classname="backend.tests.test_permission_system_audit.TestPermissionBypassLogic" name="test_founder_can_access_admin_only_endpoints" time="0.052" /><testcase classname="backend.tests.test_permission_system_audit.TestPermissionBypassLogic" name="test_founder_can_access_finance_endpoints" time="0.044"><failure message="AssertionError: Founder should have access to finance endpoints: {&quot;detail&quot;:&quot;Not Found&quot;}&#10;assert 404 == 200&#10; +  where 404 = &lt;Response [404]&gt;.status_code">backend/tests/test_permission_system_audit.py:413: in test_founder_can_access_finance_endpoints
    assert response.status_code == 200, \
E   AssertionError: Founder should have access to finance endpoints: {"detail":"Not Found"}
E   assert 404 == 200
E    +  where 404 = &lt;Response [404]&gt;.status_code</failure></testcase><testcase classname="backend.tests.test_permission_system_audit.TestPermissionBypassLogic" name="test_founder_can_access_founder_dashboard" time="0.065" /><testcase classname="backend.tests.test_permission_system_audit.TestAdminBypassLogic" name="test_admin_can_access_admin_endpoints" time="0.054" /><testcase classname="backend.tests.test_permission_system_audit.TestAdminBypassLogic" name="test_admin_can_access_finance_endpoints" time="0.053"><failure message="AssertionError: Admin should have access to finance endpoints: {&quot;detail&quot;:&quot;Not Found&quot;}&#10;assert 404 == 200&#10; +  where 404 = &lt;Response [404]&gt;.status_code">backend/tests/test_permission_system_audit.py:441: in test_admin_can_access_finance_endpoints
    assert response.status_code == 200, \
E   AssertionError: Admin should have access to finance endpoints: {"detail":"Not Found"}
E   assert 404 == 200
E    +  where 404 = &lt;Response [404]&gt;.status_code</failure></testcase><testcase classname="backend.tests.test_permission_system_audit.TestAdminBypassLogic" name="test_admin_can_manage_users" time="0.067" /></testsuite></testsuites>