<?xml version="1.0" encoding="utf-8"?><testsuites name="pytest tests"><testsuite name="pytest" errors="0" failures="0" skipped="0" tests="11" time="4.183" timestamp="2026-02-17T21:44:05.893419+00:00" hostname="agent-env-165c690b-5d78-4ed7-afbf-c333858ccf0a"><testcase classname="backend.tests.test_presales_collaborators.TestPresalesCollaborators" name="test_01_get_presales_lead_exists" time="0.524" /><testcase classname="backend.tests.test_presales_collaborators.TestPresalesCollaborators" name="test_02_get_collaborators_endpoint" time="0.253" /><testcase classname="backend.tests.test_presales_collaborators.TestPresalesCollaborators" name="test_03_get_users_for_selection" time="0.328" /><testcase classname="backend.tests.test_presales_collaborators.TestPresalesCollaborators" name="test_04_add_collaborator" time="0.403" /><testcase classname="backend.tests.test_presales_collaborators.TestPresalesCollaborators" name="test_05_verify_collaborator_added" time="0.265" /><testcase classname="backend.tests.test_presales_collaborators.TestPresalesCollaborators" name="test_06_add_duplicate_collaborator_fails" time="0.418" /><testcase classname="backend.tests.test_presales_collaborators.TestPresalesCollaborators" name="test_07_remove_collaborator" time="0.357" /><testcase classname="backend.tests.test_presales_collaborators.TestPresalesCollaborators" name="test_08_verify_collaborator_removed" time="0.388" /><testcase classname="backend.tests.test_presales_collaborators.TestPresalesCollaborators" name="test_09_add_collaborator_missing_user_id" time="0.366" /><testcase classname="backend.tests.test_presales_collaborators.TestPresalesCollaborators" name="test_10_add_collaborator_invalid_user" time="0.421" /><testcase classname="backend.tests.test_presales_collaborators.TestPresalesListWithCollaboratorFilter" name="test_presales_list_returns_collaborators" time="0.397" /></testsuite></testsuites>