<?xml version="1.0" encoding="utf-8"?><testsuites name="pytest tests"><testsuite name="pytest" errors="0" failures="0" skipped="0" tests="22" time="2.733" timestamp="2026-01-31T19:24:15.054021+00:00" hostname="agent-env-6e171240-dbb5-4f0a-a95b-e356cd9b8ef2"><testcase classname="backend.tests.test_quotation_value_lifecycle.TestAuthVerification" name="test_auth_me_endpoint" time="0.454" /><testcase classname="backend.tests.test_quotation_value_lifecycle.TestLeadQuotationHistory" name="test_get_lead_with_quotation_history" time="0.043" /><testcase classname="backend.tests.test_quotation_value_lifecycle.TestLeadQuotationHistory" name="test_add_quotation_entry_tentative" time="0.043" /><testcase classname="backend.tests.test_quotation_value_lifecycle.TestLeadQuotationHistory" name="test_add_quotation_entry_revised" time="0.041" /><testcase classname="backend.tests.test_quotation_value_lifecycle.TestLeadQuotationHistory" name="test_approved_status_supersedes_previous" time="0.071" /><testcase classname="backend.tests.test_quotation_value_lifecycle.TestLeadQuotationHistory" name="test_invalid_status_rejected" time="0.038" /><testcase classname="backend.tests.test_quotation_value_lifecycle.TestProjectQuotationHistory" name="test_get_project_with_quotation_history" time="0.042" /><testcase classname="backend.tests.test_quotation_value_lifecycle.TestProjectQuotationHistory" name="test_add_project_quotation_entry" time="0.037" /><testcase classname="backend.tests.test_quotation_value_lifecycle.TestValueLifecycleCard" name="test_get_project_value_lifecycle" time="0.042" /><testcase classname="backend.tests.test_quotation_value_lifecycle.TestValueLifecycleCard" name="test_project_has_value_fields" time="0.044" /><testcase classname="backend.tests.test_quotation_value_lifecycle.TestLockContractValue" name="test_lock_already_locked_returns_error" time="0.042" /><testcase classname="backend.tests.test_quotation_value_lifecycle.TestLockContractValue" name="test_lock_contract_on_new_project" time="0.365" /><testcase classname="backend.tests.test_quotation_value_lifecycle.TestOverrideContractValue" name="test_override_contract_value" time="0.042" /><testcase classname="backend.tests.test_quotation_value_lifecycle.TestOverrideContractValue" name="test_override_requires_reason" time="0.039" /><testcase classname="backend.tests.test_quotation_value_lifecycle.TestApplyDiscount" name="test_apply_discount" time="0.080" /><testcase classname="backend.tests.test_quotation_value_lifecycle.TestApplyDiscount" name="test_discount_cannot_exceed_contract" time="0.039" /><testcase classname="backend.tests.test_quotation_value_lifecycle.TestApplyDiscount" name="test_negative_discount_rejected" time="0.041" /><testcase classname="backend.tests.test_quotation_value_lifecycle.TestNonAdminRestrictions" name="test_create_designer_session" time="0.319" /><testcase classname="backend.tests.test_quotation_value_lifecycle.TestNonAdminRestrictions" name="test_designer_cannot_override" time="0.367" /><testcase classname="backend.tests.test_quotation_value_lifecycle.TestNonAdminRestrictions" name="test_designer_cannot_apply_discount" time="0.366" /><testcase classname="backend.tests.test_quotation_value_lifecycle.TestDataPersistence" name="test_quotation_history_persisted" time="0.036" /><testcase classname="backend.tests.test_quotation_value_lifecycle.TestDataPersistence" name="test_discount_persisted" time="0.040" /></testsuite></testsuites>