<?xml version="1.0" encoding="utf-8"?><testsuites name="pytest tests"><testsuite name="pytest" errors="0" failures="0" skipped="0" tests="17" time="1.114" timestamp="2026-02-05T20:17:54.947559+00:00" hostname="agent-env-736fb7c3-7d22-467f-9b0d-66b86f665d1d"><testcase classname="backend.tests.test_review_queue.TestReviewQueueAPIs" name="test_review_queue_returns_200" time="0.097" /><testcase classname="backend.tests.test_review_queue.TestReviewQueueAPIs" name="test_review_queue_has_stats" time="0.058" /><testcase classname="backend.tests.test_review_queue.TestReviewQueueAPIs" name="test_review_queue_pending_designs_structure" time="0.060" /><testcase classname="backend.tests.test_review_queue.TestReviewQueueAPIs" name="test_review_queue_pending_timelines_structure" time="0.065" /><testcase classname="backend.tests.test_review_queue.TestReviewQueueAPIs" name="test_review_queue_upcoming_meetings_structure" time="0.051" /><testcase classname="backend.tests.test_review_queue.TestReviewQueueAPIs" name="test_review_queue_has_data_arrays" time="0.053" /><testcase classname="backend.tests.test_review_queue.TestReviewQueueAPIs" name="test_upcoming_meetings_endpoint_returns_200" time="0.049" /><testcase classname="backend.tests.test_review_queue.TestReviewQueueAPIs" name="test_upcoming_meetings_with_days_param" time="0.064" /><testcase classname="backend.tests.test_review_queue.TestReviewQueueAPIs" name="test_upcoming_meetings_urgency_categories" time="0.053" /><testcase classname="backend.tests.test_review_queue.TestReviewQueueAPIs" name="test_upcoming_meetings_all_meetings_array" time="0.050" /><testcase classname="backend.tests.test_review_queue.TestReviewQueueAPIs" name="test_overdue_reviews_endpoint_returns_200" time="0.049" /><testcase classname="backend.tests.test_review_queue.TestReviewQueueAPIs" name="test_overdue_reviews_structure" time="0.045" /><testcase classname="backend.tests.test_review_queue.TestReviewQueueAPIs" name="test_overdue_reviews_item_structure" time="0.043" /><testcase classname="backend.tests.test_review_queue.TestReviewQueueAPIs" name="test_review_queue_permission_denied_for_designer" time="0.075" /><testcase classname="backend.tests.test_review_queue.TestReviewQueueAPIs" name="test_total_action_items_calculation" time="0.079" /><testcase classname="backend.tests.test_review_queue.TestReviewQueueEmptyState" name="test_empty_queue_returns_valid_structure" time="0.052" /><testcase classname="backend.tests.test_review_queue.TestReviewQueueEmptyState" name="test_empty_overdue_returns_zero" time="0.092" /></testsuite></testsuites>