<?xml version="1.0" encoding="utf-8"?><testsuites name="pytest tests"><testsuite name="pytest" errors="0" failures="0" skipped="0" tests="17" time="1.258" timestamp="2026-02-03T19:11:05.900841+00:00" hostname="agent-env-03798f09-d8d0-4b93-bf52-903ed7ab6159"><testcase classname="backend.tests.test_role_management.TestRoleManagementAPI" name="test_get_all_roles" time="0.106" /><testcase classname="backend.tests.test_role_management.TestRoleManagementAPI" name="test_roles_have_required_fields" time="0.044" /><testcase classname="backend.tests.test_role_management.TestRoleManagementAPI" name="test_get_specific_role_builtin" time="0.043" /><testcase classname="backend.tests.test_role_management.TestRoleManagementAPI" name="test_get_nonexistent_role" time="0.042" /><testcase classname="backend.tests.test_role_management.TestRoleManagementAPI" name="test_create_custom_role" time="0.096" /><testcase classname="backend.tests.test_role_management.TestRoleManagementAPI" name="test_create_role_duplicate_id" time="0.074" /><testcase classname="backend.tests.test_role_management.TestRoleManagementAPI" name="test_create_role_builtin_id" time="0.041" /><testcase classname="backend.tests.test_role_management.TestRoleManagementAPI" name="test_create_role_invalid_permissions" time="0.041" /><testcase classname="backend.tests.test_role_management.TestRoleManagementAPI" name="test_update_custom_role" time="0.121" /><testcase classname="backend.tests.test_role_management.TestRoleManagementAPI" name="test_update_builtin_role_creates_override" time="0.082" /><testcase classname="backend.tests.test_role_management.TestRoleManagementAPI" name="test_delete_custom_role" time="0.109" /><testcase classname="backend.tests.test_role_management.TestRoleManagementAPI" name="test_delete_builtin_role_fails" time="0.039" /><testcase classname="backend.tests.test_role_management.TestRoleManagementAPI" name="test_reset_builtin_role" time="0.038" /><testcase classname="backend.tests.test_role_management.TestRoleManagementAPI" name="test_reset_nonbuiltin_role_fails" time="0.078" /><testcase classname="backend.tests.test_role_management.TestRoleManagementAPI" name="test_get_available_permissions" time="0.044" /><testcase classname="backend.tests.test_role_management.TestRoleManagementEdgeCases" name="test_create_role_empty_permissions" time="0.055" /><testcase classname="backend.tests.test_role_management.TestRoleManagementEdgeCases" name="test_update_role_partial_data" time="0.115" /></testsuite></testsuites>