<?xml version="1.0" encoding="utf-8"?><testsuites name="pytest tests"><testsuite name="pytest" errors="0" failures="0" skipped="0" tests="10" time="3.699" timestamp="2026-02-28T19:54:03.133149+00:00" hostname="agent-env-cdb80447-9bbc-4ac9-89cd-beaf73ab2fc0"><testcase classname="backend.tests.test_security_audit.Test01SecurityHeaders" name="test_security_headers_on_health_endpoint" time="0.251" /><testcase classname="backend.tests.test_security_audit.Test01SecurityHeaders" name="test_security_headers_on_protected_endpoint" time="0.104" /><testcase classname="backend.tests.test_security_audit.Test02Authentication" name="test_login_with_valid_credentials" time="0.333" /><testcase classname="backend.tests.test_security_audit.Test02Authentication" name="test_login_with_invalid_password" time="0.346" /><testcase classname="backend.tests.test_security_audit.Test02Authentication" name="test_login_with_nonexistent_user" time="0.115" /><testcase classname="backend.tests.test_security_audit.Test02Authentication" name="test_session_cookie_settings" time="0.346" /><testcase classname="backend.tests.test_security_audit.Test03RateLimiting" name="test_rate_limit_on_login_endpoint" time="1.528" /><testcase classname="backend.tests.test_security_audit.Test04APIEndpointSecurity" name="test_protected_endpoints_require_auth" time="0.331" /><testcase classname="backend.tests.test_security_audit.Test04APIEndpointSecurity" name="test_cors_headers_present" time="0.071" /><testcase classname="backend.tests.test_security_audit.Test05SecuritySummary" name="test_all_security_features_summary" time="0.210" /></testsuite></testsuites>