<?xml version="1.0" encoding="utf-8"?><testsuites name="pytest tests"><testsuite name="pytest" errors="0" failures="0" skipped="0" tests="19" time="0.611" timestamp="2026-02-11T19:31:04.477305+00:00" hostname="agent-env-8951eb1b-67d8-4113-b21b-78d78a74ecde"><testcase classname="backend.tests.test_spatial_boq.TestSpatialBOQSetup" name="test_auth_me" time="0.131" /><testcase classname="backend.tests.test_spatial_boq.TestModuleLibrary" name="test_get_module_library_returns_200" time="0.030" /><testcase classname="backend.tests.test_spatial_boq.TestModuleLibrary" name="test_module_library_has_module_types" time="0.015" /><testcase classname="backend.tests.test_spatial_boq.TestModuleLibrary" name="test_module_library_has_finish_types" time="0.019" /><testcase classname="backend.tests.test_spatial_boq.TestModuleLibrary" name="test_module_library_has_shutter_types" time="0.016" /><testcase classname="backend.tests.test_spatial_boq.TestModuleLibrary" name="test_module_types_have_required_fields" time="0.011" /><testcase classname="backend.tests.test_spatial_boq.TestModuleLibrary" name="test_module_types_include_expected_modules" time="0.011" /><testcase classname="backend.tests.test_spatial_boq.TestSpatialLayoutCRUD" name="test_create_spatial_layout" time="0.064" /><testcase classname="backend.tests.test_spatial_boq.TestSpatialLayoutCRUD" name="test_get_spatial_layouts_list" time="0.014" /><testcase classname="backend.tests.test_spatial_boq.TestSpatialLayoutCRUD" name="test_get_spatial_layouts_with_room_filter" time="0.016" /><testcase classname="backend.tests.test_spatial_boq.TestSpatialLayoutCRUD" name="test_get_spatial_layout_detail" time="0.010" /><testcase classname="backend.tests.test_spatial_boq.TestSpatialLayoutCRUD" name="test_update_spatial_layout" time="0.012" /><testcase classname="backend.tests.test_spatial_boq.TestSpatialLayoutCRUD" name="test_layout_summary_calculations" time="0.011" /><testcase classname="backend.tests.test_spatial_boq.TestBOQGeneration" name="test_generate_boq_from_layout" time="0.032" /><testcase classname="backend.tests.test_spatial_boq.TestBOQGeneration" name="test_get_modular_boqs" time="0.011" /><testcase classname="backend.tests.test_spatial_boq.TestEdgeCases" name="test_invalid_project_returns_404" time="0.039" /><testcase classname="backend.tests.test_spatial_boq.TestEdgeCases" name="test_invalid_layout_returns_404" time="0.051" /><testcase classname="backend.tests.test_spatial_boq.TestEdgeCases" name="test_generate_boq_invalid_layout_returns_404" time="0.016" /><testcase classname="backend.tests.test_spatial_boq.TestEdgeCases" name="test_create_layout_empty_walls_modules" time="0.013" /></testsuite></testsuites>