<?xml version="1.0" encoding="utf-8"?><testsuites name="pytest tests"><testsuite name="pytest" errors="0" failures="0" skipped="0" tests="18" time="0.946" timestamp="2026-02-03T20:00:16.248208+00:00" hostname="agent-env-d1a4d7a7-b7db-4b3b-8f77-ce74d753fa52"><testcase classname="backend.tests.test_timeline_adjustment.TestSetup" name="test_setup_local_admin" time="0.076" /><testcase classname="backend.tests.test_timeline_adjustment.TestSetup" name="test_admin_login" time="0.044" /><testcase classname="backend.tests.test_timeline_adjustment.TestLeadTimelineAdjustment" name="test_adjust_timeline_shift_forward" time="0.167" /><testcase classname="backend.tests.test_timeline_adjustment.TestLeadTimelineAdjustment" name="test_adjust_timeline_on_hold" time="0.012" /><testcase classname="backend.tests.test_timeline_adjustment.TestLeadTimelineAdjustment" name="test_adjust_timeline_resume" time="0.034" /><testcase classname="backend.tests.test_timeline_adjustment.TestLeadTimelineAdjustment" name="test_adjust_timeline_new_completion_date" time="0.017" /><testcase classname="backend.tests.test_timeline_adjustment.TestLeadTimelineAdjustment" name="test_get_lead_timeline_history" time="0.015" /><testcase classname="backend.tests.test_timeline_adjustment.TestLeadTimelineAdjustment" name="test_adjust_timeline_invalid_reason" time="0.052" /><testcase classname="backend.tests.test_timeline_adjustment.TestLeadTimelineAdjustment" name="test_adjust_timeline_short_remarks" time="0.013" /><testcase classname="backend.tests.test_timeline_adjustment.TestLeadTimelineAdjustment" name="test_adjust_timeline_missing_shift_days" time="0.016" /><testcase classname="backend.tests.test_timeline_adjustment.TestProjectTimelineAdjustment" name="test_adjust_project_timeline_shift_forward" time="0.039" /><testcase classname="backend.tests.test_timeline_adjustment.TestProjectTimelineAdjustment" name="test_adjust_project_timeline_on_hold" time="0.054" /><testcase classname="backend.tests.test_timeline_adjustment.TestProjectTimelineAdjustment" name="test_adjust_project_timeline_resume" time="0.070" /><testcase classname="backend.tests.test_timeline_adjustment.TestProjectTimelineAdjustment" name="test_get_project_timeline_history" time="0.021" /><testcase classname="backend.tests.test_timeline_adjustment.TestTimelineAdjustmentValidation" name="test_all_valid_reasons" time="0.152" /><testcase classname="backend.tests.test_timeline_adjustment.TestTimelineAdjustmentValidation" name="test_invalid_adjustment_type" time="0.054" /><testcase classname="backend.tests.test_timeline_adjustment.TestTimelineAdjustmentValidation" name="test_nonexistent_lead" time="0.014" /><testcase classname="backend.tests.test_timeline_adjustment.TestTimelineAdjustmentValidation" name="test_nonexistent_project" time="0.012" /></testsuite></testsuites>