<?xml version="1.0" encoding="utf-8"?><testsuites name="pytest tests"><testsuite name="pytest" errors="0" failures="3" skipped="14" tests="18" time="0.520" timestamp="2026-02-03T19:59:36.694847+00:00" hostname="agent-env-d1a4d7a7-b7db-4b3b-8f77-ce74d753fa52"><testcase classname="backend.tests.test_timeline_adjustment.TestSetup" name="test_setup_local_admin" time="0.088" /><testcase classname="backend.tests.test_timeline_adjustment.TestSetup" name="test_admin_login" time="0.044"><failure message="AssertionError: No session token in response&#10;assert 'session_token' in {'message': 'Login successful', 'success': True, 'user': {'email': 'thaha.pakayil@gmail.com', 'name': 'Thaha Pakayil', 'permissions_count': 131, 'picture': 'https://ui-avatars.com/api/?name=Thaha+Pakayil&amp;background=2563eb&amp;color=fff', ...}}">backend/tests/test_timeline_adjustment.py:41: in test_admin_login
    assert "session_token" in data, "No session token in response"
E   AssertionError: No session token in response
E   assert 'session_token' in {'message': 'Login successful', 'success': True, 'user': {'email': 'thaha.pakayil@gmail.com', 'name': 'Thaha Pakayil', 'permissions_count': 131, 'picture': 'https://ui-avatars.com/api/?name=Thaha+Pakayil&amp;background=2563eb&amp;color=fff', ...}}</failure></testcase><testcase classname="backend.tests.test_timeline_adjustment.TestLeadTimelineAdjustment" name="test_adjust_timeline_shift_forward" time="0.134"><skipped type="pytest.skip" message="Could not create or find test lead: {&quot;detail&quot;:&quot;Not authenticated&quot;}">/app/backend/tests/test_timeline_adjustment.py:120: Could not create or find test lead: {"detail":"Not authenticated"}</skipped></testcase><testcase classname="backend.tests.test_timeline_adjustment.TestLeadTimelineAdjustment" name="test_adjust_timeline_on_hold" time="0.000"><skipped type="pytest.skip" message="Could not create or find test lead: {&quot;detail&quot;:&quot;Not authenticated&quot;}">/app/backend/tests/test_timeline_adjustment.py:148: Could not create or find test lead: {"detail":"Not authenticated"}</skipped></testcase><testcase classname="backend.tests.test_timeline_adjustment.TestLeadTimelineAdjustment" name="test_adjust_timeline_resume" time="0.000"><skipped type="pytest.skip" message="Could not create or find test lead: {&quot;detail&quot;:&quot;Not authenticated&quot;}">/app/backend/tests/test_timeline_adjustment.py:172: Could not create or find test lead: {"detail":"Not authenticated"}</skipped></testcase><testcase classname="backend.tests.test_timeline_adjustment.TestLeadTimelineAdjustment" name="test_adjust_timeline_new_completion_date" time="0.000"><skipped type="pytest.skip" message="Could not create or find test lead: {&quot;detail&quot;:&quot;Not authenticated&quot;}">/app/backend/tests/test_timeline_adjustment.py:211: Could not create or find test lead: {"detail":"Not authenticated"}</skipped></testcase><testcase classname="backend.tests.test_timeline_adjustment.TestLeadTimelineAdjustment" name="test_get_lead_timeline_history" time="0.000"><skipped type="pytest.skip" message="Could not create or find test lead: {&quot;detail&quot;:&quot;Not authenticated&quot;}">/app/backend/tests/test_timeline_adjustment.py:237: Could not create or find test lead: {"detail":"Not authenticated"}</skipped></testcase><testcase classname="backend.tests.test_timeline_adjustment.TestLeadTimelineAdjustment" name="test_adjust_timeline_invalid_reason" time="0.000"><skipped type="pytest.skip" message="Could not create or find test lead: {&quot;detail&quot;:&quot;Not authenticated&quot;}">/app/backend/tests/test_timeline_adjustment.py:252: Could not create or find test lead: {"detail":"Not authenticated"}</skipped></testcase><testcase classname="backend.tests.test_timeline_adjustment.TestLeadTimelineAdjustment" name="test_adjust_timeline_short_remarks" time="0.000"><skipped type="pytest.skip" message="Could not create or find test lead: {&quot;detail&quot;:&quot;Not authenticated&quot;}">/app/backend/tests/test_timeline_adjustment.py:272: Could not create or find test lead: {"detail":"Not authenticated"}</skipped></testcase><testcase classname="backend.tests.test_timeline_adjustment.TestLeadTimelineAdjustment" name="test_adjust_timeline_missing_shift_days" time="0.000"><skipped type="pytest.skip" message="Could not create or find test lead: {&quot;detail&quot;:&quot;Not authenticated&quot;}">/app/backend/tests/test_timeline_adjustment.py:292: Could not create or find test lead: {"detail":"Not authenticated"}</skipped></testcase><testcase classname="backend.tests.test_timeline_adjustment.TestProjectTimelineAdjustment" name="test_adjust_project_timeline_shift_forward" time="0.050"><skipped type="pytest.skip" message="No projects available for testing">/app/backend/tests/test_timeline_adjustment.py:316: No projects available for testing</skipped></testcase><testcase classname="backend.tests.test_timeline_adjustment.TestProjectTimelineAdjustment" name="test_adjust_project_timeline_on_hold" time="0.000"><skipped type="pytest.skip" message="No projects available for testing">/app/backend/tests/test_timeline_adjustment.py:341: No projects available for testing</skipped></testcase><testcase classname="backend.tests.test_timeline_adjustment.TestProjectTimelineAdjustment" name="test_adjust_project_timeline_resume" time="0.000"><skipped type="pytest.skip" message="No projects available for testing">/app/backend/tests/test_timeline_adjustment.py:364: No projects available for testing</skipped></testcase><testcase classname="backend.tests.test_timeline_adjustment.TestProjectTimelineAdjustment" name="test_get_project_timeline_history" time="0.000"><skipped type="pytest.skip" message="No projects available for testing">/app/backend/tests/test_timeline_adjustment.py:403: No projects available for testing</skipped></testcase><testcase classname="backend.tests.test_timeline_adjustment.TestTimelineAdjustmentValidation" name="test_all_valid_reasons" time="0.000"><skipped type="pytest.skip" message="Could not create or find test lead: {&quot;detail&quot;:&quot;Not authenticated&quot;}">/app/backend/tests/test_timeline_adjustment.py:422: Could not create or find test lead: {"detail":"Not authenticated"}</skipped></testcase><testcase classname="backend.tests.test_timeline_adjustment.TestTimelineAdjustmentValidation" name="test_invalid_adjustment_type" time="0.000"><skipped type="pytest.skip" message="Could not create or find test lead: {&quot;detail&quot;:&quot;Not authenticated&quot;}">/app/backend/tests/test_timeline_adjustment.py:454: Could not create or find test lead: {"detail":"Not authenticated"}</skipped></testcase><testcase classname="backend.tests.test_timeline_adjustment.TestTimelineAdjustmentValidation" name="test_nonexistent_lead" time="0.051"><failure message="AssertionError: Expected 404 for nonexistent lead, got 401&#10;assert 401 == 404&#10; +  where 401 = &lt;Response [401]&gt;.status_code">backend/tests/test_timeline_adjustment.py:488: in test_nonexistent_lead
    assert response.status_code == 404, f"Expected 404 for nonexistent lead, got {response.status_code}"
E   AssertionError: Expected 404 for nonexistent lead, got 401
E   assert 401 == 404
E    +  where 401 = &lt;Response [401]&gt;.status_code</failure></testcase><testcase classname="backend.tests.test_timeline_adjustment.TestTimelineAdjustmentValidation" name="test_nonexistent_project" time="0.049"><failure message="AssertionError: Expected 404 for nonexistent project, got 401&#10;assert 401 == 404&#10; +  where 401 = &lt;Response [401]&gt;.status_code">backend/tests/test_timeline_adjustment.py:506: in test_nonexistent_project
    assert response.status_code == 404, f"Expected 404 for nonexistent project, got {response.status_code}"
E   AssertionError: Expected 404 for nonexistent project, got 401
E   assert 401 == 404
E    +  where 401 = &lt;Response [401]&gt;.status_code</failure></testcase></testsuite></testsuites>