<?xml version="1.0" encoding="utf-8"?><testsuites name="pytest tests"><testsuite name="pytest" errors="0" failures="0" skipped="0" tests="32" time="0.706" timestamp="2026-02-05T19:43:24.062765+00:00" hostname="agent-env-736fb7c3-7d22-467f-9b0d-66b86f665d1d"><testcase classname="tests.test_timeline_intelligence.TestTimelineIntelligenceEngine" name="test_timeline_config_options_returns_200" time="0.127" /><testcase classname="tests.test_timeline_intelligence.TestTimelineIntelligenceEngine" name="test_timeline_config_options_has_scope_types" time="0.010" /><testcase classname="tests.test_timeline_intelligence.TestTimelineIntelligenceEngine" name="test_timeline_config_options_has_project_tiers" time="0.011" /><testcase classname="tests.test_timeline_intelligence.TestTimelineIntelligenceEngine" name="test_timeline_config_options_has_priority_tags" time="0.010" /><testcase classname="tests.test_timeline_intelligence.TestTimelineIntelligenceEngine" name="test_timeline_config_options_has_skill_levels" time="0.009" /><testcase classname="tests.test_timeline_intelligence.TestTimelineIntelligenceEngine" name="test_get_project_timeline_returns_200" time="0.008" /><testcase classname="tests.test_timeline_intelligence.TestTimelineIntelligenceEngine" name="test_get_project_timeline_has_exists_field" time="0.012" /><testcase classname="tests.test_timeline_intelligence.TestTimelineIntelligenceEngine" name="test_get_project_timeline_has_timeline_data" time="0.009" /><testcase classname="tests.test_timeline_intelligence.TestTimelineIntelligenceEngine" name="test_get_project_timeline_has_11_milestones" time="0.009" /><testcase classname="tests.test_timeline_intelligence.TestTimelineIntelligenceEngine" name="test_get_project_timeline_milestones_structure" time="0.008" /><testcase classname="tests.test_timeline_intelligence.TestTimelineIntelligenceEngine" name="test_get_project_timeline_has_pending_approval_field" time="0.012" /><testcase classname="tests.test_timeline_intelligence.TestTimelineIntelligenceEngine" name="test_get_project_timeline_has_is_shared_field" time="0.011" /><testcase classname="tests.test_timeline_intelligence.TestTimelineIntelligenceEngine" name="test_pending_approvals_returns_200" time="0.048" /><testcase classname="tests.test_timeline_intelligence.TestTimelineIntelligenceEngine" name="test_pending_approvals_has_correct_structure" time="0.008" /><testcase classname="tests.test_timeline_intelligence.TestTimelineIntelligenceEngine" name="test_pending_approvals_timeline_structure" time="0.010" /><testcase classname="tests.test_timeline_intelligence.TestTimelineIntelligenceEngine" name="test_timeline_history_returns_200" time="0.008" /><testcase classname="tests.test_timeline_intelligence.TestTimelineIntelligenceEngine" name="test_timeline_history_has_correct_structure" time="0.008" /><testcase classname="tests.test_timeline_intelligence.TestTimelineIntelligenceEngine" name="test_timeline_history_versions_list" time="0.008" /><testcase classname="tests.test_timeline_intelligence.TestTimelineIntelligenceEngine" name="test_customer_view_api_exists" time="0.049" /><testcase classname="tests.test_timeline_intelligence.TestTimelineIntelligenceEngine" name="test_customer_view_filters_internal_milestones" time="0.008" /><testcase classname="tests.test_timeline_intelligence.TestTimelineIntelligenceEngine" name="test_sequential_override_control" time="0.009" /><testcase classname="tests.test_timeline_intelligence.TestTimelineIntelligenceEngine" name="test_timeline_review_api_exists" time="0.008" /><testcase classname="tests.test_timeline_intelligence.TestTimelineIntelligenceEngine" name="test_timeline_share_api_exists" time="0.050" /><testcase classname="tests.test_timeline_intelligence.TestTimelineIntelligenceEngine" name="test_user_has_skill_level_field" time="0.008" /><testcase classname="tests.test_timeline_intelligence.TestTimelineIntelligenceEngine" name="test_users_list_includes_skill_level" time="0.017" /><testcase classname="tests.test_timeline_intelligence.TestTimelineIntelligenceEngine" name="test_timeline_generation_requires_designer" time="0.016" /><testcase classname="tests.test_timeline_intelligence.TestTimelineIntelligenceEngine" name="test_timeline_generation_already_exists_error" time="0.059" /><testcase classname="tests.test_timeline_intelligence.TestTimelineIntelligenceEngine" name="test_timeline_has_calculation_inputs" time="0.009" /><testcase classname="tests.test_timeline_intelligence.TestTimelineIntelligenceEngine" name="test_timeline_has_internal_milestones" time="0.010" /><testcase classname="tests.test_timeline_intelligence.TestTimelineIntelligenceEngine" name="test_timeline_not_found_for_invalid_project" time="0.007" /><testcase classname="tests.test_timeline_intelligence.TestTimelineIntelligenceEngine" name="test_timeline_history_not_found_for_invalid_project" time="0.009" /><testcase classname="tests.test_timeline_intelligence.TestTimelineWorkflow" name="test_full_timeline_workflow" time="0.065" /></testsuite></testsuites>